--------------- Build Started: 04/09/2014 23:59:15 Project: USB_UART01, Configuration: DP8051 Keil 9.51 Debug ---------------
cydsfit.exe "-.appdatapath" "C:\Users\Win7_VM\AppData\Local\Cypress Semiconductor\PSoC Creator\3.0" "-.fdsnotice" "-.fdswarpdepfile=warp_dependencies.txt" "-.fdselabdepfile=elab_dependencies.txt" "-.fdsbldfile=generated_files.txt" "-p" "C:\Users\Win7_VM\Documents\PSoC Creator\Erebus_Sensor\Erebus_Sensor.cydsn\USB_UART01.cydsn\USB_UART01.cyprj" "-d" "CY8C3866AXI-040" "-s" "C:\Users\Win7_VM\Documents\PSoC Creator\Erebus_Sensor\Erebus_Sensor.cydsn\USB_UART01.cydsn\Generated_Source\PSoC3" "--" "-yv2" "-v3" "-ygs" "-q10" "-o2" "-.fftcfgtype=BE"
Elaborating Design...
HDL Generation ...
Synthesis ...
Place and Route ...
Tech mapping ...
ADD: pft.M0040: information: The following 2 pin(s) will be assigned a location by the fitter: \USBUART_1:Dm(0)\, \USBUART_1:Dp(0)\
Analog Placement ...
Analog Routing ...
Analog Code Generation ...
Digital Placement ...
Digital Routing ...
Bitstream Generation ...
Static timing analysis ...
API Generation ...
Dependency Generation ...
Clean Temporary Files ...
c51.exe .\main.c NOIV LARGE MODDP2 OMF2 VB(1) PR(.\DP8051_Keil_951\Debug\main.lst) CD DB NOIP "OT(2, Size)" "INCDIR(., .\Generated_Source\PSoC3)" OJ(.\DP8051_Keil_951\Debug\main.obj)
c51.exe .\Generated_Source\PSoC3\cyfitter_cfg.c NOIV LARGE MODDP2 OMF2 VB(1) PR(.\DP8051_Keil_951\Debug\cyfitter_cfg.lst) CD DB NOIP "OT(2, Size)" "INCDIR(., .\Generated_Source\PSoC3)" OJ(.\DP8051_Keil_951\Debug\cyfitter_cfg.obj)
c51.exe .\Generated_Source\PSoC3\USBUART_1.c NOIV LARGE MODDP2 OMF2 VB(1) PR(.\DP8051_Keil_951\Debug\USBUART_1.lst) CD DB NOIP "OT(2, Size)" "INCDIR(., .\Generated_Source\PSoC3)" OJ(.\DP8051_Keil_951\Debug\USBUART_1.obj)
c51.exe .\Generated_Source\PSoC3\USBUART_1_audio.c NOIV LARGE MODDP2 OMF2 VB(1) PR(.\DP8051_Keil_951\Debug\USBUART_1_audio.lst) CD DB NOIP "OT(2, Size)" "INCDIR(., .\Generated_Source\PSoC3)" OJ(.\DP8051_Keil_951\Debug\USBUART_1_audio.obj)
c51.exe .\Generated_Source\PSoC3\USBUART_1_boot.c NOIV LARGE MODDP2 OMF2 VB(1) PR(.\DP8051_Keil_951\Debug\USBUART_1_boot.lst) CD DB NOIP "OT(2, Size)" "INCDIR(., .\Generated_Source\PSoC3)" OJ(.\DP8051_Keil_951\Debug\USBUART_1_boot.obj)
c51.exe .\Generated_Source\PSoC3\USBUART_1_cdc.c NOIV LARGE MODDP2 OMF2 VB(1) PR(.\DP8051_Keil_951\Debug\USBUART_1_cdc.lst) CD DB NOIP "OT(2, Size)" "INCDIR(., .\Generated_Source\PSoC3)" OJ(.\DP8051_Keil_951\Debug\USBUART_1_cdc.obj)
c51.exe .\Generated_Source\PSoC3\USBUART_1_cls.c NOIV LARGE MODDP2 OMF2 VB(1) PR(.\DP8051_Keil_951\Debug\USBUART_1_cls.lst) CD DB NOIP "OT(2, Size)" "INCDIR(., .\Generated_Source\PSoC3)" OJ(.\DP8051_Keil_951\Debug\USBUART_1_cls.obj)
c51.exe .\Generated_Source\PSoC3\USBUART_1_descr.c NOIV LARGE MODDP2 OMF2 VB(1) PR(.\DP8051_Keil_951\Debug\USBUART_1_descr.lst) CD DB NOIP "OT(2, Size)" "INCDIR(., .\Generated_Source\PSoC3)" OJ(.\DP8051_Keil_951\Debug\USBUART_1_descr.obj)
c51.exe .\Generated_Source\PSoC3\USBUART_1_drv.c NOIV LARGE MODDP2 OMF2 VB(1) PR(.\DP8051_Keil_951\Debug\USBUART_1_drv.lst) CD DB NOIP "OT(2, Size)" "INCDIR(., .\Generated_Source\PSoC3)" OJ(.\DP8051_Keil_951\Debug\USBUART_1_drv.obj)
c51.exe .\Generated_Source\PSoC3\USBUART_1_episr.c NOIV LARGE MODDP2 OMF2 VB(1) PR(.\DP8051_Keil_951\Debug\USBUART_1_episr.lst) CD DB NOIP "OT(2, Size)" "INCDIR(., .\Generated_Source\PSoC3)" OJ(.\DP8051_Keil_951\Debug\USBUART_1_episr.obj)
c51.exe .\Generated_Source\PSoC3\USBUART_1_hid.c NOIV LARGE MODDP2 OMF2 VB(1) PR(.\DP8051_Keil_951\Debug\USBUART_1_hid.lst) CD DB NOIP "OT(2, Size)" "INCDIR(., .\Generated_Source\PSoC3)" OJ(.\DP8051_Keil_951\Debug\USBUART_1_hid.obj)
c51.exe .\Generated_Source\PSoC3\USBUART_1_pm.c NOIV LARGE MODDP2 OMF2 VB(1) PR(.\DP8051_Keil_951\Debug\USBUART_1_pm.lst) CD DB NOIP "OT(2, Size)" "INCDIR(., .\Generated_Source\PSoC3)" OJ(.\DP8051_Keil_951\Debug\USBUART_1_pm.obj)
c51.exe .\Generated_Source\PSoC3\USBUART_1_std.c NOIV LARGE MODDP2 OMF2 VB(1) PR(.\DP8051_Keil_951\Debug\USBUART_1_std.lst) CD DB NOIP "OT(2, Size)" "INCDIR(., .\Generated_Source\PSoC3)" OJ(.\DP8051_Keil_951\Debug\USBUART_1_std.obj)
c51.exe .\Generated_Source\PSoC3\USBUART_1_vnd.c NOIV LARGE MODDP2 OMF2 VB(1) PR(.\DP8051_Keil_951\Debug\USBUART_1_vnd.lst) CD DB NOIP "OT(2, Size)" "INCDIR(., .\Generated_Source\PSoC3)" OJ(.\DP8051_Keil_951\Debug\USBUART_1_vnd.obj)
c51.exe .\Generated_Source\PSoC3\USBUART_1_midi.c NOIV LARGE MODDP2 OMF2 VB(1) PR(.\DP8051_Keil_951\Debug\USBUART_1_midi.lst) CD DB NOIP "OT(2, Size)" "INCDIR(., .\Generated_Source\PSoC3)" OJ(.\DP8051_Keil_951\Debug\USBUART_1_midi.obj)
c51.exe .\Generated_Source\PSoC3\LCD.c NOIV LARGE MODDP2 OMF2 VB(1) PR(.\DP8051_Keil_951\Debug\LCD.lst) CD DB NOIP "OT(2, Size)" "INCDIR(., .\Generated_Source\PSoC3)" OJ(.\DP8051_Keil_951\Debug\LCD.obj)
c51.exe .\Generated_Source\PSoC3\LCD_PM.c NOIV LARGE MODDP2 OMF2 VB(1) PR(.\DP8051_Keil_951\Debug\LCD_PM.lst) CD DB NOIP "OT(2, Size)" "INCDIR(., .\Generated_Source\PSoC3)" OJ(.\DP8051_Keil_951\Debug\LCD_PM.obj)
c51.exe .\Generated_Source\PSoC3\USBUART_1_Dm.c NOIV LARGE MODDP2 OMF2 VB(1) PR(.\DP8051_Keil_951\Debug\USBUART_1_Dm.lst) CD DB NOIP "OT(2, Size)" "INCDIR(., .\Generated_Source\PSoC3)" OJ(.\DP8051_Keil_951\Debug\USBUART_1_Dm.obj)
c51.exe .\Generated_Source\PSoC3\USBUART_1_Dp.c NOIV LARGE MODDP2 OMF2 VB(1) PR(.\DP8051_Keil_951\Debug\USBUART_1_Dp.lst) CD DB NOIP "OT(2, Size)" "INCDIR(., .\Generated_Source\PSoC3)" OJ(.\DP8051_Keil_951\Debug\USBUART_1_Dp.obj)
c51.exe .\Generated_Source\PSoC3\LCD_LCDPort.c NOIV LARGE MODDP2 OMF2 VB(1) PR(.\DP8051_Keil_951\Debug\LCD_LCDPort.lst) CD DB NOIP "OT(2, Size)" "INCDIR(., .\Generated_Source\PSoC3)" OJ(.\DP8051_Keil_951\Debug\LCD_LCDPort.obj)
Ax51.exe .\Generated_Source\PSoC3\CyBootAsmKeil.a51 NOCO MACRO DB PR(.\DP8051_Keil_951\Debug/CyBootAsmKeil.lst) CASE EP "INCDIR(., .\Generated_Source\PSoC3)" OJ(.\DP8051_Keil_951\Debug\CyBootAsmKeil.obj)
c51.exe .\Generated_Source\PSoC3\CyDmac.c NOIV LARGE MODDP2 OMF2 VB(1) PR(.\DP8051_Keil_951\Debug\CyDmac.lst) CD DB NOIP "OT(2, Size)" "INCDIR(., .\Generated_Source\PSoC3)" OJ(.\DP8051_Keil_951\Debug\CyDmac.obj)
c51.exe .\Generated_Source\PSoC3\CyFlash.c NOIV LARGE MODDP2 OMF2 VB(1) PR(.\DP8051_Keil_951\Debug\CyFlash.lst) CD DB NOIP "OT(2, Size)" "INCDIR(., .\Generated_Source\PSoC3)" OJ(.\DP8051_Keil_951\Debug\CyFlash.obj)
c51.exe .\Generated_Source\PSoC3\CyLib.c NOIV LARGE MODDP2 OMF2 VB(1) PR(.\DP8051_Keil_951\Debug\CyLib.lst) CD DB NOIP "OT(2, Size)" "INCDIR(., .\Generated_Source\PSoC3)" OJ(.\DP8051_Keil_951\Debug\CyLib.obj)
Ax51.exe .\Generated_Source\PSoC3\cymem.a51 NOCO MACRO DB PR(.\DP8051_Keil_951\Debug/cymem.lst) CASE EP "INCDIR(., .\Generated_Source\PSoC3)" OJ(.\DP8051_Keil_951\Debug\cymem.obj)
c51.exe .\Generated_Source\PSoC3\cyPm.c NOIV LARGE MODDP2 OMF2 VB(1) PR(.\DP8051_Keil_951\Debug\cyPm.lst) CD DB NOIP "OT(2, Size)" "INCDIR(., .\Generated_Source\PSoC3)" OJ(.\DP8051_Keil_951\Debug\cyPm.obj)
c51.exe .\Generated_Source\PSoC3\CySpc.c NOIV LARGE MODDP2 OMF2 VB(1) PR(.\DP8051_Keil_951\Debug\CySpc.lst) CD DB NOIP "OT(2, Size)" "INCDIR(., .\Generated_Source\PSoC3)" OJ(.\DP8051_Keil_951\Debug\CySpc.obj)
c51.exe .\Generated_Source\PSoC3\cyutils.c NOIV LARGE MODDP2 OMF2 VB(1) PR(.\DP8051_Keil_951\Debug\cyutils.lst) CD DB NOIP "OT(2, Size)" "INCDIR(., .\Generated_Source\PSoC3)" OJ(.\DP8051_Keil_951\Debug\cyutils.obj)
Ax51.exe .\Generated_Source\PSoC3\KeilStart.a51 NOCO MACRO DB PR(.\DP8051_Keil_951\Debug/KeilStart.lst) CASE EP "INCDIR(., .\Generated_Source\PSoC3)" OJ(.\DP8051_Keil_951\Debug\KeilStart.obj)
LIBX51.exe TRANSFER '.\DP8051_Keil_951\Debug\cyfitter_cfg.obj', '.\DP8051_Keil_951\Debug\USBUART_1.obj', '.\DP8051_Keil_951\Debug\USBUART_1_audio.obj', '.\DP8051_Keil_951\Debug\USBUART_1_boot.obj', '.\DP8051_Keil_951\Debug\USBUART_1_cdc.obj', '.\DP8051_Keil_951\Debug\USBUART_1_cls.obj', '.\DP8051_Keil_951\Debug\USBUART_1_descr.obj', '.\DP8051_Keil_951\Debug\USBUART_1_drv.obj', '.\DP8051_Keil_951\Debug\USBUART_1_episr.obj', '.\DP8051_Keil_951\Debug\USBUART_1_hid.obj', '.\DP8051_Keil_951\Debug\USBUART_1_pm.obj', '.\DP8051_Keil_951\Debug\USBUART_1_std.obj', '.\DP8051_Keil_951\Debug\USBUART_1_vnd.obj', '.\DP8051_Keil_951\Debug\USBUART_1_midi.obj', '.\DP8051_Keil_951\Debug\LCD.obj', '.\DP8051_Keil_951\Debug\LCD_PM.obj', '.\DP8051_Keil_951\Debug\USBUART_1_Dm.obj', '.\DP8051_Keil_951\Debug\USBUART_1_Dp.obj', '.\DP8051_Keil_951\Debug\LCD_LCDPort.obj', '.\DP8051_Keil_951\Debug\CyBootAsmKeil.obj', '.\DP8051_Keil_951\Debug\CyDmac.obj', '.\DP8051_Keil_951\Debug\CyFlash.obj', '.\DP8051_Keil_951\Debug\CyLib.obj', '.\DP8051_Keil_951\Debug\cymem.obj', '.\DP8051_Keil_951\Debug\cyPm.obj', '.\DP8051_Keil_951\Debug\CySpc.obj', '.\DP8051_Keil_951\Debug\cyutils.obj', '.\DP8051_Keil_951\Debug\KeilStart.obj' TO '.\DP8051_Keil_951\Debug\USB_UART01.lib'
LX51.exe '.\DP8051_Keil_951\Debug\main.obj', '.\DP8051_Keil_951\Debug\USB_UART01.lib', 'C:\Program Files (x86)\Cypress\PSoC Creator\3.0\PSoC Creator\psoc\content\cycomponentlibrary\CyComponentLibrary.cylib\DP8051\DP8051_Keil_951\Debug\CyComponentLibrary.lib'  TO '.\DP8051_Keil_951\Debug\USB_UART01.omf' PR(.\DP8051_Keil_951\Debug\USB_UART01.map) IX CODE DW(16) RU CL(XDATA(X:0x0000-X:0x1FFF)) CL(CODE(C:0x0000-C:0xFFFF)) CL(CONST(C:0x0000-C:0xFFFF))
Program Size: data=17.1 xdata=456 const=590 code=16520
OHx51.exe USB_UART01.omf HEXFILE(USB_UART01.ihx)
c8051-elf-omf2elf.exe USB_UART01.omf USB_UART01.elf
cyhextool -o .\DP8051_Keil_951\Debug\USB_UART01.hex -f .\DP8051_Keil_951\Debug\USB_UART01.ihx -prot .\Generated_Source\PSoC3\protect.hex -id 1E028069 -a EEPROM=90200000:800,PROGRAM=00000000:10000,CONFIG=80000000:2000,PROTECT=90400000:40 -meta 0301 -cunv 0800C005 -wonv BC90ACAF -ecc OFF
Flash used: 17110 of 65536 bytes (26.1 %).
SRAM used: 456 of 8192 bytes (5.6 %).
--------------- Build Succeeded: 04/09/2014 23:59:39 ---------------
