C51 COMPILER V9.51   EEPROM_BLINK_TI_PM                                                    05/01/2014 23:42:30 PAGE 1   


C51 COMPILER V9.51, COMPILATION OF MODULE EEPROM_BLINK_TI_PM
OBJECT MODULE PLACED IN .\DP8051\DP8051_Keil_951\Debug\EEPROM_Blink_TI_PM.obj
COMPILER INVOKED BY: C:\Program Files (x86)\Cypress\PSoC Creator\3.0\PSoC Creator\import\keil\pk51\9.51\C51\BIN\c51.exe 
                    -.\Generated_Source\PSoC3\EEPROM_Blink_TI_PM.c NOIV LARGE MODDP2 OMF2 VB(1) PR(.\DP8051\DP8051_Keil_951\Debug\EEPROM_Blin
                    -k_TI_PM.lst) CD DB NOIP OT(0,SIZE) DF(DEBUG) INCDIR(.,.\Generated_Source\PSoC3) OJ(.\DP8051\DP8051_Keil_951\Debug\EEPROM
                    -_Blink_TI_PM.obj)

line level    source

   1          /*******************************************************************************
   2          * File Name: EEPROM_Blink_TI_PM.c
   3          * Version 2.50
   4          *
   5          *  Description:
   6          *     This file provides the power management source code to API for the
   7          *     Timer.
   8          *
   9          *   Note:
  10          *     None
  11          *
  12          *******************************************************************************
  13          * Copyright 2008-2012, Cypress Semiconductor Corporation.  All rights reserved.
  14          * You may use this file only in accordance with the license, terms, conditions,
  15          * disclaimers, and limitations in the end user license agreement accompanying
  16          * the software package with which this file was provided.
  17          ********************************************************************************/
  18          
  19          #include "EEPROM_Blink_TI.h"
  20          static EEPROM_Blink_TI_backupStruct EEPROM_Blink_TI_backup;
  21          
  22          
  23          /*******************************************************************************
  24          * Function Name: EEPROM_Blink_TI_SaveConfig
  25          ********************************************************************************
  26          *
  27          * Summary:
  28          *     Save the current user configuration
  29          *
  30          * Parameters:
  31          *  void
  32          *
  33          * Return:
  34          *  void
  35          *
  36          * Global variables:
  37          *  EEPROM_Blink_TI_backup:  Variables of this global structure are modified to
  38          *  store the values of non retention configuration registers when Sleep() API is
  39          *  called.
  40          *
  41          *******************************************************************************/
  42          void EEPROM_Blink_TI_SaveConfig(void) 
  43          {
  44   1          #if (!EEPROM_Blink_TI_UsingFixedFunction)
  45   1              /* Backup the UDB non-rentention registers for CY_UDB_V0 */
  46   1              #if (CY_UDB_V0)
                          EEPROM_Blink_TI_backup.TimerUdb = EEPROM_Blink_TI_ReadCounter();
                          EEPROM_Blink_TI_backup.TimerPeriod = EEPROM_Blink_TI_ReadPeriod();
                          EEPROM_Blink_TI_backup.InterruptMaskValue = EEPROM_Blink_TI_STATUS_MASK;
                          #if (EEPROM_Blink_TI_UsingHWCaptureCounter)
                              EEPROM_Blink_TI_backup.TimerCaptureCounter = EEPROM_Blink_TI_ReadCaptureCount();
                          #endif /* Backup the UDB non-rentention register capture counter for CY_UDB_V0 */
C51 COMPILER V9.51   EEPROM_BLINK_TI_PM                                                    05/01/2014 23:42:30 PAGE 2   

                      #endif /* Backup the UDB non-rentention registers for CY_UDB_V0 */
  54   1      
  55   1              #if (CY_UDB_V1)
  56   1                  EEPROM_Blink_TI_backup.TimerUdb = EEPROM_Blink_TI_ReadCounter();
  57   1                  EEPROM_Blink_TI_backup.InterruptMaskValue = EEPROM_Blink_TI_STATUS_MASK;
  58   1                  #if (EEPROM_Blink_TI_UsingHWCaptureCounter)
                              EEPROM_Blink_TI_backup.TimerCaptureCounter = EEPROM_Blink_TI_ReadCaptureCount();
                          #endif /* Back Up capture counter register  */
  61   1              #endif /* Backup non retention registers, interrupt mask and capture counter for CY_UDB_V1 */
  62   1      
  63   1              #if(!EEPROM_Blink_TI_ControlRegRemoved)
  64   1                  EEPROM_Blink_TI_backup.TimerControlRegister = EEPROM_Blink_TI_ReadControlRegister();
  65   1              #endif /* Backup the enable state of the Timer component */
  66   1          #endif /* Backup non retention registers in UDB implementation. All fixed function registers are reten
             -tion */
  67   1      }
  68          
  69          
  70          /*******************************************************************************
  71          * Function Name: EEPROM_Blink_TI_RestoreConfig
  72          ********************************************************************************
  73          *
  74          * Summary:
  75          *  Restores the current user configuration.
  76          *
  77          * Parameters:
  78          *  void
  79          *
  80          * Return:
  81          *  void
  82          *
  83          * Global variables:
  84          *  EEPROM_Blink_TI_backup:  Variables of this global structure are used to
  85          *  restore the values of non retention registers on wakeup from sleep mode.
  86          *
  87          *******************************************************************************/
  88          void EEPROM_Blink_TI_RestoreConfig(void) 
  89          {   
  90   1          #if (!EEPROM_Blink_TI_UsingFixedFunction)
  91   1              /* Restore the UDB non-rentention registers for CY_UDB_V0 */
  92   1              #if (CY_UDB_V0)
                          /* Interrupt State Backup for Critical Region*/
                          uint8 EEPROM_Blink_TI_interruptState;
              
                          EEPROM_Blink_TI_WriteCounter(EEPROM_Blink_TI_backup.TimerUdb);
                          EEPROM_Blink_TI_WritePeriod(EEPROM_Blink_TI_backup.TimerPeriod);
                          /* CyEnterCriticalRegion and CyExitCriticalRegion are used to mark following region critical*/
                          /* Enter Critical Region*/
                          EEPROM_Blink_TI_interruptState = CyEnterCriticalSection();
                          /* Use the interrupt output of the status register for IRQ output */
                          EEPROM_Blink_TI_STATUS_AUX_CTRL |= EEPROM_Blink_TI_STATUS_ACTL_INT_EN_MASK;
                          /* Exit Critical Region*/
                          CyExitCriticalSection(EEPROM_Blink_TI_interruptState);
                          EEPROM_Blink_TI_STATUS_MASK =EEPROM_Blink_TI_backup.InterruptMaskValue;
                          #if (EEPROM_Blink_TI_UsingHWCaptureCounter)
                              EEPROM_Blink_TI_SetCaptureCount(EEPROM_Blink_TI_backup.TimerCaptureCounter);
                          #endif /* Restore the UDB non-rentention register capture counter for CY_UDB_V0 */
                      #endif /* Restore the UDB non-rentention registers for CY_UDB_V0 */
 110   1      
 111   1              #if (CY_UDB_V1)
 112   1                  EEPROM_Blink_TI_WriteCounter(EEPROM_Blink_TI_backup.TimerUdb);
 113   1                  EEPROM_Blink_TI_STATUS_MASK =EEPROM_Blink_TI_backup.InterruptMaskValue;
C51 COMPILER V9.51   EEPROM_BLINK_TI_PM                                                    05/01/2014 23:42:30 PAGE 3   

 114   1                  #if (EEPROM_Blink_TI_UsingHWCaptureCounter)
                              EEPROM_Blink_TI_SetCaptureCount(EEPROM_Blink_TI_backup.TimerCaptureCounter);
                          #endif /* Restore Capture counter register*/
 117   1              #endif /* Restore up non retention registers, interrupt mask and capture counter for CY_UDB_V1 */
 118   1      
 119   1              #if(!EEPROM_Blink_TI_ControlRegRemoved)
 120   1                  EEPROM_Blink_TI_WriteControlRegister(EEPROM_Blink_TI_backup.TimerControlRegister);
 121   1              #endif /* Restore the enable state of the Timer component */
 122   1          #endif /* Restore non retention registers in the UDB implementation only */
 123   1      }
 124          
 125          
 126          /*******************************************************************************
 127          * Function Name: EEPROM_Blink_TI_Sleep
 128          ********************************************************************************
 129          *
 130          * Summary:
 131          *     Stop and Save the user configuration
 132          *
 133          * Parameters:
 134          *  void
 135          *
 136          * Return:
 137          *  void
 138          *
 139          * Global variables:
 140          *  EEPROM_Blink_TI_backup.TimerEnableState:  Is modified depending on the
 141          *  enable state of the block before entering sleep mode.
 142          *
 143          *******************************************************************************/
 144          void EEPROM_Blink_TI_Sleep(void) 
 145          {
 146   1          #if(!EEPROM_Blink_TI_ControlRegRemoved)
 147   1              /* Save Counter's enable state */
 148   1              if(EEPROM_Blink_TI_CTRL_ENABLE == (EEPROM_Blink_TI_CONTROL & EEPROM_Blink_TI_CTRL_ENABLE))
 149   1              {
 150   2                  /* Timer is enabled */
 151   2                  EEPROM_Blink_TI_backup.TimerEnableState = 1u;
 152   2              }
 153   1              else
 154   1              {
 155   2                  /* Timer is disabled */
 156   2                  EEPROM_Blink_TI_backup.TimerEnableState = 0u;
 157   2              }
 158   1          #endif /* Back up enable state from the Timer control register */
 159   1          EEPROM_Blink_TI_Stop();
 160   1          EEPROM_Blink_TI_SaveConfig();
 161   1      }
 162          
 163          
 164          /*******************************************************************************
 165          * Function Name: EEPROM_Blink_TI_Wakeup
 166          ********************************************************************************
 167          *
 168          * Summary:
 169          *  Restores and enables the user configuration
 170          *
 171          * Parameters:
 172          *  void
 173          *
 174          * Return:
 175          *  void
C51 COMPILER V9.51   EEPROM_BLINK_TI_PM                                                    05/01/2014 23:42:30 PAGE 4   

 176          *
 177          * Global variables:
 178          *  EEPROM_Blink_TI_backup.enableState:  Is used to restore the enable state of
 179          *  block on wakeup from sleep mode.
 180          *
 181          *******************************************************************************/
 182          void EEPROM_Blink_TI_Wakeup(void) 
 183          {
 184   1          EEPROM_Blink_TI_RestoreConfig();
 185   1          #if(!EEPROM_Blink_TI_ControlRegRemoved)
 186   1              if(EEPROM_Blink_TI_backup.TimerEnableState == 1u)
 187   1              {     /* Enable Timer's operation */
 188   2                      EEPROM_Blink_TI_Enable();
 189   2              } /* Do nothing if Timer was disabled before */
 190   1          #endif /* Remove this code section if Control register is removed */
 191   1      }
 192          
 193          
 194          /* [] END OF FILE */
C51 COMPILER V9.51   EEPROM_BLINK_TI_PM                                                    05/01/2014 23:42:30 PAGE 5   

ASSEMBLY LISTING OF GENERATED OBJECT CODE


             ; FUNCTION EEPROM_Blink_TI_SaveConfig (BEGIN)
                                           ; SOURCE LINE # 42
                                           ; SOURCE LINE # 43
                                           ; SOURCE LINE # 56
0000 120000      E     LCALL   EEPROM_Blink_TI_ReadCounter
0003 900000      R     MOV     DPTR,#EEPROM_Blink_TI_backup+01H
0006 EE                MOV     A,R6
0007 F0                MOVX    @DPTR,A
0008 A3                INC     DPTR
0009 EF                MOV     A,R7
000A F0                MOVX    @DPTR,A
                                           ; SOURCE LINE # 57
000B 90648F            MOV     DPTR,#0648FH
000E E0                MOVX    A,@DPTR
000F FF                MOV     R7,A
0010 900000      R     MOV     DPTR,#EEPROM_Blink_TI_backup+03H
0013 EF                MOV     A,R7
0014 F0                MOVX    @DPTR,A
                                           ; SOURCE LINE # 64
0015 120000      E     LCALL   EEPROM_Blink_TI_ReadControlRegister
0018 900000      R     MOV     DPTR,#EEPROM_Blink_TI_backup+04H
001B EF                MOV     A,R7
001C F0                MOVX    @DPTR,A
                                           ; SOURCE LINE # 67
001D         ?C0001:
001D 22                RET     
             ; FUNCTION EEPROM_Blink_TI_SaveConfig (END)

             ; FUNCTION EEPROM_Blink_TI_RestoreConfig (BEGIN)
                                           ; SOURCE LINE # 88
                                           ; SOURCE LINE # 89
                                           ; SOURCE LINE # 112
0000 900000      R     MOV     DPTR,#EEPROM_Blink_TI_backup+01H
0003 E0                MOVX    A,@DPTR
0004 FE                MOV     R6,A
0005 A3                INC     DPTR
0006 E0                MOVX    A,@DPTR
0007 FF                MOV     R7,A
0008 120000      E     LCALL   _EEPROM_Blink_TI_WriteCounter
                                           ; SOURCE LINE # 113
000B 900000      R     MOV     DPTR,#EEPROM_Blink_TI_backup+03H
000E E0                MOVX    A,@DPTR
000F FF                MOV     R7,A
0010 90648F            MOV     DPTR,#0648FH
0013 EF                MOV     A,R7
0014 F0                MOVX    @DPTR,A
                                           ; SOURCE LINE # 120
0015 900000      R     MOV     DPTR,#EEPROM_Blink_TI_backup+04H
0018 E0                MOVX    A,@DPTR
0019 FF                MOV     R7,A
001A 120000      E     LCALL   _EEPROM_Blink_TI_WriteControlRegister
                                           ; SOURCE LINE # 123
001D         ?C0002:
001D 22                RET     
             ; FUNCTION EEPROM_Blink_TI_RestoreConfig (END)

             ; FUNCTION EEPROM_Blink_TI_Sleep (BEGIN)
                                           ; SOURCE LINE # 144
                                           ; SOURCE LINE # 145
C51 COMPILER V9.51   EEPROM_BLINK_TI_PM                                                    05/01/2014 23:42:30 PAGE 6   

                                           ; SOURCE LINE # 148
0000 90647E            MOV     DPTR,#0647EH
0003 E0                MOVX    A,@DPTR
0004 FF                MOV     R7,A
0005 EF                MOV     A,R7
0006 30E708            JNB     ACC.7,?C0003
                                           ; SOURCE LINE # 149
                                           ; SOURCE LINE # 151
0009 900000      R     MOV     DPTR,#EEPROM_Blink_TI_backup
000C 7401              MOV     A,#01H
000E F0                MOVX    @DPTR,A
                                           ; SOURCE LINE # 152
000F 8005              SJMP    ?C0004
0011         ?C0003:
                                           ; SOURCE LINE # 154
                                           ; SOURCE LINE # 156
0011 900000      R     MOV     DPTR,#EEPROM_Blink_TI_backup
0014 E4                CLR     A
0015 F0                MOVX    @DPTR,A
                                           ; SOURCE LINE # 157
0016         ?C0004:
                                           ; SOURCE LINE # 159
0016 120000      E     LCALL   EEPROM_Blink_TI_Stop
                                           ; SOURCE LINE # 160
0019 120000      R     LCALL   EEPROM_Blink_TI_SaveConfig
                                           ; SOURCE LINE # 161
001C         ?C0005:
001C 22                RET     
             ; FUNCTION EEPROM_Blink_TI_Sleep (END)

             ; FUNCTION EEPROM_Blink_TI_Wakeup (BEGIN)
                                           ; SOURCE LINE # 182
                                           ; SOURCE LINE # 183
                                           ; SOURCE LINE # 184
0000 120000      R     LCALL   EEPROM_Blink_TI_RestoreConfig
                                           ; SOURCE LINE # 186
0003 900000      R     MOV     DPTR,#EEPROM_Blink_TI_backup
0006 E0                MOVX    A,@DPTR
0007 FF                MOV     R7,A
0008 EF                MOV     A,R7
0009 B40103            CJNE    A,#01H,?C0007
                                           ; SOURCE LINE # 187
                                           ; SOURCE LINE # 188
000C 120000      E     LCALL   EEPROM_Blink_TI_Enable
                                           ; SOURCE LINE # 189
000F         ?C0006:
                                           ; SOURCE LINE # 191
000F         ?C0007:
000F 22                RET     
             ; FUNCTION EEPROM_Blink_TI_Wakeup (END)



MODULE INFORMATION:   STATIC OVERLAYABLE
   CODE SIZE        =    105    ----
   CONSTANT SIZE    =   ----    ----
   XDATA SIZE       =      5    ----
   PDATA SIZE       =   ----    ----
   DATA SIZE        =   ----    ----
   IDATA SIZE       =   ----    ----
   BIT SIZE         =   ----    ----
   EDATA SIZE       =   ----    ----
C51 COMPILER V9.51   EEPROM_BLINK_TI_PM                                                    05/01/2014 23:42:30 PAGE 7   

   HDATA SIZE       =   ----    ----
   XDATA CONST SIZE =   ----    ----
   FAR CONST SIZE   =   ----    ----
END OF MODULE INFORMATION.


C51 COMPILATION COMPLETE.  0 WARNING(S),  0 ERROR(S)
