C51 COMPILER V9.51   MAIN                                                                  05/02/2014 00:02:26 PAGE 1   


C51 COMPILER V9.51, COMPILATION OF MODULE MAIN
OBJECT MODULE PLACED IN .\DP8051\DP8051_Keil_951\Debug\main.obj
COMPILER INVOKED BY: C:\Program Files (x86)\Cypress\PSoC Creator\3.0\PSoC Creator\import\keil\pk51\9.51\C51\BIN\c51.exe 
                    -.\main.c NOIV LARGE MODDP2 OMF2 VB(1) PR(.\DP8051\DP8051_Keil_951\Debug\main.lst) CD DB NOIP OT(0,SIZE) DF(DEBUG) INCDIR
                    -(.,.\Generated_Source\PSoC3) OJ(.\DP8051\DP8051_Keil_951\Debug\main.obj)

line level    source

   1          /* ========================================
   2           *
   3           * Copyright YOUR COMPANY, THE YEAR
   4           * All Rights Reserved
   5           * UNPUBLISHED, LICENSED SOFTWARE.
   6           *
   7           * CONFIDENTIAL AND PROPRIETARY INFORMATION
   8           * WHICH IS THE PROPERTY OF your company.
   9           *
  10           * ========================================
  11          */
  12          
  13          #include "main.h"
  14          
  15          // Flash variables
  16          const uint8 CYCODE MemoryLocation[EmEEPROMSize]; 
  17          const volatile uint8* TailPtr = (uint8*) MemoryLocation;
  18          const uint8 CYCODE hard_reset_flag;
  19          
  20          int main()
  21          {
  22   1          Flash_Blink_TI_Start();
  23   1          /* Initialization*/
  24   1          rtc_setup();
  25   1      
  26   1          // Check for hard reset flag
  27   1          if (hard_reset_flag){
  28   2              hard_reset();   
  29   2          }
  30   1      
  31   1          // Start Components
  32   1          EEPROM_R_Start();
  33   1          RTC_Start();
  34   1          
  35   1          // Enable global interrupts
  36   1          CyGlobalIntEnable;
  37   1          
  38   1          // Enable individual interrupts as necessary
  39   1          Vbus_IRQ_Start();
  40   1          StartCollection_IRQ_Start();
  41   1          
  42   1          for(;;){}
  43   1          
  44   1          return (0);
  45   1      }
  46          
  47          /* [] END OF FILE */
C51 COMPILER V9.51   MAIN                                                                  05/02/2014 00:02:26 PAGE 2   

ASSEMBLY LISTING OF GENERATED OBJECT CODE


             ; FUNCTION main (BEGIN)
                                           ; SOURCE LINE # 20
                                           ; SOURCE LINE # 21
                                           ; SOURCE LINE # 22
0000 120000      E     LCALL   Flash_Blink_TI_Start
                                           ; SOURCE LINE # 24
0003 120000      E     LCALL   rtc_setup
                                           ; SOURCE LINE # 27
0006 900000      R     MOV     DPTR,#hard_reset_flag
0009 E4                CLR     A
000A 93                MOVC    A,@A+DPTR
000B FF                MOV     R7,A
000C EF                MOV     A,R7
000D 6003              JZ      ?C0001
                                           ; SOURCE LINE # 28
000F 120000      E     LCALL   hard_reset
                                           ; SOURCE LINE # 29
0012         ?C0001:
                                           ; SOURCE LINE # 32
0012 120000      E     LCALL   EEPROM_R_Start
                                           ; SOURCE LINE # 33
0015 120000      E     LCALL   RTC_Start
                                           ; SOURCE LINE # 36
0018 D2AF              SETB    EA
001A 9044F4            MOV     DPTR,#044F4H
001D 74FD              MOV     A,#0FDH
001F F0                MOVX    @DPTR,A
                                           ; SOURCE LINE # 39
0020 120000      E     LCALL   Vbus_IRQ_Start
                                           ; SOURCE LINE # 40
0023 120000      E     LCALL   StartCollection_IRQ_Start
                                           ; SOURCE LINE # 42
0026         ?C0002:
0026 80FE              SJMP    ?C0002
0028         ?C0003:
                                           ; SOURCE LINE # 44
0028 E4                CLR     A
0029 7E00              MOV     R6,#00H
002B 7F00              MOV     R7,#00H
                                           ; SOURCE LINE # 45
002D         ?C0004:
002D 22                RET     
             ; FUNCTION main (END)



MODULE INFORMATION:   STATIC OVERLAYABLE
   CODE SIZE        =     46    ----
   CONSTANT SIZE    =   1025    ----
   XDATA SIZE       =      3    ----
   PDATA SIZE       =   ----    ----
   DATA SIZE        =   ----    ----
   IDATA SIZE       =   ----    ----
   BIT SIZE         =   ----    ----
   EDATA SIZE       =   ----    ----
   HDATA SIZE       =   ----    ----
   XDATA CONST SIZE =   ----    ----
   FAR CONST SIZE   =   ----    ----
END OF MODULE INFORMATION.

C51 COMPILER V9.51   MAIN                                                                  05/02/2014 00:02:26 PAGE 3   


C51 COMPILATION COMPLETE.  0 WARNING(S),  0 ERROR(S)
