C51 COMPILER V9.51   CYFITTER_CFG                                                          03/02/2014 13:58:57 PAGE 1   


C51 COMPILER V9.51, COMPILATION OF MODULE CYFITTER_CFG
OBJECT MODULE PLACED IN .\DP8051\DP8051_Keil_951\Debug\cyfitter_cfg.obj
COMPILER INVOKED BY: C:\Program Files (x86)\Cypress\PSoC Creator\3.0\PSoC Creator\import\keil\pk51\9.51\C51\BIN\c51.exe 
                    -.\Generated_Source\PSoC3\cyfitter_cfg.c NOIV LARGE MODDP2 OMF2 VB(1) PR(.\DP8051\DP8051_Keil_951\Debug\cyfitter_cfg.lst)
                    - CD DB NOIP OT(2,SIZE) DF(DEBUG) INCDIR(.,.\Generated_Source\PSoC3) OJ(.\DP8051\DP8051_Keil_951\Debug\cyfitter_cfg.obj)

line level    source

   1          /*******************************************************************************
   2          * FILENAME: cyfitter_cfg.c
   3          * PSoC Creator 3.0 Component Pack 7
   4          *
   5          * Description:
   6          * This file is automatically generated by PSoC Creator with device 
   7          * initialization code.  Except for the user defined sections in
   8          * CyClockStartupError(), this file should not be modified.
   9          *
  10          ********************************************************************************
  11          * Copyright 2013, Cypress Semiconductor Corporation.  All rights reserved.
  12          * You may use this file only in accordance with the license, terms, conditions, 
  13          * disclaimers, and limitations in the end user license agreement accompanying 
  14          * the software package with which this file was provided.
  15          ********************************************************************************/
  16          
  17          #include <string.h>
  18          #include <cytypes.h>
  19          #include <cydevice_trm.h>
  20          #include <cyfitter.h>
  21          #include <CyLib.h>
  22          #include <cyfitter_cfg.h>
  23          
  24          #define CY_NEED_CYCLOCKSTARTUPERROR 1
  25          
  26          
  27          #if defined(__C51__) || defined(__CX51__)
  28                  #define CYPACKED
  29                  #define CYPACKED_ATTR
  30                  #define CYALIGNED
  31                  
  32              #define CY_CFG_UNUSED
  33                  #define CY_CFG_MEMORY_BARRIER() do { } while (0)
  34          
  35          
  36          
  37                  #define CYMEMZERO(a,c) cymemzero((a),(c))
  38                  #define CYCONFIGCPY(d,s,c) cyconfigcpy((c),(s),(d))
  39                  #define CYCONFIGCPYCODE(d,s,c) cyconfigcpycode((c),(s),(d))
  40          #else
                      #error Unsupported toolchain
              #endif
  43          
  44          
  45          
  46          /* Clock startup error codes                                                   */
  47          #define CYCLOCKSTART_NO_ERROR    0u
  48          #define CYCLOCKSTART_XTAL_ERROR  1u
  49          #define CYCLOCKSTART_32KHZ_ERROR 2u
  50          #define CYCLOCKSTART_PLL_ERROR   3u
  51          
  52          #ifdef CY_NEED_CYCLOCKSTARTUPERROR
  53          /*******************************************************************************
C51 COMPILER V9.51   CYFITTER_CFG                                                          03/02/2014 13:58:57 PAGE 2   

  54          * Function Name: CyClockStartupError
  55          ********************************************************************************
  56          * Summary:
  57          *  If an error is encountered during clock configuration (crystal startup error,
  58          *  PLL lock error, etc.), the system will end up here.  Unless reimplemented by
  59          *  the customer, this function will stop in an infinite loop.
  60          *
  61          * Parameters:
  62          *   void
  63          *
  64          * Return:
  65          *   void
  66          *
  67          *******************************************************************************/
  68          CY_CFG_UNUSED
  69          static void CyClockStartupError(uint8 errorCode);
  70          CY_CFG_UNUSED
  71          static void CyClockStartupError(uint8 errorCode)
  72          {
  73   1          /* To remove the compiler warning if errorCode not used.                */
  74   1          errorCode = errorCode;
  75   1      
  76   1          /* `#START CyClockStartupError` */
  77   1      
  78   1          /* If we have a clock startup error (bad MHz crystal, PLL lock, etc.),  */
  79   1          /* we will end up here to allow the customer to implement something to  */
  80   1          /* deal with the clock condition.                                       */
  81   1      
  82   1          /* `#END` */
  83   1      
  84   1          /* If nothing else, stop here since the clocks have not started         */
  85   1          /* correctly.                                                           */
  86   1          while(1) {}
  87   1      }
  88          #endif
  89          
  90          /* IOPINS0_2 Address: CYREG_PRT2_DM0 Size (bytes): 8 */
  91          #define BS_IOPINS0_2_VAL ((const uint8 CYFAR *)0x00080000u)
  92          
  93          /* CYDEV_CLKDIST_ACFG0_CFG0 Address: CYREG_CLKDIST_ACFG0_CFG0 Size (bytes): 4 */
  94          #define BS_CYDEV_CLKDIST_ACFG0_CFG0_VAL ((const uint8 CYFAR *)0x00080008u)
  95          
  96          
  97          /*******************************************************************************
  98          * Function Name: ClockSetup
  99          ********************************************************************************
 100          *
 101          * Summary:
 102          *  Performs the initialization of all of the clocks in the device based on the
 103          *  settings in the Clock tab of the DWR.  This includes enabling the requested
 104          *  clocks and setting the necessary dividers to produce the desired frequency. 
 105          *
 106          * Parameters:
 107          *  void
 108          *
 109          * Return:
 110          *  void
 111          *
 112          *******************************************************************************/
 113          static void ClockSetup(void);
 114          static void ClockSetup(void)
 115          {
C51 COMPILER V9.51   CYFITTER_CFG                                                          03/02/2014 13:58:57 PAGE 3   

 116   1              uint32 timeout;
 117   1              uint8 pllLock;
 118   1      
 119   1      
 120   1              /* Configure Analog Clocks based on settings from Clock DWR */
 121   1              CYCONFIGCPY((void CYFAR *)(CYREG_CLKDIST_ACFG0_CFG0), (const void CYFAR *)(BS_CYDEV_CLKDIST_ACFG0_CFG0_VA
             -L), 4u);
 122   1      
 123   1              /* Configure ILO based on settings from Clock DWR */
 124   1              CY_SET_REG8((void CYXDATA *)(CYREG_SLOWCLK_ILO_CR0), 0x02u);
 125   1              CY_SET_REG8((void CYXDATA *)(CYREG_CLKDIST_CR), 0x08u);
 126   1      
 127   1              /* Configure IMO based on settings from Clock DWR */
 128   1              CY_SET_REG8((void CYXDATA *)(CYREG_FASTCLK_IMO_CR), 0x03u);
 129   1              CY_SET_REG8((void CYXDATA *)(CYREG_IMO_TR1), (CY_GET_XTND_REG8((void CYFAR *)CYREG_FLSHID_CUST_TABLES_IMO
             -_3MHZ)));
 130   1      
 131   1              /* Configure PLL based on settings from Clock DWR */
 132   1              CY_SET_XTND_REG16((void CYFAR *)(CYREG_FASTCLK_PLL_P), 0x0008u);
 133   1              CY_SET_XTND_REG16((void CYFAR *)(CYREG_FASTCLK_PLL_CFG0), 0x1251u);
 134   1              /* Wait up to 250us for the PLL to lock */
 135   1              pllLock = 0u;
 136   1              for (timeout = 250u / 10u; (timeout > 0u) && (pllLock != 0x03u); timeout--)
 137   1              { 
 138   2                      pllLock = 0x03u & ((uint8)((uint8)pllLock << 1) | ((CY_GET_REG8((void CYXDATA *)CYREG_FASTCLK_PLL_SR) & 
             -0x01u) >> 0));
 139   2                      CyDelayCycles(10u * 48u); /* Delay 10us based on 48MHz clock */
 140   2              }
 141   1              /* If we ran out of time the PLL didn't lock so go to the error function */
 142   1              if (timeout == 0u)
 143   1              {
 144   2                      CyClockStartupError(CYCLOCKSTART_PLL_ERROR);
 145   2              }
 146   1      
 147   1              /* Configure Bus/Master Clock based on settings from Clock DWR */
 148   1              CY_SET_XTND_REG16((void CYFAR *)(CYREG_CLKDIST_MSTR0), 0x0100u);
 149   1              CY_SET_REG8((void CYXDATA *)(CYREG_CLKDIST_MSTR0), 0x07u);
 150   1              CY_SET_REG8((void CYXDATA *)(CYREG_CLKDIST_BCFG0), 0x00u);
 151   1              CY_SET_REG8((void CYXDATA *)(CYREG_CLKDIST_BCFG2), 0x48u);
 152   1              CY_SET_REG8((void CYXDATA *)(CYREG_CLKDIST_MSTR0), 0x00u);
 153   1              CY_SET_REG8((void CYXDATA *)(CYREG_CLKDIST_LD), 0x02u);
 154   1              CY_SET_REG8((void CYXDATA *)(CYREG_CLKDIST_DLY1), 0x04u);
 155   1      
 156   1              CY_SET_REG8((void CYXDATA *)(CYREG_PM_ACT_CFG0), ((CY_GET_REG8((void CYXDATA *)CYREG_PM_ACT_CFG0) | 0x80u
             -)));
 157   1      }
 158          
 159          
 160          /* Analog API Functions */
 161          
 162          
 163          /*******************************************************************************
 164          * Function Name: AnalogSetDefault
 165          ********************************************************************************
 166          *
 167          * Summary:
 168          *  Sets up the analog portions of the chip to default values based on chip
 169          *  configuration options from the project.
 170          *
 171          * Parameters:
 172          *  void
 173          *
C51 COMPILER V9.51   CYFITTER_CFG                                                          03/02/2014 13:58:57 PAGE 4   

 174          * Return:
 175          *  void
 176          *
 177          *******************************************************************************/
 178          static void AnalogSetDefault(void);
 179          static void AnalogSetDefault(void)
 180          {
 181   1              uint8 bg_xover_inl_trim = CY_GET_XTND_REG8((void CYFAR *)(CYREG_FLSHID_MFG_CFG_BG_XOVER_INL_TRIM + 1u));
 182   1              CY_SET_REG8((void CYXDATA *)(CYREG_BG_DFT0), (bg_xover_inl_trim & 0x07u));
 183   1              CY_SET_REG8((void CYXDATA *)(CYREG_BG_DFT1), ((bg_xover_inl_trim >> 4) & 0x0Fu));
 184   1              CY_SET_REG8((void CYXDATA *)CYREG_PUMP_CR0, 0x44u);
 185   1      }
 186          
 187          
 188          /*******************************************************************************
 189          * Function Name: SetAnalogRoutingPumps
 190          ********************************************************************************
 191          *
 192          * Summary:
 193          * Enables or disables the analog pumps feeding analog routing switches.
 194          * Intended to be called at startup, based on the Vdda system configuration;
 195          * may be called during operation when the user informs us that the Vdda voltage
 196          * crossed the pump threshold.
 197          *
 198          * Parameters:
 199          *  enabled - 1 to enable the pumps, 0 to disable the pumps
 200          *
 201          * Return:
 202          *  void
 203          *
 204          *******************************************************************************/
 205          void SetAnalogRoutingPumps(uint8 enabled)
 206          {
 207   1              uint8 regValue = CY_GET_REG8((void CYXDATA *)CYREG_PUMP_CR0);
 208   1              if (enabled != 0u)
 209   1              {
 210   2                      regValue |= 0x00u;
 211   2              }
 212   1              else
 213   1              {
 214   2                      regValue &= (uint8)~0x00u;
 215   2              }
 216   1              CY_SET_REG8((void CYXDATA *)CYREG_PUMP_CR0, regValue);
 217   1      }
 218          
 219          #define CY_AMUX_UNUSED CYREG_BOOST_SR
 220          
 221          
 222          /*******************************************************************************
 223          * Function Name: cyfitter_cfg
 224          ********************************************************************************
 225          * Summary:
 226          *  This function is called by the start-up code for the selected device. It
 227          *  performs all of the necessary device configuration based on the design
 228          *  settings.  This includes settings from the Design Wide Resources (DWR) such
 229          *  as Clocks and Pins as well as any component configuration that is necessary.
 230          *
 231          * Parameters:  
 232          *   void
 233          *
 234          * Return:
 235          *   void
C51 COMPILER V9.51   CYFITTER_CFG                                                          03/02/2014 13:58:57 PAGE 5   

 236          *
 237          *******************************************************************************/
 238          
 239          void cyfitter_cfg(void)
 240          {
 241   1              /* Enable/Disable Debug functionality based on settings from System DWR */
 242   1              CY_SET_XTND_REG8((void CYFAR *)CYREG_MLOGIC_DEBUG, (CY_GET_XTND_REG8((void CYFAR *)CYREG_MLOGIC_DEBUG) | 
             -0x01u));
 243   1      
 244   1              {
 245   2      
 246   2                      CYPACKED typedef struct {
 247   2                              void CYFAR *address;
 248   2                              uint16 size;
 249   2                      } CYPACKED_ATTR cfg_memset_t;
 250   2      
 251   2                      static const cfg_memset_t CYCODE cfg_memset_list [] = {
 252   2                              /* address, size */
 253   2                              {(void CYFAR *)(CYREG_PRT0_DR), 32u},
 254   2                              {(void CYFAR *)(CYREG_PRT3_DR), 64u},
 255   2                              {(void CYFAR *)(CYREG_PRT12_DR), 16u},
 256   2                              {(void CYFAR *)(CYREG_PRT15_DR), 16u},
 257   2                              {(void CYFAR *)(CYDEV_UCFG_B0_P0_U0_BASE), 4096u},
 258   2                              {(void CYFAR *)(CYDEV_UCFG_B1_P2_U0_BASE), 2048u},
 259   2                              {(void CYFAR *)(CYDEV_UCFG_DSI0_BASE), 2560u},
 260   2                              {(void CYFAR *)(CYDEV_UCFG_DSI12_BASE), 512u},
 261   2                              {(void CYFAR *)(CYREG_BCTL0_MDCLK_EN), 32u},
 262   2                      };
 263   2      
 264   2                      uint8 CYDATA i;
 265   2      
 266   2                      /* Zero out critical memory blocks before beginning configuration */
 267   2                      for (i = 0u; i < (sizeof(cfg_memset_list)/sizeof(cfg_memset_list[0])); i++)
 268   2                      {
 269   3                              const cfg_memset_t CYCODE * CYDATA ms = &cfg_memset_list[i];
 270   3                              CYMEMZERO(ms->address, ms->size);
 271   3                      }
 272   2      
 273   2                      /* Enable digital routing */
 274   2                      CY_SET_XTND_REG8((void CYFAR *)CYREG_BCTL0_BANK_CTL, CY_GET_XTND_REG8((void CYFAR *)CYREG_BCTL0_BANK_CTL
             -) | 0x02u);
 275   2                      CY_SET_XTND_REG8((void CYFAR *)CYREG_BCTL1_BANK_CTL, CY_GET_XTND_REG8((void CYFAR *)CYREG_BCTL1_BANK_CTL
             -) | 0x02u);
 276   2      
 277   2                      /* Enable UDB array */
 278   2                      CY_SET_REG8((void CYXDATA *)CYREG_PM_ACT_CFG0, CY_GET_REG8((void CYXDATA *)CYREG_PM_ACT_CFG0) | 0x40u);
 279   2                      CY_SET_REG8((void CYXDATA *)CYREG_PM_AVAIL_CR2, CY_GET_REG8((void CYXDATA *)CYREG_PM_AVAIL_CR2) | 0x10u)
             -;
 280   2              }
 281   1      
 282   1              /* Perform second pass device configuration. These items must be configured in specific order after the r
             -egular configuration is done. */
 283   1              CYCONFIGCPY((void CYFAR *)(CYREG_PRT2_DM0), (const void CYFAR *)(BS_IOPINS0_2_VAL), 8u);
 284   1      
 285   1              /* Switch Boost to the precision bandgap reference from its internal reference */
 286   1              CY_SET_REG8((void CYXDATA *)CYREG_BOOST_CR2, (CY_GET_REG8((void CYXDATA *)CYREG_BOOST_CR2) | 0x08u));
 287   1              if (CYDEV_CHIP_REV_ACTUAL < 5u)
 288   1              {
 289   2                      CY_SET_REG8((void CYXDATA *)CYREG_PWRSYS_WAKE_TR2, 0x3Au);
 290   2              }
 291   1      
 292   1      
C51 COMPILER V9.51   CYFITTER_CFG                                                          03/02/2014 13:58:57 PAGE 6   

 293   1              /* Set Flash Cycles based on max possible frequency in case a glitch occurs during ClockSetup(). */
 294   1              CY_SET_REG8((void CYXDATA *)(CYREG_CACHE_CR), (((CYDEV_INSTRUCT_CACHE_ENABLED) != 0) ? 0xF1u : 0xC0u));
 295   1              /* Setup clocks based on selections from Clock DWR */
 296   1              ClockSetup();
 297   1              /* Set Flash Cycles based on newly configured 24.00MHz Bus Clock. */
 298   1              CY_SET_REG8((void CYXDATA *)(CYREG_CACHE_CR), (((CYDEV_INSTRUCT_CACHE_ENABLED) != 0) ? 0xB1u : 0x80u));
 299   1      
 300   1              /* Perform basic analog initialization to defaults */
 301   1              AnalogSetDefault();
 302   1      
 303   1              /* Configure alternate active mode */
 304   1              CYCONFIGCPY((void CYFAR *)CYDEV_PM_STBY_BASE, (const void CYFAR *)CYDEV_PM_ACT_BASE, 14u);
 305   1              CY_SET_REG8((void CYXDATA *)CYREG_PM_STBY_CFG0, CY_GET_REG8((void CYXDATA *)CYREG_PM_STBY_CFG0) & (uint8)
             -~0x02u);        /* Disable CPU */
 306   1      }
C51 COMPILER V9.51   CYFITTER_CFG                                                          03/02/2014 13:58:57 PAGE 7   

ASSEMBLY LISTING OF GENERATED OBJECT CODE


             ; FUNCTION _CyClockStartupError (BEGIN)
                                           ; SOURCE LINE # 71
0000 900000      R     MOV     DPTR,#errorCode
0003 EF                MOV     A,R7
0004 F0                MOVX    @DPTR,A
                                           ; SOURCE LINE # 72
                                           ; SOURCE LINE # 74
0005 900000      R     MOV     DPTR,#errorCode
0008 E0                MOVX    A,@DPTR
0009 FF                MOV     R7,A
000A 900000      R     MOV     DPTR,#errorCode
000D EF                MOV     A,R7
000E F0                MOVX    @DPTR,A
000F         ?C0001:
                                           ; SOURCE LINE # 86
000F 80FE              SJMP    ?C0001
0011 22                RET     
             ; FUNCTION _CyClockStartupError (END)

             ; FUNCTION ClockSetup (BEGIN)
                                           ; SOURCE LINE # 114
                                           ; SOURCE LINE # 115
                                           ; SOURCE LINE # 121
0000 7B08              MOV     R3,#08H
0002 7A00              MOV     R2,#00H
0004 7908              MOV     R1,#08H
0006 C003              PUSH    AR3
0008 C002              PUSH    AR2
000A C001              PUSH    AR1
000C 7B00              MOV     R3,#00H
000E 7A41              MOV     R2,#041H
0010 7900              MOV     R1,#00H
0012 900000      E     MOV     DPTR,#?_cyconfigcpy?BYTE+05H
0015 120000      E     LCALL   ?C?PSTXDATA
0018 D001              POP     AR1
001A D002              POP     AR2
001C D003              POP     AR3
001E 7F04              MOV     R7,#04H
0020 7E00              MOV     R6,#00H
0022 120000      E     LCALL   _cyconfigcpy
                                           ; SOURCE LINE # 124
0025 904300            MOV     DPTR,#04300H
0028 7402              MOV     A,#02H
002A F0                MOVX    @DPTR,A
                                           ; SOURCE LINE # 125
002B 904000            MOV     DPTR,#04000H
002E 7408              MOV     A,#08H
0030 F0                MOVX    @DPTR,A
                                           ; SOURCE LINE # 128
0031 904200            MOV     DPTR,#04200H
0034 7403              MOV     A,#03H
0036 F0                MOVX    @DPTR,A
                                           ; SOURCE LINE # 129
0037 7B0C              MOV     R3,#0CH
0039 7A01              MOV     R2,#01H
003B 7908              MOV     R1,#08H
003D 120000      E     LCALL   _cyread8
0040 9046A1            MOV     DPTR,#046A1H
0043 EF                MOV     A,R7
C51 COMPILER V9.51   CYFITTER_CFG                                                          03/02/2014 13:58:57 PAGE 8   

0044 F0                MOVX    @DPTR,A
                                           ; SOURCE LINE # 132
0045 7B00              MOV     R3,#00H
0047 7A42              MOV     R2,#042H
0049 7922              MOV     R1,#022H
004B 7D08              MOV     R5,#08H
004D 7C00              MOV     R4,#00H
004F 120000      E     LCALL   _cywrite16
                                           ; SOURCE LINE # 133
0052 7B00              MOV     R3,#00H
0054 7A42              MOV     R2,#042H
0056 7920              MOV     R1,#020H
0058 7D51              MOV     R5,#051H
005A 7C12              MOV     R4,#012H
005C 120000      E     LCALL   _cywrite16
                                           ; SOURCE LINE # 135
005F 900000      R     MOV     DPTR,#pllLock
0062 E4                CLR     A
0063 F0                MOVX    @DPTR,A
                                           ; SOURCE LINE # 136
0064 7F19              MOV     R7,#019H
0066 7E00              MOV     R6,#00H
0068 7D00              MOV     R5,#00H
006A 7C00              MOV     R4,#00H
006C 900000      R     MOV     DPTR,#timeout
006F 120000      E     LCALL   ?C?LSTXDATA
0072         ?C0004:
0072 900000      R     MOV     DPTR,#timeout
0075 120000      E     LCALL   ?C?LLDXDATA
0078 D3                SETB    C
0079 EF                MOV     A,R7
007A 9400              SUBB    A,#00H
007C EE                MOV     A,R6
007D 9400              SUBB    A,#00H
007F 404E              JC      ?C0005
0081 900000      R     MOV     DPTR,#pllLock
0084 E0                MOVX    A,@DPTR
0085 FF                MOV     R7,A
0086 EF                MOV     A,R7
0087 6403              XRL     A,#03H
0089 6044              JZ      ?C0005
                                           ; SOURCE LINE # 137
                                           ; SOURCE LINE # 138
008B 904225            MOV     DPTR,#04225H
008E E0                MOVX    A,@DPTR
008F FF                MOV     R7,A
0090 EF                MOV     A,R7
0091 5401              ANL     A,#01H
0093 FF                MOV     R7,A
0094 7E00              MOV     R6,#00H
0096 900000      R     MOV     DPTR,#pllLock
0099 E0                MOVX    A,@DPTR
009A FE                MOV     R6,A
009B EE                MOV     A,R6
009C 25E0              ADD     A,ACC
009E FE                MOV     R6,A
009F EE                MOV     A,R6
00A0 4F                ORL     A,R7
00A1 FF                MOV     R7,A
00A2 EF                MOV     A,R7
00A3 5403              ANL     A,#03H
00A5 FF                MOV     R7,A
C51 COMPILER V9.51   CYFITTER_CFG                                                          03/02/2014 13:58:57 PAGE 9   

00A6 900000      R     MOV     DPTR,#pllLock
00A9 EF                MOV     A,R7
00AA F0                MOVX    @DPTR,A
                                           ; SOURCE LINE # 139
00AB 7FE0              MOV     R7,#0E0H
00AD 7E01              MOV     R6,#01H
00AF 7D00              MOV     R5,#00H
00B1 7C00              MOV     R4,#00H
00B3 120000      E     LCALL   _CyDelayCycles
                                           ; SOURCE LINE # 140
00B6 900000      R     MOV     DPTR,#timeout
00B9 120000      E     LCALL   ?C?LLDXDATA
00BC 7BFF              MOV     R3,#0FFH
00BE 7AFF              MOV     R2,#0FFH
00C0 79FF              MOV     R1,#0FFH
00C2 78FF              MOV     R0,#0FFH
00C4 120000      E     LCALL   ?C?LADD
00C7 900000      R     MOV     DPTR,#timeout
00CA 120000      E     LCALL   ?C?LSTXDATA
00CD 80A3              SJMP    ?C0004
00CF         ?C0005:
                                           ; SOURCE LINE # 142
00CF 900000      R     MOV     DPTR,#timeout
00D2 120000      E     LCALL   ?C?LLDXDATA
00D5 EF                MOV     A,R7
00D6 4E                ORL     A,R6
00D7 7005              JNZ     ?C0007
                                           ; SOURCE LINE # 143
                                           ; SOURCE LINE # 144
00D9 7F03              MOV     R7,#03H
00DB 120000      R     LCALL   _CyClockStartupError
                                           ; SOURCE LINE # 145
00DE         ?C0007:
                                           ; SOURCE LINE # 148
00DE 7B00              MOV     R3,#00H
00E0 7A40              MOV     R2,#040H
00E2 7904              MOV     R1,#04H
00E4 7D00              MOV     R5,#00H
00E6 7C01              MOV     R4,#01H
00E8 120000      E     LCALL   _cywrite16
                                           ; SOURCE LINE # 149
00EB 904004            MOV     DPTR,#04004H
00EE 7407              MOV     A,#07H
00F0 F0                MOVX    @DPTR,A
                                           ; SOURCE LINE # 150
00F1 904006            MOV     DPTR,#04006H
00F4 E4                CLR     A
00F5 F0                MOVX    @DPTR,A
                                           ; SOURCE LINE # 151
00F6 904008            MOV     DPTR,#04008H
00F9 7448              MOV     A,#048H
00FB F0                MOVX    @DPTR,A
                                           ; SOURCE LINE # 152
00FC 904004            MOV     DPTR,#04004H
00FF E4                CLR     A
0100 F0                MOVX    @DPTR,A
                                           ; SOURCE LINE # 153
0101 904001            MOV     DPTR,#04001H
0104 7402              MOV     A,#02H
0106 F0                MOVX    @DPTR,A
                                           ; SOURCE LINE # 154
0107 90400B            MOV     DPTR,#0400BH
C51 COMPILER V9.51   CYFITTER_CFG                                                          03/02/2014 13:58:57 PAGE 10  

010A 7404              MOV     A,#04H
010C F0                MOVX    @DPTR,A
                                           ; SOURCE LINE # 156
010D 9043A0            MOV     DPTR,#043A0H
0110 E0                MOVX    A,@DPTR
0111 FF                MOV     R7,A
0112 EF                MOV     A,R7
0113 4480              ORL     A,#080H
0115 FF                MOV     R7,A
0116 9043A0            MOV     DPTR,#043A0H
0119 EF                MOV     A,R7
011A F0                MOVX    @DPTR,A
                                           ; SOURCE LINE # 157
011B 22                RET     
             ; FUNCTION ClockSetup (END)

             ; FUNCTION AnalogSetDefault (BEGIN)
                                           ; SOURCE LINE # 179
                                           ; SOURCE LINE # 180
                                           ; SOURCE LINE # 181
0000 7B0C              MOV     R3,#0CH
0002 7A01              MOV     R2,#01H
0004 79CF              MOV     R1,#0CFH
0006 120000      E     LCALL   _cyread8
0009 900000      R     MOV     DPTR,#bg_xover_inl_trim
000C EF                MOV     A,R7
000D F0                MOVX    @DPTR,A
                                           ; SOURCE LINE # 182
000E 900000      R     MOV     DPTR,#bg_xover_inl_trim
0011 E0                MOVX    A,@DPTR
0012 FF                MOV     R7,A
0013 EF                MOV     A,R7
0014 5407              ANL     A,#07H
0016 FF                MOV     R7,A
0017 90586E            MOV     DPTR,#0586EH
001A EF                MOV     A,R7
001B F0                MOVX    @DPTR,A
                                           ; SOURCE LINE # 183
001C 900000      R     MOV     DPTR,#bg_xover_inl_trim
001F E0                MOVX    A,@DPTR
0020 FF                MOV     R7,A
0021 EF                MOV     A,R7
0022 C4                SWAP    A
0023 540F              ANL     A,#0FH
0025 FF                MOV     R7,A
0026 EF                MOV     A,R7
0027 540F              ANL     A,#0FH
0029 FF                MOV     R7,A
002A 90586F            MOV     DPTR,#0586FH
002D EF                MOV     A,R7
002E F0                MOVX    @DPTR,A
                                           ; SOURCE LINE # 184
002F 905876            MOV     DPTR,#05876H
0032 7444              MOV     A,#044H
0034 F0                MOVX    @DPTR,A
                                           ; SOURCE LINE # 185
0035 22                RET     
             ; FUNCTION AnalogSetDefault (END)

             ; FUNCTION _SetAnalogRoutingPumps (BEGIN)
                                           ; SOURCE LINE # 205
0000 900000      R     MOV     DPTR,#enabled
C51 COMPILER V9.51   CYFITTER_CFG                                                          03/02/2014 13:58:57 PAGE 11  

0003 EF                MOV     A,R7
0004 F0                MOVX    @DPTR,A
                                           ; SOURCE LINE # 206
                                           ; SOURCE LINE # 207
0005 905876            MOV     DPTR,#05876H
0008 E0                MOVX    A,@DPTR
0009 FF                MOV     R7,A
000A 900000      R     MOV     DPTR,#regValue
000D EF                MOV     A,R7
000E F0                MOVX    @DPTR,A
                                           ; SOURCE LINE # 208
000F 900000      R     MOV     DPTR,#enabled
0012 E0                MOVX    A,@DPTR
0013 FF                MOV     R7,A
0014 EF                MOV     A,R7
0015 6010              JZ      ?C0010
                                           ; SOURCE LINE # 209
                                           ; SOURCE LINE # 210
0017 900000      R     MOV     DPTR,#regValue
001A E0                MOVX    A,@DPTR
001B FF                MOV     R7,A
001C EF                MOV     A,R7
001D 4400              ORL     A,#00H
001F FF                MOV     R7,A
0020 900000      R     MOV     DPTR,#regValue
0023 EF                MOV     A,R7
0024 F0                MOVX    @DPTR,A
                                           ; SOURCE LINE # 211
0025 800E              SJMP    ?C0011
0027         ?C0010:
                                           ; SOURCE LINE # 213
                                           ; SOURCE LINE # 214
0027 900000      R     MOV     DPTR,#regValue
002A E0                MOVX    A,@DPTR
002B FF                MOV     R7,A
002C EF                MOV     A,R7
002D 54FF              ANL     A,#0FFH
002F FF                MOV     R7,A
0030 900000      R     MOV     DPTR,#regValue
0033 EF                MOV     A,R7
0034 F0                MOVX    @DPTR,A
                                           ; SOURCE LINE # 215
0035         ?C0011:
                                           ; SOURCE LINE # 216
0035 900000      R     MOV     DPTR,#regValue
0038 E0                MOVX    A,@DPTR
0039 FF                MOV     R7,A
003A 905876            MOV     DPTR,#05876H
003D EF                MOV     A,R7
003E F0                MOVX    @DPTR,A
                                           ; SOURCE LINE # 217
003F 22                RET     
             ; FUNCTION _SetAnalogRoutingPumps (END)

             ; FUNCTION cyfitter_cfg (BEGIN)
                                           ; SOURCE LINE # 239
                                           ; SOURCE LINE # 240
                                           ; SOURCE LINE # 242
0000 7B00              MOV     R3,#00H
0002 7A46              MOV     R2,#046H
0004 79E8              MOV     R1,#0E8H
0006 120000      E     LCALL   _cyread8
C51 COMPILER V9.51   CYFITTER_CFG                                                          03/02/2014 13:58:57 PAGE 12  

0009 EF                MOV     A,R7
000A 4401              ORL     A,#01H
000C FD                MOV     R5,A
000D 7B00              MOV     R3,#00H
000F 7A46              MOV     R2,#046H
0011 79E8              MOV     R1,#0E8H
0013 120000      E     LCALL   _cywrite8
                                           ; SOURCE LINE # 244
                                           ; SOURCE LINE # 267
0016 750000      R     MOV     i,#00H
0019         ?C0013:
0019 E500        R     MOV     A,i
001B C3                CLR     C
001C 9409              SUBB    A,#09H
001E 503A              JNC     ?C0014
                                           ; SOURCE LINE # 268
                                           ; SOURCE LINE # 269
0020 AF00        R     MOV     R7,i
0022 EF                MOV     A,R7
0023 75F005            MOV     B,#05H
0026 A4                MUL     AB
0027 2400        R     ADD     A,#LOW cfg_memset_list
0029 F582              MOV     DPL,A
002B E4                CLR     A
002C 3400        R     ADDC    A,#HIGH cfg_memset_list
002E F583              MOV     DPH,A
0030 AF82              MOV     R7,DPL
0032 AE83              MOV     R6,DPH
0034 8E00        R     MOV     ms,R6
0036 8F00        R     MOV     ms+01H,R7
                                           ; SOURCE LINE # 270
0038 AE00        R     MOV     R6,ms
003A AF00        R     MOV     R7,ms+01H
003C 8F82              MOV     DPL,R7
003E 8E83              MOV     DPH,R6
0040 120000      E     LCALL   ?C?PLDCODE
0043 AE00        R     MOV     R6,ms
0045 AF00        R     MOV     R7,ms+01H
0047 8F82              MOV     DPL,R7
0049 8E83              MOV     DPH,R6
004B 7403              MOV     A,#03H
004D 93                MOVC    A,@A+DPTR
004E FC                MOV     R4,A
004F 7404              MOV     A,#04H
0051 93                MOVC    A,@A+DPTR
0052 FD                MOV     R5,A
0053 120000      E     LCALL   _cymemzero
                                           ; SOURCE LINE # 271
0056 0500        R     INC     i
0058 80BF              SJMP    ?C0013
005A         ?C0014:
                                           ; SOURCE LINE # 274
005A 7B01              MOV     R3,#01H
005C 7A50              MOV     R2,#050H
005E 7903              MOV     R1,#03H
0060 120000      E     LCALL   _cyread8
0063 EF                MOV     A,R7
0064 4402              ORL     A,#02H
0066 FD                MOV     R5,A
0067 7B01              MOV     R3,#01H
0069 7A50              MOV     R2,#050H
006B 7903              MOV     R1,#03H
C51 COMPILER V9.51   CYFITTER_CFG                                                          03/02/2014 13:58:57 PAGE 13  

006D 120000      E     LCALL   _cywrite8
                                           ; SOURCE LINE # 275
0070 7B01              MOV     R3,#01H
0072 7A50              MOV     R2,#050H
0074 7913              MOV     R1,#013H
0076 120000      E     LCALL   _cyread8
0079 EF                MOV     A,R7
007A 4402              ORL     A,#02H
007C FD                MOV     R5,A
007D 7B01              MOV     R3,#01H
007F 7A50              MOV     R2,#050H
0081 7913              MOV     R1,#013H
0083 120000      E     LCALL   _cywrite8
                                           ; SOURCE LINE # 278
0086 9043A0            MOV     DPTR,#043A0H
0089 E0                MOVX    A,@DPTR
008A FF                MOV     R7,A
008B EF                MOV     A,R7
008C 4440              ORL     A,#040H
008E FF                MOV     R7,A
008F 9043A0            MOV     DPTR,#043A0H
0092 EF                MOV     A,R7
0093 F0                MOVX    @DPTR,A
                                           ; SOURCE LINE # 279
0094 9043C2            MOV     DPTR,#043C2H
0097 E0                MOVX    A,@DPTR
0098 FF                MOV     R7,A
0099 EF                MOV     A,R7
009A 4410              ORL     A,#010H
009C FF                MOV     R7,A
009D 9043C2            MOV     DPTR,#043C2H
00A0 EF                MOV     A,R7
00A1 F0                MOVX    @DPTR,A
                                           ; SOURCE LINE # 280
                                           ; SOURCE LINE # 283
00A2 7B08              MOV     R3,#08H
00A4 7A00              MOV     R2,#00H
00A6 7900              MOV     R1,#00H
00A8 C003              PUSH    AR3
00AA C002              PUSH    AR2
00AC C001              PUSH    AR1
00AE 7B00              MOV     R3,#00H
00B0 7A51              MOV     R2,#051H
00B2 7922              MOV     R1,#022H
00B4 900000      E     MOV     DPTR,#?_cyconfigcpy?BYTE+05H
00B7 120000      E     LCALL   ?C?PSTXDATA
00BA D001              POP     AR1
00BC D002              POP     AR2
00BE D003              POP     AR3
00C0 7F08              MOV     R7,#08H
00C2 7E00              MOV     R6,#00H
00C4 120000      E     LCALL   _cyconfigcpy
                                           ; SOURCE LINE # 286
00C7 904322            MOV     DPTR,#04322H
00CA E0                MOVX    A,@DPTR
00CB FF                MOV     R7,A
00CC EF                MOV     A,R7
00CD 4408              ORL     A,#08H
00CF FF                MOV     R7,A
00D0 904322            MOV     DPTR,#04322H
00D3 EF                MOV     A,R7
00D4 F0                MOVX    @DPTR,A
C51 COMPILER V9.51   CYFITTER_CFG                                                          03/02/2014 13:58:57 PAGE 14  

                                           ; SOURCE LINE # 287
00D5 9046EC            MOV     DPTR,#046ECH
00D8 E0                MOVX    A,@DPTR
00D9 FF                MOV     R7,A
00DA EF                MOV     A,R7
00DB C3                CLR     C
00DC 9405              SUBB    A,#05H
00DE 5006              JNC     ?C0016
                                           ; SOURCE LINE # 288
                                           ; SOURCE LINE # 289
00E0 904689            MOV     DPTR,#04689H
00E3 743A              MOV     A,#03AH
00E5 F0                MOVX    @DPTR,A
                                           ; SOURCE LINE # 290
00E6         ?C0016:
                                           ; SOURCE LINE # 294
00E6 904800            MOV     DPTR,#04800H
00E9 74F1              MOV     A,#0F1H
00EB F0                MOVX    @DPTR,A
                                           ; SOURCE LINE # 296
00EC 120000      R     LCALL   ClockSetup
                                           ; SOURCE LINE # 298
00EF 904800            MOV     DPTR,#04800H
00F2 74B1              MOV     A,#0B1H
00F4 F0                MOVX    @DPTR,A
                                           ; SOURCE LINE # 301
00F5 120000      R     LCALL   AnalogSetDefault
                                           ; SOURCE LINE # 304
00F8 7B00              MOV     R3,#00H
00FA 7A43              MOV     R2,#043H
00FC 79A0              MOV     R1,#0A0H
00FE C003              PUSH    AR3
0100 C002              PUSH    AR2
0102 C001              PUSH    AR1
0104 7B00              MOV     R3,#00H
0106 7A43              MOV     R2,#043H
0108 79B0              MOV     R1,#0B0H
010A 900000      E     MOV     DPTR,#?_cyconfigcpy?BYTE+05H
010D 120000      E     LCALL   ?C?PSTXDATA
0110 D001              POP     AR1
0112 D002              POP     AR2
0114 D003              POP     AR3
0116 7F0E              MOV     R7,#0EH
0118 7E00              MOV     R6,#00H
011A 120000      E     LCALL   _cyconfigcpy
                                           ; SOURCE LINE # 305
011D 9043B0            MOV     DPTR,#043B0H
0120 E0                MOVX    A,@DPTR
0121 FF                MOV     R7,A
0122 EF                MOV     A,R7
0123 54FD              ANL     A,#0FDH
0125 FF                MOV     R7,A
0126 EF                MOV     A,R7
0127 F0                MOVX    @DPTR,A
                                           ; SOURCE LINE # 306
0128 22                RET     
             ; FUNCTION cyfitter_cfg (END)



MODULE INFORMATION:   STATIC OVERLAYABLE
   CODE SIZE        =    717    ----
C51 COMPILER V9.51   CYFITTER_CFG                                                          03/02/2014 13:58:57 PAGE 15  

   CONSTANT SIZE    =     45    ----
   XDATA SIZE       =   ----       9
   PDATA SIZE       =   ----    ----
   DATA SIZE        =   ----       3
   IDATA SIZE       =   ----    ----
   BIT SIZE         =   ----    ----
   EDATA SIZE       =   ----    ----
   HDATA SIZE       =   ----    ----
   XDATA CONST SIZE =   ----    ----
   FAR CONST SIZE   =   ----    ----
END OF MODULE INFORMATION.


C51 COMPILATION COMPLETE.  0 WARNING(S),  0 ERROR(S)
