--------------- Build Started: 03/02/2014 13:58:48 Project: Em_EEPROM_Example01, Configuration: DP8051 Keil 9.51 Debug ---------------
cydsfit.exe "-.appdatapath" "C:\Users\maxwell18\AppData\Local\Cypress Semiconductor\PSoC Creator\3.0" "-.fdsnotice" "-.fdswarpdepfile=warp_dependencies.txt" "-.fdselabdepfile=elab_dependencies.txt" "-.fdsbldfile=generated_files.txt" "-p" "C:\Users\maxwell18\Documents\PSoC Creator\Design02\Em_EEPROM_Example01.cydsn\Em_EEPROM_Example01.cyprj" "-d" "CY8C3866AXI-040" "-s" "C:\Users\maxwell18\Documents\PSoC Creator\Design02\Em_EEPROM_Example01.cydsn\Generated_Source\PSoC3" "--" "-yv2" "-v3" "-ygs" "-q10" "-o2" "-.fftcfgtype=BE"
Elaborating Design...
HDL Generation ...
Synthesis ...
Place and Route ...
Tech mapping ...
Analog Placement ...
Analog Routing ...
Analog Code Generation ...
Digital Placement ...
Digital Routing ...
Bitstream Generation ...
Static timing analysis ...
API Generation ...
Dependency Generation ...
Clean Temporary Files ...
c51.exe .\main.c NOIV LARGE MODDP2 OMF2 VB(1) PR(.\DP8051\DP8051_Keil_951\Debug\main.lst) CD DB NOIP "OT(2, Size)" "DF (DEBUG)" "INCDIR(., .\Generated_Source\PSoC3)" OJ(.\DP8051\DP8051_Keil_951\Debug\main.obj)
c51.exe .\Generated_Source\PSoC3\cyfitter_cfg.c NOIV LARGE MODDP2 OMF2 VB(1) PR(.\DP8051\DP8051_Keil_951\Debug\cyfitter_cfg.lst) CD DB NOIP "OT(2, Size)" "DF (DEBUG)" "INCDIR(., .\Generated_Source\PSoC3)" OJ(.\DP8051\DP8051_Keil_951\Debug\cyfitter_cfg.obj)
c51.exe .\Generated_Source\PSoC3\Em_EEPROM.c NOIV LARGE MODDP2 OMF2 VB(1) PR(.\DP8051\DP8051_Keil_951\Debug\Em_EEPROM.lst) CD DB NOIP "OT(2, Size)" "DF (DEBUG)" "INCDIR(., .\Generated_Source\PSoC3)" OJ(.\DP8051\DP8051_Keil_951\Debug\Em_EEPROM.obj)
c51.exe .\Generated_Source\PSoC3\LCD.c NOIV LARGE MODDP2 OMF2 VB(1) PR(.\DP8051\DP8051_Keil_951\Debug\LCD.lst) CD DB NOIP "OT(2, Size)" "DF (DEBUG)" "INCDIR(., .\Generated_Source\PSoC3)" OJ(.\DP8051\DP8051_Keil_951\Debug\LCD.obj)
c51.exe .\Generated_Source\PSoC3\LCD_PM.c NOIV LARGE MODDP2 OMF2 VB(1) PR(.\DP8051\DP8051_Keil_951\Debug\LCD_PM.lst) CD DB NOIP "OT(2, Size)" "DF (DEBUG)" "INCDIR(., .\Generated_Source\PSoC3)" OJ(.\DP8051\DP8051_Keil_951\Debug\LCD_PM.obj)
c51.exe .\Generated_Source\PSoC3\LCD_LCDPort.c NOIV LARGE MODDP2 OMF2 VB(1) PR(.\DP8051\DP8051_Keil_951\Debug\LCD_LCDPort.lst) CD DB NOIP "OT(2, Size)" "DF (DEBUG)" "INCDIR(., .\Generated_Source\PSoC3)" OJ(.\DP8051\DP8051_Keil_951\Debug\LCD_LCDPort.obj)
c51.exe .\Generated_Source\PSoC3\CyScBoostClk.c NOIV LARGE MODDP2 OMF2 VB(1) PR(.\DP8051\DP8051_Keil_951\Debug\CyScBoostClk.lst) CD DB NOIP "OT(2, Size)" "DF (DEBUG)" "INCDIR(., .\Generated_Source\PSoC3)" OJ(.\DP8051\DP8051_Keil_951\Debug\CyScBoostClk.obj)
Ax51.exe .\Generated_Source\PSoC3\CyBootAsmKeil.a51 NOCO MACRO DB DF(DEBUG) PR(.\DP8051\DP8051_Keil_951\Debug/CyBootAsmKeil.lst) CASE EP "INCDIR(., .\Generated_Source\PSoC3)" OJ(.\DP8051\DP8051_Keil_951\Debug\CyBootAsmKeil.obj)
c51.exe .\Generated_Source\PSoC3\CyDmac.c NOIV LARGE MODDP2 OMF2 VB(1) PR(.\DP8051\DP8051_Keil_951\Debug\CyDmac.lst) CD DB NOIP "OT(2, Size)" "DF (DEBUG)" "INCDIR(., .\Generated_Source\PSoC3)" OJ(.\DP8051\DP8051_Keil_951\Debug\CyDmac.obj)
c51.exe .\Generated_Source\PSoC3\CyFlash.c NOIV LARGE MODDP2 OMF2 VB(1) PR(.\DP8051\DP8051_Keil_951\Debug\CyFlash.lst) CD DB NOIP "OT(2, Size)" "DF (DEBUG)" "INCDIR(., .\Generated_Source\PSoC3)" OJ(.\DP8051\DP8051_Keil_951\Debug\CyFlash.obj)
c51.exe .\Generated_Source\PSoC3\CyLib.c NOIV LARGE MODDP2 OMF2 VB(1) PR(.\DP8051\DP8051_Keil_951\Debug\CyLib.lst) CD DB NOIP "OT(2, Size)" "DF (DEBUG)" "INCDIR(., .\Generated_Source\PSoC3)" OJ(.\DP8051\DP8051_Keil_951\Debug\CyLib.obj)
Ax51.exe .\Generated_Source\PSoC3\cymem.a51 NOCO MACRO DB DF(DEBUG) PR(.\DP8051\DP8051_Keil_951\Debug/cymem.lst) CASE EP "INCDIR(., .\Generated_Source\PSoC3)" OJ(.\DP8051\DP8051_Keil_951\Debug\cymem.obj)
c51.exe .\Generated_Source\PSoC3\cyPm.c NOIV LARGE MODDP2 OMF2 VB(1) PR(.\DP8051\DP8051_Keil_951\Debug\cyPm.lst) CD DB NOIP "OT(2, Size)" "DF (DEBUG)" "INCDIR(., .\Generated_Source\PSoC3)" OJ(.\DP8051\DP8051_Keil_951\Debug\cyPm.obj)
c51.exe .\Generated_Source\PSoC3\CySpc.c NOIV LARGE MODDP2 OMF2 VB(1) PR(.\DP8051\DP8051_Keil_951\Debug\CySpc.lst) CD DB NOIP "OT(2, Size)" "DF (DEBUG)" "INCDIR(., .\Generated_Source\PSoC3)" OJ(.\DP8051\DP8051_Keil_951\Debug\CySpc.obj)
c51.exe .\Generated_Source\PSoC3\cyutils.c NOIV LARGE MODDP2 OMF2 VB(1) PR(.\DP8051\DP8051_Keil_951\Debug\cyutils.lst) CD DB NOIP "OT(2, Size)" "DF (DEBUG)" "INCDIR(., .\Generated_Source\PSoC3)" OJ(.\DP8051\DP8051_Keil_951\Debug\cyutils.obj)
Ax51.exe .\Generated_Source\PSoC3\KeilStart.a51 NOCO MACRO DB DF(DEBUG) PR(.\DP8051\DP8051_Keil_951\Debug/KeilStart.lst) CASE EP "INCDIR(., .\Generated_Source\PSoC3)" OJ(.\DP8051\DP8051_Keil_951\Debug\KeilStart.obj)
LIBX51.exe TRANSFER '.\DP8051\DP8051_Keil_951\Debug\cyfitter_cfg.obj', '.\DP8051\DP8051_Keil_951\Debug\Em_EEPROM.obj', '.\DP8051\DP8051_Keil_951\Debug\LCD.obj', '.\DP8051\DP8051_Keil_951\Debug\LCD_PM.obj', '.\DP8051\DP8051_Keil_951\Debug\LCD_LCDPort.obj', '.\DP8051\DP8051_Keil_951\Debug\CyScBoostClk.obj', '.\DP8051\DP8051_Keil_951\Debug\CyBootAsmKeil.obj', '.\DP8051\DP8051_Keil_951\Debug\CyDmac.obj', '.\DP8051\DP8051_Keil_951\Debug\CyFlash.obj', '.\DP8051\DP8051_Keil_951\Debug\CyLib.obj', '.\DP8051\DP8051_Keil_951\Debug\cymem.obj', '.\DP8051\DP8051_Keil_951\Debug\cyPm.obj', '.\DP8051\DP8051_Keil_951\Debug\CySpc.obj', '.\DP8051\DP8051_Keil_951\Debug\cyutils.obj', '.\DP8051\DP8051_Keil_951\Debug\KeilStart.obj' TO '.\DP8051\DP8051_Keil_951\Debug\Em_EEPROM_Example01.lib'
LX51.exe '.\DP8051\DP8051_Keil_951\Debug\main.obj', '.\DP8051\DP8051_Keil_951\Debug\Em_EEPROM_Example01.lib', 'C:\Program Files (x86)\Cypress\PSoC Creator\3.0\PSoC Creator\psoc\content\cycomponentlibrary\CyComponentLibrary.cylib\DP8051\DP8051_Keil_951\Debug\CyComponentLibrary.lib'  TO '.\DP8051\DP8051_Keil_951\Debug\Em_EEPROM_Example01.omf' PR(.\DP8051\DP8051_Keil_951\Debug\Em_EEPROM_Example01.map) IX CODE DW(16) RU CL(XDATA(X:0x0000-X:0x1FFF)) CL(CODE(C:0x0000-C:0xFFFF)) CL(CONST(C:0x0000-C:0xFFFF))
Program Size: data=14.0 xdata=718 const=45 code=5675
OHx51.exe Em_EEPROM_Example01.omf HEXFILE(Em_EEPROM_Example01.ihx)
c8051-elf-omf2elf.exe Em_EEPROM_Example01.omf Em_EEPROM_Example01.elf
cyhextool -o .\DP8051\DP8051_Keil_951\Debug\Em_EEPROM_Example01.hex -f .\DP8051\DP8051_Keil_951\Debug\Em_EEPROM_Example01.ihx -prot .\Generated_Source\PSoC3\protect.hex -id 1E028069 -a EEPROM=90200000:800,PROGRAM=00000000:10000,CONFIG=80000000:2000,PROTECT=90400000:40 -meta 0301 -cunv 00004005 -wonv BC90ACAF -ecc .\Generated_Source\PSoC3\config.hex
Flash used: 5720 of 65536 bytes (8.7 %).
SRAM used: 718 of 8192 bytes (8.8 %).
--------------- Build Succeeded: 03/02/2014 13:59:02 ---------------
