--------------- Build Started: 03/27/2014 17:47:59 Project: Erebus_Sensor, Configuration: DP8051 Keil 9.51 Debug ---------------
cydsfit.exe "-.appdatapath" "C:\Users\maxwell18\AppData\Local\Cypress Semiconductor\PSoC Creator\3.0" "-.fdsnotice" "-.fdswarpdepfile=warp_dependencies.txt" "-.fdselabdepfile=elab_dependencies.txt" "-.fdsbldfile=generated_files.txt" "-p" "C:\Users\maxwell18\Desktop\Capstone work\Project Work\MASTER\Erebus_Sensor.cydsn\Erebus_Sensor.cyprj" "-d" "CY8C3866AXI-040" "-s" "C:\Users\maxwell18\Desktop\Capstone work\Project Work\MASTER\Erebus_Sensor.cydsn\Generated_Source\PSoC3" "--" "-yv2" "-v3" "-ygs" "-q10" "-o2" "-.fftcfgtype=BE"
Elaborating Design...
HDL Generation ...
Synthesis ...
Place and Route ...
Tech mapping ...
Info: mpr.M0037: Unused pieces of the design have been optimized out. See the Tech mapping section of the report file for details. (App=cydsfit)
Analog Placement ...
Info: apr.M0002: Analog signal "\ADC:Net_690\" is connected to one terminal only. (App=cydsfit)
Analog Routing ...
Analog Code Generation ...
Digital Placement ...
Digital Routing ...
Bitstream Generation ...
Static timing analysis ...
Warning: sta.M0021: Erebus_Sensor_timing.html: Warning-1350: Asynchronous path(s) exist from "timer_clock(fixed-function)" to "timer_clock". See the timing report for details. (File=C:\Users\maxwell18\Desktop\Capstone work\Project Work\MASTER\Erebus_Sensor.cydsn\Erebus_Sensor_timing.html)
API Generation ...
Dependency Generation ...
Clean Temporary Files ...
c51.exe .\main.c NOIV LARGE MODDP2 OMF2 VB(1) PR(.\DP8051\DP8051_Keil_951\Debug\main.lst) CD DB NOIP "OT(2, Size)" "DF (DEBUG)" "INCDIR(., .\Generated_Source\PSoC3)" OJ(.\DP8051\DP8051_Keil_951\Debug\main.obj)
c51.exe .\USB_Access.c NOIV LARGE MODDP2 OMF2 VB(1) PR(.\DP8051\DP8051_Keil_951\Debug\USB_Access.lst) CD DB NOIP "OT(2, Size)" "DF (DEBUG)" "INCDIR(., .\Generated_Source\PSoC3)" OJ(.\DP8051\DP8051_Keil_951\Debug\USB_Access.obj)
c51.exe .\EEPROM_Access.c NOIV LARGE MODDP2 OMF2 VB(1) PR(.\DP8051\DP8051_Keil_951\Debug\EEPROM_Access.lst) CD DB NOIP "OT(2, Size)" "DF (DEBUG)" "INCDIR(., .\Generated_Source\PSoC3)" OJ(.\DP8051\DP8051_Keil_951\Debug\EEPROM_Access.obj)
WARNING: .\EEPROM_Access.c:19: mspace probably invalid
c51.exe .\Generated_Source\PSoC3\cyfitter_cfg.c NOIV LARGE MODDP2 OMF2 VB(1) PR(.\DP8051\DP8051_Keil_951\Debug\cyfitter_cfg.lst) CD DB NOIP "OT(2, Size)" "DF (DEBUG)" "INCDIR(., .\Generated_Source\PSoC3)" OJ(.\DP8051\DP8051_Keil_951\Debug\cyfitter_cfg.obj)
c51.exe .\Generated_Source\PSoC3\LED.c NOIV LARGE MODDP2 OMF2 VB(1) PR(.\DP8051\DP8051_Keil_951\Debug\LED.lst) CD DB NOIP "OT(2, Size)" "DF (DEBUG)" "INCDIR(., .\Generated_Source\PSoC3)" OJ(.\DP8051\DP8051_Keil_951\Debug\LED.obj)
Ax51.exe .\Generated_Source\PSoC3\CyBootAsmKeil.a51 NOCO MACRO DB DF(DEBUG) PR(.\DP8051\DP8051_Keil_951\Debug/CyBootAsmKeil.lst) CASE EP "INCDIR(., .\Generated_Source\PSoC3)" OJ(.\DP8051\DP8051_Keil_951\Debug\CyBootAsmKeil.obj)
c51.exe .\Generated_Source\PSoC3\CyDmac.c NOIV LARGE MODDP2 OMF2 VB(1) PR(.\DP8051\DP8051_Keil_951\Debug\CyDmac.lst) CD DB NOIP "OT(2, Size)" "DF (DEBUG)" "INCDIR(., .\Generated_Source\PSoC3)" OJ(.\DP8051\DP8051_Keil_951\Debug\CyDmac.obj)
c51.exe .\Generated_Source\PSoC3\CyFlash.c NOIV LARGE MODDP2 OMF2 VB(1) PR(.\DP8051\DP8051_Keil_951\Debug\CyFlash.lst) CD DB NOIP "OT(2, Size)" "DF (DEBUG)" "INCDIR(., .\Generated_Source\PSoC3)" OJ(.\DP8051\DP8051_Keil_951\Debug\CyFlash.obj)
c51.exe .\Generated_Source\PSoC3\CyLib.c NOIV LARGE MODDP2 OMF2 VB(1) PR(.\DP8051\DP8051_Keil_951\Debug\CyLib.lst) CD DB NOIP "OT(2, Size)" "DF (DEBUG)" "INCDIR(., .\Generated_Source\PSoC3)" OJ(.\DP8051\DP8051_Keil_951\Debug\CyLib.obj)
c51.exe .\Generated_Source\PSoC3\cyPm.c NOIV LARGE MODDP2 OMF2 VB(1) PR(.\DP8051\DP8051_Keil_951\Debug\cyPm.lst) CD DB NOIP "OT(2, Size)" "DF (DEBUG)" "INCDIR(., .\Generated_Source\PSoC3)" OJ(.\DP8051\DP8051_Keil_951\Debug\cyPm.obj)
c51.exe .\Generated_Source\PSoC3\CySpc.c NOIV LARGE MODDP2 OMF2 VB(1) PR(.\DP8051\DP8051_Keil_951\Debug\CySpc.lst) CD DB NOIP "OT(2, Size)" "DF (DEBUG)" "INCDIR(., .\Generated_Source\PSoC3)" OJ(.\DP8051\DP8051_Keil_951\Debug\CySpc.obj)
c51.exe .\Generated_Source\PSoC3\cyutils.c NOIV LARGE MODDP2 OMF2 VB(1) PR(.\DP8051\DP8051_Keil_951\Debug\cyutils.lst) CD DB NOIP "OT(2, Size)" "DF (DEBUG)" "INCDIR(., .\Generated_Source\PSoC3)" OJ(.\DP8051\DP8051_Keil_951\Debug\cyutils.obj)
Ax51.exe .\Generated_Source\PSoC3\KeilStart.a51 NOCO MACRO DB DF(DEBUG) PR(.\DP8051\DP8051_Keil_951\Debug/KeilStart.lst) CASE EP "INCDIR(., .\Generated_Source\PSoC3)" OJ(.\DP8051\DP8051_Keil_951\Debug\KeilStart.obj)
c51.exe .\Generated_Source\PSoC3\timer_clock.c NOIV LARGE MODDP2 OMF2 VB(1) PR(.\DP8051\DP8051_Keil_951\Debug\timer_clock.lst) CD DB NOIP "OT(2, Size)" "DF (DEBUG)" "INCDIR(., .\Generated_Source\PSoC3)" OJ(.\DP8051\DP8051_Keil_951\Debug\timer_clock.obj)
c51.exe .\Generated_Source\PSoC3\Vbus.c NOIV LARGE MODDP2 OMF2 VB(1) PR(.\DP8051\DP8051_Keil_951\Debug\Vbus.lst) CD DB NOIP "OT(2, Size)" "DF (DEBUG)" "INCDIR(., .\Generated_Source\PSoC3)" OJ(.\DP8051\DP8051_Keil_951\Debug\Vbus.obj)
c51.exe .\Generated_Source\PSoC3\Vbus_IRQ.c NOIV LARGE MODDP2 OMF2 VB(1) PR(.\DP8051\DP8051_Keil_951\Debug\Vbus_IRQ.lst) CD DB NOIP "OT(2, Size)" "DF (DEBUG)" "INCDIR(., .\Generated_Source\PSoC3)" OJ(.\DP8051\DP8051_Keil_951\Debug\Vbus_IRQ.obj)
c51.exe .\Generated_Source\PSoC3\USBUART.c NOIV LARGE MODDP2 OMF2 VB(1) PR(.\DP8051\DP8051_Keil_951\Debug\USBUART.lst) CD DB NOIP "OT(2, Size)" "DF (DEBUG)" "INCDIR(., .\Generated_Source\PSoC3)" OJ(.\DP8051\DP8051_Keil_951\Debug\USBUART.obj)
c51.exe .\Generated_Source\PSoC3\USBUART_audio.c NOIV LARGE MODDP2 OMF2 VB(1) PR(.\DP8051\DP8051_Keil_951\Debug\USBUART_audio.lst) CD DB NOIP "OT(2, Size)" "DF (DEBUG)" "INCDIR(., .\Generated_Source\PSoC3)" OJ(.\DP8051\DP8051_Keil_951\Debug\USBUART_audio.obj)
c51.exe .\Generated_Source\PSoC3\USBUART_boot.c NOIV LARGE MODDP2 OMF2 VB(1) PR(.\DP8051\DP8051_Keil_951\Debug\USBUART_boot.lst) CD DB NOIP "OT(2, Size)" "DF (DEBUG)" "INCDIR(., .\Generated_Source\PSoC3)" OJ(.\DP8051\DP8051_Keil_951\Debug\USBUART_boot.obj)
c51.exe .\Generated_Source\PSoC3\USBUART_cdc.c NOIV LARGE MODDP2 OMF2 VB(1) PR(.\DP8051\DP8051_Keil_951\Debug\USBUART_cdc.lst) CD DB NOIP "OT(2, Size)" "DF (DEBUG)" "INCDIR(., .\Generated_Source\PSoC3)" OJ(.\DP8051\DP8051_Keil_951\Debug\USBUART_cdc.obj)
c51.exe .\Generated_Source\PSoC3\USBUART_cls.c NOIV LARGE MODDP2 OMF2 VB(1) PR(.\DP8051\DP8051_Keil_951\Debug\USBUART_cls.lst) CD DB NOIP "OT(2, Size)" "DF (DEBUG)" "INCDIR(., .\Generated_Source\PSoC3)" OJ(.\DP8051\DP8051_Keil_951\Debug\USBUART_cls.obj)
c51.exe .\Generated_Source\PSoC3\USBUART_descr.c NOIV LARGE MODDP2 OMF2 VB(1) PR(.\DP8051\DP8051_Keil_951\Debug\USBUART_descr.lst) CD DB NOIP "OT(2, Size)" "DF (DEBUG)" "INCDIR(., .\Generated_Source\PSoC3)" OJ(.\DP8051\DP8051_Keil_951\Debug\USBUART_descr.obj)
c51.exe .\Generated_Source\PSoC3\USBUART_drv.c NOIV LARGE MODDP2 OMF2 VB(1) PR(.\DP8051\DP8051_Keil_951\Debug\USBUART_drv.lst) CD DB NOIP "OT(2, Size)" "DF (DEBUG)" "INCDIR(., .\Generated_Source\PSoC3)" OJ(.\DP8051\DP8051_Keil_951\Debug\USBUART_drv.obj)
c51.exe .\Generated_Source\PSoC3\USBUART_episr.c NOIV LARGE MODDP2 OMF2 VB(1) PR(.\DP8051\DP8051_Keil_951\Debug\USBUART_episr.lst) CD DB NOIP "OT(2, Size)" "DF (DEBUG)" "INCDIR(., .\Generated_Source\PSoC3)" OJ(.\DP8051\DP8051_Keil_951\Debug\USBUART_episr.obj)
c51.exe .\Generated_Source\PSoC3\USBUART_hid.c NOIV LARGE MODDP2 OMF2 VB(1) PR(.\DP8051\DP8051_Keil_951\Debug\USBUART_hid.lst) CD DB NOIP "OT(2, Size)" "DF (DEBUG)" "INCDIR(., .\Generated_Source\PSoC3)" OJ(.\DP8051\DP8051_Keil_951\Debug\USBUART_hid.obj)
c51.exe .\Generated_Source\PSoC3\USBUART_pm.c NOIV LARGE MODDP2 OMF2 VB(1) PR(.\DP8051\DP8051_Keil_951\Debug\USBUART_pm.lst) CD DB NOIP "OT(2, Size)" "DF (DEBUG)" "INCDIR(., .\Generated_Source\PSoC3)" OJ(.\DP8051\DP8051_Keil_951\Debug\USBUART_pm.obj)
c51.exe .\Generated_Source\PSoC3\USBUART_std.c NOIV LARGE MODDP2 OMF2 VB(1) PR(.\DP8051\DP8051_Keil_951\Debug\USBUART_std.lst) CD DB NOIP "OT(2, Size)" "DF (DEBUG)" "INCDIR(., .\Generated_Source\PSoC3)" OJ(.\DP8051\DP8051_Keil_951\Debug\USBUART_std.obj)
c51.exe .\Generated_Source\PSoC3\USBUART_vnd.c NOIV LARGE MODDP2 OMF2 VB(1) PR(.\DP8051\DP8051_Keil_951\Debug\USBUART_vnd.lst) CD DB NOIP "OT(2, Size)" "DF (DEBUG)" "INCDIR(., .\Generated_Source\PSoC3)" OJ(.\DP8051\DP8051_Keil_951\Debug\USBUART_vnd.obj)
c51.exe .\Generated_Source\PSoC3\USBUART_midi.c NOIV LARGE MODDP2 OMF2 VB(1) PR(.\DP8051\DP8051_Keil_951\Debug\USBUART_midi.lst) CD DB NOIP "OT(2, Size)" "DF (DEBUG)" "INCDIR(., .\Generated_Source\PSoC3)" OJ(.\DP8051\DP8051_Keil_951\Debug\USBUART_midi.obj)
c51.exe .\Generated_Source\PSoC3\Blink_Timer.c NOIV LARGE MODDP2 OMF2 VB(1) PR(.\DP8051\DP8051_Keil_951\Debug\Blink_Timer.lst) CD DB NOIP "OT(2, Size)" "DF (DEBUG)" "INCDIR(., .\Generated_Source\PSoC3)" OJ(.\DP8051\DP8051_Keil_951\Debug\Blink_Timer.obj)
c51.exe .\Generated_Source\PSoC3\Blink_Timer_PM.c NOIV LARGE MODDP2 OMF2 VB(1) PR(.\DP8051\DP8051_Keil_951\Debug\Blink_Timer_PM.lst) CD DB NOIP "OT(2, Size)" "DF (DEBUG)" "INCDIR(., .\Generated_Source\PSoC3)" OJ(.\DP8051\DP8051_Keil_951\Debug\Blink_Timer_PM.obj)
c51.exe .\Generated_Source\PSoC3\USBUART_Dm.c NOIV LARGE MODDP2 OMF2 VB(1) PR(.\DP8051\DP8051_Keil_951\Debug\USBUART_Dm.lst) CD DB NOIP "OT(2, Size)" "DF (DEBUG)" "INCDIR(., .\Generated_Source\PSoC3)" OJ(.\DP8051\DP8051_Keil_951\Debug\USBUART_Dm.obj)
c51.exe .\Generated_Source\PSoC3\USBUART_Dp.c NOIV LARGE MODDP2 OMF2 VB(1) PR(.\DP8051\DP8051_Keil_951\Debug\USBUART_Dp.lst) CD DB NOIP "OT(2, Size)" "DF (DEBUG)" "INCDIR(., .\Generated_Source\PSoC3)" OJ(.\DP8051\DP8051_Keil_951\Debug\USBUART_Dp.obj)
c51.exe .\Generated_Source\PSoC3\EEPROM_R.c NOIV LARGE MODDP2 OMF2 VB(1) PR(.\DP8051\DP8051_Keil_951\Debug\EEPROM_R.lst) CD DB NOIP "OT(2, Size)" "DF (DEBUG)" "INCDIR(., .\Generated_Source\PSoC3)" OJ(.\DP8051\DP8051_Keil_951\Debug\EEPROM_R.obj)
c51.exe .\Generated_Source\PSoC3\debounce_clock.c NOIV LARGE MODDP2 OMF2 VB(1) PR(.\DP8051\DP8051_Keil_951\Debug\debounce_clock.lst) CD DB NOIP "OT(2, Size)" "DF (DEBUG)" "INCDIR(., .\Generated_Source\PSoC3)" OJ(.\DP8051\DP8051_Keil_951\Debug\debounce_clock.obj)
c51.exe .\Generated_Source\PSoC3\USB_LED.c NOIV LARGE MODDP2 OMF2 VB(1) PR(.\DP8051\DP8051_Keil_951\Debug\USB_LED.lst) CD DB NOIP "OT(2, Size)" "DF (DEBUG)" "INCDIR(., .\Generated_Source\PSoC3)" OJ(.\DP8051\DP8051_Keil_951\Debug\USB_LED.obj)
c51.exe .\Generated_Source\PSoC3\EEPROM_LED.c NOIV LARGE MODDP2 OMF2 VB(1) PR(.\DP8051\DP8051_Keil_951\Debug\EEPROM_LED.lst) CD DB NOIP "OT(2, Size)" "DF (DEBUG)" "INCDIR(., .\Generated_Source\PSoC3)" OJ(.\DP8051\DP8051_Keil_951\Debug\EEPROM_LED.obj)
c51.exe .\Generated_Source\PSoC3\Em_EEPROM.c NOIV LARGE MODDP2 OMF2 VB(1) PR(.\DP8051\DP8051_Keil_951\Debug\Em_EEPROM.lst) CD DB NOIP "OT(2, Size)" "DF (DEBUG)" "INCDIR(., .\Generated_Source\PSoC3)" OJ(.\DP8051\DP8051_Keil_951\Debug\Em_EEPROM.obj)
c51.exe .\Generated_Source\PSoC3\ADC.c NOIV LARGE MODDP2 OMF2 VB(1) PR(.\DP8051\DP8051_Keil_951\Debug\ADC.lst) CD DB NOIP "OT(2, Size)" "DF (DEBUG)" "INCDIR(., .\Generated_Source\PSoC3)" OJ(.\DP8051\DP8051_Keil_951\Debug\ADC.obj)
c51.exe .\Generated_Source\PSoC3\ADC_PM.c NOIV LARGE MODDP2 OMF2 VB(1) PR(.\DP8051\DP8051_Keil_951\Debug\ADC_PM.lst) CD DB NOIP "OT(2, Size)" "DF (DEBUG)" "INCDIR(., .\Generated_Source\PSoC3)" OJ(.\DP8051\DP8051_Keil_951\Debug\ADC_PM.obj)
c51.exe .\Generated_Source\PSoC3\ADC_INT.c NOIV LARGE MODDP2 OMF2 VB(1) PR(.\DP8051\DP8051_Keil_951\Debug\ADC_INT.lst) CD DB NOIP "OT(2, Size)" "DF (DEBUG)" "INCDIR(., .\Generated_Source\PSoC3)" OJ(.\DP8051\DP8051_Keil_951\Debug\ADC_INT.obj)
c51.exe .\Generated_Source\PSoC3\TakeSample_IRQ.c NOIV LARGE MODDP2 OMF2 VB(1) PR(.\DP8051\DP8051_Keil_951\Debug\TakeSample_IRQ.lst) CD DB NOIP "OT(2, Size)" "DF (DEBUG)" "INCDIR(., .\Generated_Source\PSoC3)" OJ(.\DP8051\DP8051_Keil_951\Debug\TakeSample_IRQ.obj)
WARNING: .\Generated_Source\PSoC3\TakeSample_IRQ.c:152: pointer to different objects
c51.exe .\Generated_Source\PSoC3\SW_3.c NOIV LARGE MODDP2 OMF2 VB(1) PR(.\DP8051\DP8051_Keil_951\Debug\SW_3.lst) CD DB NOIP "OT(2, Size)" "DF (DEBUG)" "INCDIR(., .\Generated_Source\PSoC3)" OJ(.\DP8051\DP8051_Keil_951\Debug\SW_3.obj)
c51.exe .\Generated_Source\PSoC3\ADC_AMux.c NOIV LARGE MODDP2 OMF2 VB(1) PR(.\DP8051\DP8051_Keil_951\Debug\ADC_AMux.lst) CD DB NOIP "OT(2, Size)" "DF (DEBUG)" "INCDIR(., .\Generated_Source\PSoC3)" OJ(.\DP8051\DP8051_Keil_951\Debug\ADC_AMux.obj)
c51.exe .\Generated_Source\PSoC3\ADC_Ext_CP_Clk.c NOIV LARGE MODDP2 OMF2 VB(1) PR(.\DP8051\DP8051_Keil_951\Debug\ADC_Ext_CP_Clk.lst) CD DB NOIP "OT(2, Size)" "DF (DEBUG)" "INCDIR(., .\Generated_Source\PSoC3)" OJ(.\DP8051\DP8051_Keil_951\Debug\ADC_Ext_CP_Clk.obj)
c51.exe .\Generated_Source\PSoC3\ADC_IRQ.c NOIV LARGE MODDP2 OMF2 VB(1) PR(.\DP8051\DP8051_Keil_951\Debug\ADC_IRQ.lst) CD DB NOIP "OT(2, Size)" "DF (DEBUG)" "INCDIR(., .\Generated_Source\PSoC3)" OJ(.\DP8051\DP8051_Keil_951\Debug\ADC_IRQ.obj)
c51.exe .\Generated_Source\PSoC3\ADC_theACLK.c NOIV LARGE MODDP2 OMF2 VB(1) PR(.\DP8051\DP8051_Keil_951\Debug\ADC_theACLK.lst) CD DB NOIP "OT(2, Size)" "DF (DEBUG)" "INCDIR(., .\Generated_Source\PSoC3)" OJ(.\DP8051\DP8051_Keil_951\Debug\ADC_theACLK.obj)
c51.exe .\Generated_Source\PSoC3\Sensor_VIn.c NOIV LARGE MODDP2 OMF2 VB(1) PR(.\DP8051\DP8051_Keil_951\Debug\Sensor_VIn.lst) CD DB NOIP "OT(2, Size)" "DF (DEBUG)" "INCDIR(., .\Generated_Source\PSoC3)" OJ(.\DP8051\DP8051_Keil_951\Debug\Sensor_VIn.obj)
LIBX51.exe TRANSFER '.\DP8051\DP8051_Keil_951\Debug\cyfitter_cfg.obj', '.\DP8051\DP8051_Keil_951\Debug\LED.obj', '.\DP8051\DP8051_Keil_951\Debug\CyBootAsmKeil.obj', '.\DP8051\DP8051_Keil_951\Debug\CyDmac.obj', '.\DP8051\DP8051_Keil_951\Debug\CyFlash.obj', '.\DP8051\DP8051_Keil_951\Debug\CyLib.obj', '.\DP8051\DP8051_Keil_951\Debug\cymem.obj', '.\DP8051\DP8051_Keil_951\Debug\cyPm.obj', '.\DP8051\DP8051_Keil_951\Debug\CySpc.obj', '.\DP8051\DP8051_Keil_951\Debug\cyutils.obj', '.\DP8051\DP8051_Keil_951\Debug\KeilStart.obj', '.\DP8051\DP8051_Keil_951\Debug\timer_clock.obj', '.\DP8051\DP8051_Keil_951\Debug\Vbus.obj', '.\DP8051\DP8051_Keil_951\Debug\Vbus_IRQ.obj', '.\DP8051\DP8051_Keil_951\Debug\USBUART.obj', '.\DP8051\DP8051_Keil_951\Debug\USBUART_audio.obj', '.\DP8051\DP8051_Keil_951\Debug\USBUART_boot.obj', '.\DP8051\DP8051_Keil_951\Debug\USBUART_cdc.obj', '.\DP8051\DP8051_Keil_951\Debug\USBUART_cls.obj', '.\DP8051\DP8051_Keil_951\Debug\USBUART_descr.obj', '.\DP8051\DP8051_Keil_951\Debug\USBUART_drv.obj', '.\DP8051\DP8051_Keil_951\Debug\USBUART_episr.obj', '.\DP8051\DP8051_Keil_951\Debug\USBUART_hid.obj', '.\DP8051\DP8051_Keil_951\Debug\USBUART_pm.obj', '.\DP8051\DP8051_Keil_951\Debug\USBUART_std.obj', '.\DP8051\DP8051_Keil_951\Debug\USBUART_vnd.obj', '.\DP8051\DP8051_Keil_951\Debug\USBUART_midi.obj', '.\DP8051\DP8051_Keil_951\Debug\Blink_Timer.obj', '.\DP8051\DP8051_Keil_951\Debug\Blink_Timer_PM.obj', '.\DP8051\DP8051_Keil_951\Debug\USBUART_Dm.obj', '.\DP8051\DP8051_Keil_951\Debug\USBUART_Dp.obj', '.\DP8051\DP8051_Keil_951\Debug\EEPROM_R.obj', '.\DP8051\DP8051_Keil_951\Debug\debounce_clock.obj', '.\DP8051\DP8051_Keil_951\Debug\USB_LED.obj', '.\DP8051\DP8051_Keil_951\Debug\EEPROM_LED.obj', '.\DP8051\DP8051_Keil_951\Debug\Em_EEPROM.obj', '.\DP8051\DP8051_Keil_951\Debug\ADC.obj', '.\DP8051\DP8051_Keil_951\Debug\ADC_PM.obj', '.\DP8051\DP8051_Keil_951\Debug\ADC_INT.obj', '.\DP8051\DP8051_Keil_951\Debug\TakeSample_IRQ.obj', '.\DP8051\DP8051_Keil_951\Debug\SW_3.obj', '.\DP8051\DP8051_Keil_951\Debug\ADC_AMux.obj', '.\DP8051\DP8051_Keil_951\Debug\ADC_Ext_CP_Clk.obj', '.\DP8051\DP8051_Keil_951\Debug\ADC_IRQ.obj', '.\DP8051\DP8051_Keil_951\Debug\ADC_theACLK.obj', '.\DP8051\DP8051_Keil_951\Debug\Sensor_VIn.obj' TO '.\DP8051\DP8051_Keil_951\Debug\Erebus_Sensor.lib'
LX51.exe '.\DP8051\DP8051_Keil_951\Debug\main.obj', '.\DP8051\DP8051_Keil_951\Debug\USB_Access.obj', '.\DP8051\DP8051_Keil_951\Debug\EEPROM_Access.obj', '.\DP8051\DP8051_Keil_951\Debug\Erebus_Sensor.lib', 'C:\Program Files (x86)\Cypress\PSoC Creator\3.0\PSoC Creator\psoc\content\cycomponentlibrary\CyComponentLibrary.cylib\DP8051\DP8051_Keil_951\Debug\CyComponentLibrary.lib'  TO '.\DP8051\DP8051_Keil_951\Debug\Erebus_Sensor.omf' PR(.\DP8051\DP8051_Keil_951\Debug\Erebus_Sensor.map) IX CODE DW(16) RU CL(XDATA(X:0x0000-X:0x1FFF)) CL(CODE(C:0x0000-C:0xFFFF)) CL(CONST(C:0x0000-C:0xFFFF))
*** WARNING L15: MULTIPLE CALL TO FUNCTION
    NAME:    _CYINTSETPRIORITY/CYLIB
    CALLER1: VBUS_IRQ_INTERRUPT/VBUS_IRQ
    CALLER2: TAKESAMPLE_IRQ_INTERRUPT/TAKESAMPLE_IRQ
*** WARNING L15: MULTIPLE CALL TO FUNCTION
    NAME:    _CYINTSETVECTOR/CYLIB
    CALLER1: VBUS_IRQ_INTERRUPT/VBUS_IRQ
    CALLER2: TAKESAMPLE_IRQ_INTERRUPT/TAKESAMPLE_IRQ
*** WARNING L15: MULTIPLE CALL TO FUNCTION
    NAME:    CYSPCSTART/CYSPC
    CALLER1: VBUS_IRQ_INTERRUPT/VBUS_IRQ
    CALLER2: TAKESAMPLE_IRQ_INTERRUPT/TAKESAMPLE_IRQ
*** WARNING L15: MULTIPLE CALL TO FUNCTION
    NAME:    CYSPCLOCK/CYSPC
    CALLER1: VBUS_IRQ_INTERRUPT/VBUS_IRQ
    CALLER2: TAKESAMPLE_IRQ_INTERRUPT/TAKESAMPLE_IRQ
*** WARNING L15: MULTIPLE CALL TO FUNCTION
    NAME:    CYSPCUNLOCK/CYSPC
    CALLER1: VBUS_IRQ_INTERRUPT/VBUS_IRQ
    CALLER2: TAKESAMPLE_IRQ_INTERRUPT/TAKESAMPLE_IRQ
*** WARNING L15: MULTIPLE CALL TO FUNCTION
    NAME:    _CYSPCLOADROW/CYSPC
    CALLER1: VBUS_IRQ_INTERRUPT/VBUS_IRQ
    CALLER2: TAKESAMPLE_IRQ_INTERRUPT/TAKESAMPLE_IRQ
*** WARNING L15: MULTIPLE CALL TO FUNCTION
    NAME:    _CYSPCWRITEROW/CYSPC
    CALLER1: VBUS_IRQ_INTERRUPT/VBUS_IRQ
    CALLER2: TAKESAMPLE_IRQ_INTERRUPT/TAKESAMPLE_IRQ
Program Size: data=14.0 xdata=1108 const=1360 code=21484
OHx51.exe Erebus_Sensor.omf HEXFILE(Erebus_Sensor.ihx)
c8051-elf-omf2elf.exe Erebus_Sensor.omf Erebus_Sensor.elf
cyhextool -o .\DP8051\DP8051_Keil_951\Debug\Erebus_Sensor.hex -f .\DP8051\DP8051_Keil_951\Debug\Erebus_Sensor.ihx -prot .\Generated_Source\PSoC3\protect.hex -id 1E028069 -a EEPROM=90200000:800,PROGRAM=00000000:10000,CONFIG=80000000:2000,PROTECT=90400000:40 -meta 0301 -cunv 00004005 -wonv BC90ACAF -ecc .\Generated_Source\PSoC3\config.hex
Flash used: 22844 of 65536 bytes (34.9 %).
SRAM used: 1108 of 8192 bytes (13.5 %).
--------------- Build Succeeded: 03/27/2014 17:48:24 ---------------
