C51 COMPILER V9.51   MAIN                                                                  03/27/2014 17:48:14 PAGE 1   


C51 COMPILER V9.51, COMPILATION OF MODULE MAIN
OBJECT MODULE PLACED IN .\DP8051\DP8051_Keil_951\Debug\main.obj
COMPILER INVOKED BY: C:\Program Files (x86)\Cypress\PSoC Creator\3.0\PSoC Creator\import\keil\pk51\9.51\C51\BIN\c51.exe 
                    -.\main.c NOIV LARGE MODDP2 OMF2 VB(1) PR(.\DP8051\DP8051_Keil_951\Debug\main.lst) CD DB NOIP OT(2,SIZE) DF(DEBUG) INCDIR
                    -(.,.\Generated_Source\PSoC3) OJ(.\DP8051\DP8051_Keil_951\Debug\main.obj)

line level    source

   1          /* ========================================
   2           *
   3           * Copyright YOUR COMPANY, THE YEAR
   4           * All Rights Reserved
   5           * UNPUBLISHED, LICENSED SOFTWARE.
   6           *
   7           * CONFIDENTIAL AND PROPRIETARY INFORMATION
   8           * WHICH IS THE PROPERTY OF your company.
   9           *
  10           * ========================================
  11          */
  12          #include <project.h>
  13          #include <stdlib.h>
  14          #include "main.h"
  15          
  16          
  17          
  18          const uint8 CYCODE MemoryLocation[EmEEPROMSize]; // Errors caused by the include of main.h which includes 
             -the externs and static
  19          volatile uint8* TailPtr =(uint8*) MemoryLocation;
  20          
  21          void main()
  22          {
  23   1          /* Initialization*/
  24   1          
  25   1          // Variable declarations
  26   1      
  27   1          
  28   1          // Enable and start EEPROM
  29   1          EEPROM_R_Start();
  30   1               
  31   1          // Enable global interrupts
  32   1          CyGlobalIntEnable;
  33   1          Vbus_IRQ_Start();
  34   1          TakeSample_IRQ_Start();
  35   1          
  36   1      //    Blink_Timer_WritePeriod(CYDEV_EE_BASE[EEPROM_Address.blink_rate]);
  37   1          
  38   1          // Start LED Blinking
  39   1          Blink_Timer_Start();   
  40   1      
  41   1          for(;;)
  42   1          {
  43   2       
  44   2          }
  45   1          
  46   1          return;
  47   1      }
  48          
  49          /* [] END OF FILE */
C51 COMPILER V9.51   MAIN                                                                  03/27/2014 17:48:14 PAGE 2   

ASSEMBLY LISTING OF GENERATED OBJECT CODE


             ; FUNCTION main (BEGIN)
                                           ; SOURCE LINE # 21
                                           ; SOURCE LINE # 22
                                           ; SOURCE LINE # 29
0000 120000      E     LCALL   EEPROM_R_Start
                                           ; SOURCE LINE # 32
0003 D2AF              SETB    EA
0005 9044F4            MOV     DPTR,#044F4H
0008 74FD              MOV     A,#0FDH
000A F0                MOVX    @DPTR,A
                                           ; SOURCE LINE # 33
000B 120000      E     LCALL   Vbus_IRQ_Start
                                           ; SOURCE LINE # 34
000E 120000      E     LCALL   TakeSample_IRQ_Start
                                           ; SOURCE LINE # 39
0011 120000      E     LCALL   Blink_Timer_Start
                                           ; SOURCE LINE # 41
0014         ?C0001:
                                           ; SOURCE LINE # 42
                                           ; SOURCE LINE # 44
0014 80FE              SJMP    ?C0001
                                           ; SOURCE LINE # 47
0016         ?C0003:
0016 22                RET     
             ; FUNCTION main (END)



MODULE INFORMATION:   STATIC OVERLAYABLE
   CODE SIZE        =     23    ----
   CONSTANT SIZE    =   1024    ----
   XDATA SIZE       =      3    ----
   PDATA SIZE       =   ----    ----
   DATA SIZE        =   ----    ----
   IDATA SIZE       =   ----    ----
   BIT SIZE         =   ----    ----
   EDATA SIZE       =   ----    ----
   HDATA SIZE       =   ----    ----
   XDATA CONST SIZE =   ----    ----
   FAR CONST SIZE   =   ----    ----
END OF MODULE INFORMATION.


C51 COMPILATION COMPLETE.  0 WARNING(S),  0 ERROR(S)
