C51 COMPILER V9.51   MAIN                                                                  04/29/2014 20:56:03 PAGE 1   


C51 COMPILER V9.51, COMPILATION OF MODULE MAIN
OBJECT MODULE PLACED IN .\DP8051\DP8051_Keil_951\Debug\main.obj
COMPILER INVOKED BY: C:\Program Files (x86)\Cypress\PSoC Creator\3.0\PSoC Creator\import\keil\pk51\9.51\C51\BIN\c51.exe 
                    -.\main.c NOIV LARGE MODDP2 OMF2 VB(1) PR(.\DP8051\DP8051_Keil_951\Debug\main.lst) CD DB NOIP OT(0,SIZE) DF(DEBUG) INCDIR
                    -(.,.\Generated_Source\PSoC3) OJ(.\DP8051\DP8051_Keil_951\Debug\main.obj)

line level    source

   1          /* ========================================
   2           *
   3           * Copyright YOUR COMPANY, THE YEAR
   4           * All Rights Reserved
   5           * UNPUBLISHED, LICENSED SOFTWARE.
   6           *
   7           * CONFIDENTIAL AND PROPRIETARY INFORMATION
   8           * WHICH IS THE PROPERTY OF your company.
   9           *
  10           * ========================================
  11          */
  12          
  13          #include "main.h"
  14          
  15          // Flash variables
  16          const uint8 CYCODE MemoryLocation[EmEEPROMSize]; 
  17          const volatile uint8* TailPtr = (uint8*) MemoryLocation;
  18          const uint8 CYCODE hard_reset_flag;
  19          
  20          int main()
  21          {
  22   1          /* Initialization*/
  23   1          rtc_setup();
  24   1      
  25   1          // Check for hard reset flag
  26   1          if (hard_reset_flag){
  27   2              hard_reset();   
  28   2          }
  29   1      
  30   1          // Start Components
  31   1          EEPROM_R_Start();
  32   1          RTC_Start();
  33   1          
  34   1          // Enable global interrupts
  35   1          CyGlobalIntEnable;
  36   1          
  37   1          // Enable individual interrupts as necessary
  38   1          Vbus_IRQ_Start();
  39   1          StartCollection_IRQ_Start();
  40   1          
  41   1          for(;;){}
  42   1          
  43   1          return (0);
  44   1      }
  45          
  46          /* [] END OF FILE */
C51 COMPILER V9.51   MAIN                                                                  04/29/2014 20:56:03 PAGE 2   

ASSEMBLY LISTING OF GENERATED OBJECT CODE


             ; FUNCTION main (BEGIN)
                                           ; SOURCE LINE # 20
                                           ; SOURCE LINE # 21
                                           ; SOURCE LINE # 23
0000 120000      E     LCALL   rtc_setup
                                           ; SOURCE LINE # 26
0003 900000      R     MOV     DPTR,#hard_reset_flag
0006 E4                CLR     A
0007 93                MOVC    A,@A+DPTR
0008 FF                MOV     R7,A
0009 EF                MOV     A,R7
000A 6003              JZ      ?C0001
                                           ; SOURCE LINE # 27
000C 120000      E     LCALL   hard_reset
                                           ; SOURCE LINE # 28
000F         ?C0001:
                                           ; SOURCE LINE # 31
000F 120000      E     LCALL   EEPROM_R_Start
                                           ; SOURCE LINE # 32
0012 120000      E     LCALL   RTC_Start
                                           ; SOURCE LINE # 35
0015 D2AF              SETB    EA
0017 9044F4            MOV     DPTR,#044F4H
001A 74FD              MOV     A,#0FDH
001C F0                MOVX    @DPTR,A
                                           ; SOURCE LINE # 38
001D 120000      E     LCALL   Vbus_IRQ_Start
                                           ; SOURCE LINE # 39
0020 120000      E     LCALL   StartCollection_IRQ_Start
                                           ; SOURCE LINE # 41
0023         ?C0002:
0023 80FE              SJMP    ?C0002
0025         ?C0003:
                                           ; SOURCE LINE # 43
0025 E4                CLR     A
0026 7E00              MOV     R6,#00H
0028 7F00              MOV     R7,#00H
                                           ; SOURCE LINE # 44
002A         ?C0004:
002A 22                RET     
             ; FUNCTION main (END)



MODULE INFORMATION:   STATIC OVERLAYABLE
   CODE SIZE        =     43    ----
   CONSTANT SIZE    =   1025    ----
   XDATA SIZE       =      3    ----
   PDATA SIZE       =   ----    ----
   DATA SIZE        =   ----    ----
   IDATA SIZE       =   ----    ----
   BIT SIZE         =   ----    ----
   EDATA SIZE       =   ----    ----
   HDATA SIZE       =   ----    ----
   XDATA CONST SIZE =   ----    ----
   FAR CONST SIZE   =   ----    ----
END OF MODULE INFORMATION.


C51 COMPILATION COMPLETE.  0 WARNING(S),  0 ERROR(S)
