C51 COMPILER V9.51   MODIFYCOLLECTION_B                                                    05/30/2014 21:10:24 PAGE 1   


C51 COMPILER V9.51, COMPILATION OF MODULE MODIFYCOLLECTION_B
OBJECT MODULE PLACED IN .\DP8051\DP8051_Keil_951\Debug\ModifyCollection_B.obj
COMPILER INVOKED BY: C:\Program Files (x86)\Cypress\PSoC Creator\3.0\PSoC Creator\import\keil\pk51\9.51\C51\BIN\c51.exe 
                    -.\Generated_Source\PSoC3\ModifyCollection_B.c NOIV LARGE MODDP2 OMF2 VB(1) PR(.\DP8051\DP8051_Keil_951\Debug\ModifyColle
                    -ction_B.lst) CD DB NOIP OT(0,SIZE) DF(DEBUG) INCDIR(.,.\Generated_Source\PSoC3) OJ(.\DP8051\DP8051_Keil_951\Debug\Modify
                    -Collection_B.obj)

line level    source

   1          /*******************************************************************************
   2          * File Name: ModifyCollection_B.c  
   3          * Version 1.90
   4          *
   5          * Description:
   6          *  This file contains API to enable firmware control of a Pins component.
   7          *
   8          * Note:
   9          *
  10          ********************************************************************************
  11          * Copyright 2008-2012, Cypress Semiconductor Corporation.  All rights reserved.
  12          * You may use this file only in accordance with the license, terms, conditions, 
  13          * disclaimers, and limitations in the end user license agreement accompanying 
  14          * the software package with which this file was provided.
  15          *******************************************************************************/
  16          
  17          #include "cytypes.h"
  18          #include "ModifyCollection_B.h"
  19          
  20          
  21          /*******************************************************************************
  22          * Function Name: ModifyCollection_B_Write
  23          ********************************************************************************
  24          *
  25          * Summary:
  26          *  Assign a new value to the digital port's data output register.  
  27          *
  28          * Parameters:  
  29          *  prtValue:  The value to be assigned to the Digital Port. 
  30          *
  31          * Return: 
  32          *  None 
  33          *  
  34          *******************************************************************************/
  35          void ModifyCollection_B_Write(uint8 value) 
  36          {
  37   1          uint8 staticBits = (ModifyCollection_B_DR & (uint8)(~ModifyCollection_B_MASK));
  38   1          ModifyCollection_B_DR = staticBits | ((uint8)(value << ModifyCollection_B_SHIFT) & ModifyCollection_B_
             -MASK);
  39   1      }
  40          
  41          
  42          /*******************************************************************************
  43          * Function Name: ModifyCollection_B_SetDriveMode
  44          ********************************************************************************
  45          *
  46          * Summary:
  47          *  Change the drive mode on the pins of the port.
  48          * 
  49          * Parameters:  
  50          *  mode:  Change the pins to this drive mode.
  51          *
C51 COMPILER V9.51   MODIFYCOLLECTION_B                                                    05/30/2014 21:10:24 PAGE 2   

  52          * Return: 
  53          *  None
  54          *
  55          *******************************************************************************/
  56          void ModifyCollection_B_SetDriveMode(uint8 mode) 
  57          {
  58   1              CyPins_SetPinDriveMode(ModifyCollection_B_0, mode);
  59   1              CyPins_SetPinDriveMode(ModifyCollection_B_1, mode);
  60   1      }
  61          
  62          
  63          /*******************************************************************************
  64          * Function Name: ModifyCollection_B_Read
  65          ********************************************************************************
  66          *
  67          * Summary:
  68          *  Read the current value on the pins of the Digital Port in right justified 
  69          *  form.
  70          *
  71          * Parameters:  
  72          *  None 
  73          *
  74          * Return: 
  75          *  Returns the current value of the Digital Port as a right justified number
  76          *  
  77          * Note:
  78          *  Macro ModifyCollection_B_ReadPS calls this function. 
  79          *  
  80          *******************************************************************************/
  81          uint8 ModifyCollection_B_Read(void) 
  82          {
  83   1          return (ModifyCollection_B_PS & ModifyCollection_B_MASK) >> ModifyCollection_B_SHIFT;
  84   1      }
  85          
  86          
  87          /*******************************************************************************
  88          * Function Name: ModifyCollection_B_ReadDataReg
  89          ********************************************************************************
  90          *
  91          * Summary:
  92          *  Read the current value assigned to a Digital Port's data output register
  93          *
  94          * Parameters:  
  95          *  None 
  96          *
  97          * Return: 
  98          *  Returns the current value assigned to the Digital Port's data output register
  99          *  
 100          *******************************************************************************/
 101          uint8 ModifyCollection_B_ReadDataReg(void) 
 102          {
 103   1          return (ModifyCollection_B_DR & ModifyCollection_B_MASK) >> ModifyCollection_B_SHIFT;
 104   1      }
 105          
 106          
 107          /* If Interrupts Are Enabled for this Pins component */ 
 108          #if defined(ModifyCollection_B_INTSTAT) 
 109          
 110              /*******************************************************************************
 111              * Function Name: ModifyCollection_B_ClearInterrupt
 112              ********************************************************************************
 113              *
C51 COMPILER V9.51   MODIFYCOLLECTION_B                                                    05/30/2014 21:10:24 PAGE 3   

 114              * Summary:
 115              *  Clears any active interrupts attached to port and returns the value of the 
 116              *  interrupt status register.
 117              *
 118              * Parameters:  
 119              *  None 
 120              *
 121              * Return: 
 122              *  Returns the value of the interrupt status register
 123              *  
 124              *******************************************************************************/
 125              uint8 ModifyCollection_B_ClearInterrupt(void) 
 126              {
 127   1              return (ModifyCollection_B_INTSTAT & ModifyCollection_B_MASK) >> ModifyCollection_B_SHIFT;
 128   1          }
 129          
 130          #endif /* If Interrupts Are Enabled for this Pins component */ 
 131          
 132          
 133          /* [] END OF FILE */
C51 COMPILER V9.51   MODIFYCOLLECTION_B                                                    05/30/2014 21:10:24 PAGE 4   

ASSEMBLY LISTING OF GENERATED OBJECT CODE


             ; FUNCTION _ModifyCollection_B_Write (BEGIN)
                                           ; SOURCE LINE # 35
0000 900000      R     MOV     DPTR,#value
0003 EF                MOV     A,R7
0004 F0                MOVX    @DPTR,A
                                           ; SOURCE LINE # 36
                                           ; SOURCE LINE # 37
0005 905120            MOV     DPTR,#05120H
0008 E0                MOVX    A,@DPTR
0009 FF                MOV     R7,A
000A EF                MOV     A,R7
000B 54E7              ANL     A,#0E7H
000D FF                MOV     R7,A
000E 900000      R     MOV     DPTR,#staticBits
0011 EF                MOV     A,R7
0012 F0                MOVX    @DPTR,A
                                           ; SOURCE LINE # 38
0013 900000      R     MOV     DPTR,#value
0016 E0                MOVX    A,@DPTR
0017 FF                MOV     R7,A
0018 EF                MOV     A,R7
0019 33                RLC     A
001A 33                RLC     A
001B 33                RLC     A
001C 54F8              ANL     A,#0F8H
001E FF                MOV     R7,A
001F EF                MOV     A,R7
0020 5418              ANL     A,#018H
0022 FF                MOV     R7,A
0023 900000      R     MOV     DPTR,#staticBits
0026 E0                MOVX    A,@DPTR
0027 FE                MOV     R6,A
0028 EF                MOV     A,R7
0029 4E                ORL     A,R6
002A FF                MOV     R7,A
002B 905120            MOV     DPTR,#05120H
002E EF                MOV     A,R7
002F F0                MOVX    @DPTR,A
                                           ; SOURCE LINE # 39
0030         ?C0001:
0030 22                RET     
             ; FUNCTION _ModifyCollection_B_Write (END)

             ; FUNCTION _ModifyCollection_B_SetDriveMode (BEGIN)
                                           ; SOURCE LINE # 56
0000 900000      R     MOV     DPTR,#mode
0003 EF                MOV     A,R7
0004 F0                MOVX    @DPTR,A
                                           ; SOURCE LINE # 57
                                           ; SOURCE LINE # 58
0005 900000      R     MOV     DPTR,#mode
0008 E0                MOVX    A,@DPTR
0009 FF                MOV     R7,A
000A EF                MOV     A,R7
000B 540E              ANL     A,#0EH
000D FF                MOV     R7,A
000E 905013            MOV     DPTR,#05013H
0011 E0                MOVX    A,@DPTR
0012 FE                MOV     R6,A
C51 COMPILER V9.51   MODIFYCOLLECTION_B                                                    05/30/2014 21:10:24 PAGE 5   

0013 EE                MOV     A,R6
0014 54F1              ANL     A,#0F1H
0016 FE                MOV     R6,A
0017 EE                MOV     A,R6
0018 4F                ORL     A,R7
0019 FF                MOV     R7,A
001A 905013            MOV     DPTR,#05013H
001D EF                MOV     A,R7
001E F0                MOVX    @DPTR,A
                                           ; SOURCE LINE # 59
001F 900000      R     MOV     DPTR,#mode
0022 E0                MOVX    A,@DPTR
0023 FF                MOV     R7,A
0024 EF                MOV     A,R7
0025 540E              ANL     A,#0EH
0027 FF                MOV     R7,A
0028 905014            MOV     DPTR,#05014H
002B E0                MOVX    A,@DPTR
002C FE                MOV     R6,A
002D EE                MOV     A,R6
002E 54F1              ANL     A,#0F1H
0030 FE                MOV     R6,A
0031 EE                MOV     A,R6
0032 4F                ORL     A,R7
0033 FF                MOV     R7,A
0034 905014            MOV     DPTR,#05014H
0037 EF                MOV     A,R7
0038 F0                MOVX    @DPTR,A
                                           ; SOURCE LINE # 60
0039         ?C0002:
0039 22                RET     
             ; FUNCTION _ModifyCollection_B_SetDriveMode (END)

             ; FUNCTION ModifyCollection_B_Read (BEGIN)
                                           ; SOURCE LINE # 81
                                           ; SOURCE LINE # 82
                                           ; SOURCE LINE # 83
0000 905121            MOV     DPTR,#05121H
0003 E0                MOVX    A,@DPTR
0004 FF                MOV     R7,A
0005 EF                MOV     A,R7
0006 5418              ANL     A,#018H
0008 FF                MOV     R7,A
0009 7E00              MOV     R6,#00H
000B EF                MOV     A,R7
000C 7803              MOV     R0,#03H
000E         ?C0006:
000E CE                XCH     A,R6
000F C3                CLR     C
0010 13                RRC     A
0011 CE                XCH     A,R6
0012 13                RRC     A
0013 D8F9              DJNZ    R0,?C0006
0015 FF                MOV     R7,A
                                           ; SOURCE LINE # 84
0016         ?C0003:
0016 22                RET     
             ; FUNCTION ModifyCollection_B_Read (END)

             ; FUNCTION ModifyCollection_B_ReadDataReg (BEGIN)
                                           ; SOURCE LINE # 101
                                           ; SOURCE LINE # 102
C51 COMPILER V9.51   MODIFYCOLLECTION_B                                                    05/30/2014 21:10:24 PAGE 6   

                                           ; SOURCE LINE # 103
0000 905120            MOV     DPTR,#05120H
0003 E0                MOVX    A,@DPTR
0004 FF                MOV     R7,A
0005 EF                MOV     A,R7
0006 5418              ANL     A,#018H
0008 FF                MOV     R7,A
0009 7E00              MOV     R6,#00H
000B EF                MOV     A,R7
000C 7803              MOV     R0,#03H
000E         ?C0007:
000E CE                XCH     A,R6
000F C3                CLR     C
0010 13                RRC     A
0011 CE                XCH     A,R6
0012 13                RRC     A
0013 D8F9              DJNZ    R0,?C0007
0015 FF                MOV     R7,A
                                           ; SOURCE LINE # 104
0016         ?C0004:
0016 22                RET     
             ; FUNCTION ModifyCollection_B_ReadDataReg (END)

             ; FUNCTION ModifyCollection_B_ClearInterrupt (BEGIN)
                                           ; SOURCE LINE # 125
                                           ; SOURCE LINE # 126
                                           ; SOURCE LINE # 127
0000 904582            MOV     DPTR,#04582H
0003 E0                MOVX    A,@DPTR
0004 FF                MOV     R7,A
0005 EF                MOV     A,R7
0006 5418              ANL     A,#018H
0008 FF                MOV     R7,A
0009 7E00              MOV     R6,#00H
000B EF                MOV     A,R7
000C 7803              MOV     R0,#03H
000E         ?C0008:
000E CE                XCH     A,R6
000F C3                CLR     C
0010 13                RRC     A
0011 CE                XCH     A,R6
0012 13                RRC     A
0013 D8F9              DJNZ    R0,?C0008
0015 FF                MOV     R7,A
                                           ; SOURCE LINE # 128
0016         ?C0005:
0016 22                RET     
             ; FUNCTION ModifyCollection_B_ClearInterrupt (END)



MODULE INFORMATION:   STATIC OVERLAYABLE
   CODE SIZE        =    176    ----
   CONSTANT SIZE    =   ----    ----
   XDATA SIZE       =      3    ----
   PDATA SIZE       =   ----    ----
   DATA SIZE        =   ----    ----
   IDATA SIZE       =   ----    ----
   BIT SIZE         =   ----    ----
   EDATA SIZE       =   ----    ----
   HDATA SIZE       =   ----    ----
   XDATA CONST SIZE =   ----    ----
C51 COMPILER V9.51   MODIFYCOLLECTION_B                                                    05/30/2014 21:10:24 PAGE 7   

   FAR CONST SIZE   =   ----    ----
END OF MODULE INFORMATION.


C51 COMPILATION COMPLETE.  0 WARNING(S),  0 ERROR(S)
