C51 COMPILER V9.51   STARTCOLLECTION_B                                                     05/30/2014 20:29:49 PAGE 1   


C51 COMPILER V9.51, COMPILATION OF MODULE STARTCOLLECTION_B
OBJECT MODULE PLACED IN .\DP8051\DP8051_Keil_951\Debug\StartCollection_B.obj
COMPILER INVOKED BY: C:\Program Files (x86)\Cypress\PSoC Creator\3.0\PSoC Creator\import\keil\pk51\9.51\C51\BIN\c51.exe 
                    -.\Generated_Source\PSoC3\StartCollection_B.c NOIV LARGE MODDP2 OMF2 VB(1) PR(.\DP8051\DP8051_Keil_951\Debug\StartCollect
                    -ion_B.lst) CD DB NOIP OT(0,SIZE) DF(DEBUG) INCDIR(.,.\Generated_Source\PSoC3) OJ(.\DP8051\DP8051_Keil_951\Debug\StartCol
                    -lection_B.obj)

line level    source

   1          /*******************************************************************************
   2          * File Name: StartCollection_B.c  
   3          * Version 1.90
   4          *
   5          * Description:
   6          *  This file contains API to enable firmware control of a Pins component.
   7          *
   8          * Note:
   9          *
  10          ********************************************************************************
  11          * Copyright 2008-2012, Cypress Semiconductor Corporation.  All rights reserved.
  12          * You may use this file only in accordance with the license, terms, conditions, 
  13          * disclaimers, and limitations in the end user license agreement accompanying 
  14          * the software package with which this file was provided.
  15          *******************************************************************************/
  16          
  17          #include "cytypes.h"
  18          #include "StartCollection_B.h"
  19          
  20          
  21          /*******************************************************************************
  22          * Function Name: StartCollection_B_Write
  23          ********************************************************************************
  24          *
  25          * Summary:
  26          *  Assign a new value to the digital port's data output register.  
  27          *
  28          * Parameters:  
  29          *  prtValue:  The value to be assigned to the Digital Port. 
  30          *
  31          * Return: 
  32          *  None 
  33          *  
  34          *******************************************************************************/
  35          void StartCollection_B_Write(uint8 value) 
  36          {
  37   1          uint8 staticBits = (StartCollection_B_DR & (uint8)(~StartCollection_B_MASK));
  38   1          StartCollection_B_DR = staticBits | ((uint8)(value << StartCollection_B_SHIFT) & StartCollection_B_MAS
             -K);
  39   1      }
  40          
  41          
  42          /*******************************************************************************
  43          * Function Name: StartCollection_B_SetDriveMode
  44          ********************************************************************************
  45          *
  46          * Summary:
  47          *  Change the drive mode on the pins of the port.
  48          * 
  49          * Parameters:  
  50          *  mode:  Change the pins to this drive mode.
  51          *
C51 COMPILER V9.51   STARTCOLLECTION_B                                                     05/30/2014 20:29:49 PAGE 2   

  52          * Return: 
  53          *  None
  54          *
  55          *******************************************************************************/
  56          void StartCollection_B_SetDriveMode(uint8 mode) 
  57          {
  58   1              CyPins_SetPinDriveMode(StartCollection_B_0, mode);
  59   1      }
  60          
  61          
  62          /*******************************************************************************
  63          * Function Name: StartCollection_B_Read
  64          ********************************************************************************
  65          *
  66          * Summary:
  67          *  Read the current value on the pins of the Digital Port in right justified 
  68          *  form.
  69          *
  70          * Parameters:  
  71          *  None 
  72          *
  73          * Return: 
  74          *  Returns the current value of the Digital Port as a right justified number
  75          *  
  76          * Note:
  77          *  Macro StartCollection_B_ReadPS calls this function. 
  78          *  
  79          *******************************************************************************/
  80          uint8 StartCollection_B_Read(void) 
  81          {
  82   1          return (StartCollection_B_PS & StartCollection_B_MASK) >> StartCollection_B_SHIFT;
  83   1      }
  84          
  85          
  86          /*******************************************************************************
  87          * Function Name: StartCollection_B_ReadDataReg
  88          ********************************************************************************
  89          *
  90          * Summary:
  91          *  Read the current value assigned to a Digital Port's data output register
  92          *
  93          * Parameters:  
  94          *  None 
  95          *
  96          * Return: 
  97          *  Returns the current value assigned to the Digital Port's data output register
  98          *  
  99          *******************************************************************************/
 100          uint8 StartCollection_B_ReadDataReg(void) 
 101          {
 102   1          return (StartCollection_B_DR & StartCollection_B_MASK) >> StartCollection_B_SHIFT;
 103   1      }
 104          
 105          
 106          /* If Interrupts Are Enabled for this Pins component */ 
 107          #if defined(StartCollection_B_INTSTAT) 
 108          
 109              /*******************************************************************************
 110              * Function Name: StartCollection_B_ClearInterrupt
 111              ********************************************************************************
 112              *
 113              * Summary:
C51 COMPILER V9.51   STARTCOLLECTION_B                                                     05/30/2014 20:29:49 PAGE 3   

 114              *  Clears any active interrupts attached to port and returns the value of the 
 115              *  interrupt status register.
 116              *
 117              * Parameters:  
 118              *  None 
 119              *
 120              * Return: 
 121              *  Returns the value of the interrupt status register
 122              *  
 123              *******************************************************************************/
 124              uint8 StartCollection_B_ClearInterrupt(void) 
 125              {
 126   1              return (StartCollection_B_INTSTAT & StartCollection_B_MASK) >> StartCollection_B_SHIFT;
 127   1          }
 128          
 129          #endif /* If Interrupts Are Enabled for this Pins component */ 
 130          
 131          
 132          /* [] END OF FILE */
C51 COMPILER V9.51   STARTCOLLECTION_B                                                     05/30/2014 20:29:49 PAGE 4   

ASSEMBLY LISTING OF GENERATED OBJECT CODE


             ; FUNCTION _StartCollection_B_Write (BEGIN)
                                           ; SOURCE LINE # 35
0000 900000      R     MOV     DPTR,#value
0003 EF                MOV     A,R7
0004 F0                MOVX    @DPTR,A
                                           ; SOURCE LINE # 36
                                           ; SOURCE LINE # 37
0005 905120            MOV     DPTR,#05120H
0008 E0                MOVX    A,@DPTR
0009 FF                MOV     R7,A
000A EF                MOV     A,R7
000B 54EF              ANL     A,#0EFH
000D FF                MOV     R7,A
000E 900000      R     MOV     DPTR,#staticBits
0011 EF                MOV     A,R7
0012 F0                MOVX    @DPTR,A
                                           ; SOURCE LINE # 38
0013 900000      R     MOV     DPTR,#value
0016 E0                MOVX    A,@DPTR
0017 FF                MOV     R7,A
0018 EF                MOV     A,R7
0019 C4                SWAP    A
001A 54F0              ANL     A,#0F0H
001C FF                MOV     R7,A
001D EF                MOV     A,R7
001E 5410              ANL     A,#010H
0020 FF                MOV     R7,A
0021 900000      R     MOV     DPTR,#staticBits
0024 E0                MOVX    A,@DPTR
0025 FE                MOV     R6,A
0026 EF                MOV     A,R7
0027 4E                ORL     A,R6
0028 FF                MOV     R7,A
0029 905120            MOV     DPTR,#05120H
002C EF                MOV     A,R7
002D F0                MOVX    @DPTR,A
                                           ; SOURCE LINE # 39
002E         ?C0001:
002E 22                RET     
             ; FUNCTION _StartCollection_B_Write (END)

             ; FUNCTION _StartCollection_B_SetDriveMode (BEGIN)
                                           ; SOURCE LINE # 56
0000 900000      R     MOV     DPTR,#mode
0003 EF                MOV     A,R7
0004 F0                MOVX    @DPTR,A
                                           ; SOURCE LINE # 57
                                           ; SOURCE LINE # 58
0005 900000      R     MOV     DPTR,#mode
0008 E0                MOVX    A,@DPTR
0009 FF                MOV     R7,A
000A EF                MOV     A,R7
000B 540E              ANL     A,#0EH
000D FF                MOV     R7,A
000E 905014            MOV     DPTR,#05014H
0011 E0                MOVX    A,@DPTR
0012 FE                MOV     R6,A
0013 EE                MOV     A,R6
0014 54F1              ANL     A,#0F1H
C51 COMPILER V9.51   STARTCOLLECTION_B                                                     05/30/2014 20:29:49 PAGE 5   

0016 FE                MOV     R6,A
0017 EE                MOV     A,R6
0018 4F                ORL     A,R7
0019 FF                MOV     R7,A
001A 905014            MOV     DPTR,#05014H
001D EF                MOV     A,R7
001E F0                MOVX    @DPTR,A
                                           ; SOURCE LINE # 59
001F         ?C0002:
001F 22                RET     
             ; FUNCTION _StartCollection_B_SetDriveMode (END)

             ; FUNCTION StartCollection_B_Read (BEGIN)
                                           ; SOURCE LINE # 80
                                           ; SOURCE LINE # 81
                                           ; SOURCE LINE # 82
0000 905121            MOV     DPTR,#05121H
0003 E0                MOVX    A,@DPTR
0004 FF                MOV     R7,A
0005 EF                MOV     A,R7
0006 5410              ANL     A,#010H
0008 FF                MOV     R7,A
0009 7E00              MOV     R6,#00H
000B EE                MOV     A,R6
000C C4                SWAP    A
000D F8                MOV     R0,A
000E 54F0              ANL     A,#0F0H
0010 C8                XCH     A,R0
0011 68                XRL     A,R0
0012 FE                MOV     R6,A
0013 EF                MOV     A,R7
0014 C4                SWAP    A
0015 540F              ANL     A,#0FH
0017 48                ORL     A,R0
0018 FF                MOV     R7,A
                                           ; SOURCE LINE # 83
0019         ?C0003:
0019 22                RET     
             ; FUNCTION StartCollection_B_Read (END)

             ; FUNCTION StartCollection_B_ReadDataReg (BEGIN)
                                           ; SOURCE LINE # 100
                                           ; SOURCE LINE # 101
                                           ; SOURCE LINE # 102
0000 905120            MOV     DPTR,#05120H
0003 E0                MOVX    A,@DPTR
0004 FF                MOV     R7,A
0005 EF                MOV     A,R7
0006 5410              ANL     A,#010H
0008 FF                MOV     R7,A
0009 7E00              MOV     R6,#00H
000B EE                MOV     A,R6
000C C4                SWAP    A
000D F8                MOV     R0,A
000E 54F0              ANL     A,#0F0H
0010 C8                XCH     A,R0
0011 68                XRL     A,R0
0012 FE                MOV     R6,A
0013 EF                MOV     A,R7
0014 C4                SWAP    A
0015 540F              ANL     A,#0FH
0017 48                ORL     A,R0
C51 COMPILER V9.51   STARTCOLLECTION_B                                                     05/30/2014 20:29:49 PAGE 6   

0018 FF                MOV     R7,A
                                           ; SOURCE LINE # 103
0019         ?C0004:
0019 22                RET     
             ; FUNCTION StartCollection_B_ReadDataReg (END)

             ; FUNCTION StartCollection_B_ClearInterrupt (BEGIN)
                                           ; SOURCE LINE # 124
                                           ; SOURCE LINE # 125
                                           ; SOURCE LINE # 126
0000 904582            MOV     DPTR,#04582H
0003 E0                MOVX    A,@DPTR
0004 FF                MOV     R7,A
0005 EF                MOV     A,R7
0006 5410              ANL     A,#010H
0008 FF                MOV     R7,A
0009 7E00              MOV     R6,#00H
000B EE                MOV     A,R6
000C C4                SWAP    A
000D F8                MOV     R0,A
000E 54F0              ANL     A,#0F0H
0010 C8                XCH     A,R0
0011 68                XRL     A,R0
0012 FE                MOV     R6,A
0013 EF                MOV     A,R7
0014 C4                SWAP    A
0015 540F              ANL     A,#0FH
0017 48                ORL     A,R0
0018 FF                MOV     R7,A
                                           ; SOURCE LINE # 127
0019         ?C0005:
0019 22                RET     
             ; FUNCTION StartCollection_B_ClearInterrupt (END)



MODULE INFORMATION:   STATIC OVERLAYABLE
   CODE SIZE        =    157    ----
   CONSTANT SIZE    =   ----    ----
   XDATA SIZE       =      3    ----
   PDATA SIZE       =   ----    ----
   DATA SIZE        =   ----    ----
   IDATA SIZE       =   ----    ----
   BIT SIZE         =   ----    ----
   EDATA SIZE       =   ----    ----
   HDATA SIZE       =   ----    ----
   XDATA CONST SIZE =   ----    ----
   FAR CONST SIZE   =   ----    ----
END OF MODULE INFORMATION.


C51 COMPILATION COMPLETE.  0 WARNING(S),  0 ERROR(S)
