C51 COMPILER V9.51   STOPCOLLECTION_B                                                      05/30/2014 20:29:49 PAGE 1   


C51 COMPILER V9.51, COMPILATION OF MODULE STOPCOLLECTION_B
OBJECT MODULE PLACED IN .\DP8051\DP8051_Keil_951\Debug\StopCollection_B.obj
COMPILER INVOKED BY: C:\Program Files (x86)\Cypress\PSoC Creator\3.0\PSoC Creator\import\keil\pk51\9.51\C51\BIN\c51.exe 
                    -.\Generated_Source\PSoC3\StopCollection_B.c NOIV LARGE MODDP2 OMF2 VB(1) PR(.\DP8051\DP8051_Keil_951\Debug\StopCollectio
                    -n_B.lst) CD DB NOIP OT(0,SIZE) DF(DEBUG) INCDIR(.,.\Generated_Source\PSoC3) OJ(.\DP8051\DP8051_Keil_951\Debug\StopCollec
                    -tion_B.obj)

line level    source

   1          /*******************************************************************************
   2          * File Name: StopCollection_B.c  
   3          * Version 1.90
   4          *
   5          * Description:
   6          *  This file contains API to enable firmware control of a Pins component.
   7          *
   8          * Note:
   9          *
  10          ********************************************************************************
  11          * Copyright 2008-2012, Cypress Semiconductor Corporation.  All rights reserved.
  12          * You may use this file only in accordance with the license, terms, conditions, 
  13          * disclaimers, and limitations in the end user license agreement accompanying 
  14          * the software package with which this file was provided.
  15          *******************************************************************************/
  16          
  17          #include "cytypes.h"
  18          #include "StopCollection_B.h"
  19          
  20          
  21          /*******************************************************************************
  22          * Function Name: StopCollection_B_Write
  23          ********************************************************************************
  24          *
  25          * Summary:
  26          *  Assign a new value to the digital port's data output register.  
  27          *
  28          * Parameters:  
  29          *  prtValue:  The value to be assigned to the Digital Port. 
  30          *
  31          * Return: 
  32          *  None 
  33          *  
  34          *******************************************************************************/
  35          void StopCollection_B_Write(uint8 value) 
  36          {
  37   1          uint8 staticBits = (StopCollection_B_DR & (uint8)(~StopCollection_B_MASK));
  38   1          StopCollection_B_DR = staticBits | ((uint8)(value << StopCollection_B_SHIFT) & StopCollection_B_MASK);
  39   1      }
  40          
  41          
  42          /*******************************************************************************
  43          * Function Name: StopCollection_B_SetDriveMode
  44          ********************************************************************************
  45          *
  46          * Summary:
  47          *  Change the drive mode on the pins of the port.
  48          * 
  49          * Parameters:  
  50          *  mode:  Change the pins to this drive mode.
  51          *
  52          * Return: 
C51 COMPILER V9.51   STOPCOLLECTION_B                                                      05/30/2014 20:29:49 PAGE 2   

  53          *  None
  54          *
  55          *******************************************************************************/
  56          void StopCollection_B_SetDriveMode(uint8 mode) 
  57          {
  58   1              CyPins_SetPinDriveMode(StopCollection_B_0, mode);
  59   1      }
  60          
  61          
  62          /*******************************************************************************
  63          * Function Name: StopCollection_B_Read
  64          ********************************************************************************
  65          *
  66          * Summary:
  67          *  Read the current value on the pins of the Digital Port in right justified 
  68          *  form.
  69          *
  70          * Parameters:  
  71          *  None 
  72          *
  73          * Return: 
  74          *  Returns the current value of the Digital Port as a right justified number
  75          *  
  76          * Note:
  77          *  Macro StopCollection_B_ReadPS calls this function. 
  78          *  
  79          *******************************************************************************/
  80          uint8 StopCollection_B_Read(void) 
  81          {
  82   1          return (StopCollection_B_PS & StopCollection_B_MASK) >> StopCollection_B_SHIFT;
  83   1      }
  84          
  85          
  86          /*******************************************************************************
  87          * Function Name: StopCollection_B_ReadDataReg
  88          ********************************************************************************
  89          *
  90          * Summary:
  91          *  Read the current value assigned to a Digital Port's data output register
  92          *
  93          * Parameters:  
  94          *  None 
  95          *
  96          * Return: 
  97          *  Returns the current value assigned to the Digital Port's data output register
  98          *  
  99          *******************************************************************************/
 100          uint8 StopCollection_B_ReadDataReg(void) 
 101          {
 102   1          return (StopCollection_B_DR & StopCollection_B_MASK) >> StopCollection_B_SHIFT;
 103   1      }
 104          
 105          
 106          /* If Interrupts Are Enabled for this Pins component */ 
 107          #if defined(StopCollection_B_INTSTAT) 
 108          
 109              /*******************************************************************************
 110              * Function Name: StopCollection_B_ClearInterrupt
 111              ********************************************************************************
 112              *
 113              * Summary:
 114              *  Clears any active interrupts attached to port and returns the value of the 
C51 COMPILER V9.51   STOPCOLLECTION_B                                                      05/30/2014 20:29:49 PAGE 3   

 115              *  interrupt status register.
 116              *
 117              * Parameters:  
 118              *  None 
 119              *
 120              * Return: 
 121              *  Returns the value of the interrupt status register
 122              *  
 123              *******************************************************************************/
 124              uint8 StopCollection_B_ClearInterrupt(void) 
 125              {
 126   1              return (StopCollection_B_INTSTAT & StopCollection_B_MASK) >> StopCollection_B_SHIFT;
 127   1          }
 128          
 129          #endif /* If Interrupts Are Enabled for this Pins component */ 
 130          
 131          
 132          /* [] END OF FILE */
C51 COMPILER V9.51   STOPCOLLECTION_B                                                      05/30/2014 20:29:49 PAGE 4   

ASSEMBLY LISTING OF GENERATED OBJECT CODE


             ; FUNCTION _StopCollection_B_Write (BEGIN)
                                           ; SOURCE LINE # 35
0000 900000      R     MOV     DPTR,#value
0003 EF                MOV     A,R7
0004 F0                MOVX    @DPTR,A
                                           ; SOURCE LINE # 36
                                           ; SOURCE LINE # 37
0005 905100            MOV     DPTR,#05100H
0008 E0                MOVX    A,@DPTR
0009 FF                MOV     R7,A
000A EF                MOV     A,R7
000B 54FD              ANL     A,#0FDH
000D FF                MOV     R7,A
000E 900000      R     MOV     DPTR,#staticBits
0011 EF                MOV     A,R7
0012 F0                MOVX    @DPTR,A
                                           ; SOURCE LINE # 38
0013 900000      R     MOV     DPTR,#value
0016 E0                MOVX    A,@DPTR
0017 FF                MOV     R7,A
0018 EF                MOV     A,R7
0019 25E0              ADD     A,ACC
001B FF                MOV     R7,A
001C EF                MOV     A,R7
001D 5402              ANL     A,#02H
001F FF                MOV     R7,A
0020 900000      R     MOV     DPTR,#staticBits
0023 E0                MOVX    A,@DPTR
0024 FE                MOV     R6,A
0025 EF                MOV     A,R7
0026 4E                ORL     A,R6
0027 FF                MOV     R7,A
0028 905100            MOV     DPTR,#05100H
002B EF                MOV     A,R7
002C F0                MOVX    @DPTR,A
                                           ; SOURCE LINE # 39
002D         ?C0001:
002D 22                RET     
             ; FUNCTION _StopCollection_B_Write (END)

             ; FUNCTION _StopCollection_B_SetDriveMode (BEGIN)
                                           ; SOURCE LINE # 56
0000 900000      R     MOV     DPTR,#mode
0003 EF                MOV     A,R7
0004 F0                MOVX    @DPTR,A
                                           ; SOURCE LINE # 57
                                           ; SOURCE LINE # 58
0005 900000      R     MOV     DPTR,#mode
0008 E0                MOVX    A,@DPTR
0009 FF                MOV     R7,A
000A EF                MOV     A,R7
000B 540E              ANL     A,#0EH
000D FF                MOV     R7,A
000E 905001            MOV     DPTR,#05001H
0011 E0                MOVX    A,@DPTR
0012 FE                MOV     R6,A
0013 EE                MOV     A,R6
0014 54F1              ANL     A,#0F1H
0016 FE                MOV     R6,A
C51 COMPILER V9.51   STOPCOLLECTION_B                                                      05/30/2014 20:29:49 PAGE 5   

0017 EE                MOV     A,R6
0018 4F                ORL     A,R7
0019 FF                MOV     R7,A
001A 905001            MOV     DPTR,#05001H
001D EF                MOV     A,R7
001E F0                MOVX    @DPTR,A
                                           ; SOURCE LINE # 59
001F         ?C0002:
001F 22                RET     
             ; FUNCTION _StopCollection_B_SetDriveMode (END)

             ; FUNCTION StopCollection_B_Read (BEGIN)
                                           ; SOURCE LINE # 80
                                           ; SOURCE LINE # 81
                                           ; SOURCE LINE # 82
0000 905101            MOV     DPTR,#05101H
0003 E0                MOVX    A,@DPTR
0004 FF                MOV     R7,A
0005 EF                MOV     A,R7
0006 5402              ANL     A,#02H
0008 FF                MOV     R7,A
0009 7E00              MOV     R6,#00H
000B EE                MOV     A,R6
000C C3                CLR     C
000D 13                RRC     A
000E FE                MOV     R6,A
000F EF                MOV     A,R7
0010 13                RRC     A
0011 FF                MOV     R7,A
                                           ; SOURCE LINE # 83
0012         ?C0003:
0012 22                RET     
             ; FUNCTION StopCollection_B_Read (END)

             ; FUNCTION StopCollection_B_ReadDataReg (BEGIN)
                                           ; SOURCE LINE # 100
                                           ; SOURCE LINE # 101
                                           ; SOURCE LINE # 102
0000 905100            MOV     DPTR,#05100H
0003 E0                MOVX    A,@DPTR
0004 FF                MOV     R7,A
0005 EF                MOV     A,R7
0006 5402              ANL     A,#02H
0008 FF                MOV     R7,A
0009 7E00              MOV     R6,#00H
000B EE                MOV     A,R6
000C C3                CLR     C
000D 13                RRC     A
000E FE                MOV     R6,A
000F EF                MOV     A,R7
0010 13                RRC     A
0011 FF                MOV     R7,A
                                           ; SOURCE LINE # 103
0012         ?C0004:
0012 22                RET     
             ; FUNCTION StopCollection_B_ReadDataReg (END)

             ; FUNCTION StopCollection_B_ClearInterrupt (BEGIN)
                                           ; SOURCE LINE # 124
                                           ; SOURCE LINE # 125
                                           ; SOURCE LINE # 126
0000 904580            MOV     DPTR,#04580H
C51 COMPILER V9.51   STOPCOLLECTION_B                                                      05/30/2014 20:29:49 PAGE 6   

0003 E0                MOVX    A,@DPTR
0004 FF                MOV     R7,A
0005 EF                MOV     A,R7
0006 5402              ANL     A,#02H
0008 FF                MOV     R7,A
0009 7E00              MOV     R6,#00H
000B EE                MOV     A,R6
000C C3                CLR     C
000D 13                RRC     A
000E FE                MOV     R6,A
000F EF                MOV     A,R7
0010 13                RRC     A
0011 FF                MOV     R7,A
                                           ; SOURCE LINE # 127
0012         ?C0005:
0012 22                RET     
             ; FUNCTION StopCollection_B_ClearInterrupt (END)



MODULE INFORMATION:   STATIC OVERLAYABLE
   CODE SIZE        =    135    ----
   CONSTANT SIZE    =   ----    ----
   XDATA SIZE       =      3    ----
   PDATA SIZE       =   ----    ----
   DATA SIZE        =   ----    ----
   IDATA SIZE       =   ----    ----
   BIT SIZE         =   ----    ----
   EDATA SIZE       =   ----    ----
   HDATA SIZE       =   ----    ----
   XDATA CONST SIZE =   ----    ----
   FAR CONST SIZE   =   ----    ----
END OF MODULE INFORMATION.


C51 COMPILATION COMPLETE.  0 WARNING(S),  0 ERROR(S)
