--------------- Build Started: 03/15/2014 16:16:34 Project: Erebus_Sensor, Configuration: DP8051 Keil 9.51 Debug ---------------
cydsfit.exe "-.appdatapath" "C:\Users\Win7_VM\AppData\Local\Cypress Semiconductor\PSoC Creator\3.0" "-.fdsnotice" "-.fdswarpdepfile=warp_dependencies.txt" "-.fdselabdepfile=elab_dependencies.txt" "-.fdsbldfile=generated_files.txt" "-p" "C:\Users\Win7_VM\Documents\PSoC Creator\Erebus_Sensor\Erebus_Sensor.cydsn\Erebus_Sensor.cyprj" "-d" "CY8C3866AXI-040" "-s" "C:\Users\Win7_VM\Documents\PSoC Creator\Erebus_Sensor\Erebus_Sensor.cydsn\Generated_Source\PSoC3" "--" "-yv2" "-v3" "-ygs" "-q10" "-o2" "-.fftcfgtype=BE"
Elaborating Design...
HDL Generation ...
Synthesis ...
Place and Route ...
Tech mapping ...
Info: mpr.M0037: Unused pieces of the design have been optimized out. See the Tech mapping section of the report file for details. (App=cydsfit)
Analog Placement ...
Analog Routing ...
Analog Code Generation ...
Digital Placement ...
Digital Routing ...
Bitstream Generation ...
Static timing analysis ...
Warning: sta.M0021: Erebus_Sensor_timing.html: Warning-1350: Asynchronous path(s) exist from "timer_clock(fixed-function)" to "timer_clock". See the timing report for details. (File=C:\Users\Win7_VM\Documents\PSoC Creator\Erebus_Sensor\Erebus_Sensor.cydsn\Erebus_Sensor_timing.html)
API Generation ...
Dependency Generation ...
Clean Temporary Files ...
--------------- Build Succeeded: 03/15/2014 16:16:47 ---------------
