C51 COMPILER V9.51   MAIN                                                                  03/15/2014 13:29:03 PAGE 1   


C51 COMPILER V9.51, COMPILATION OF MODULE MAIN
OBJECT MODULE PLACED IN .\DP8051\DP8051_Keil_951\Debug\main.obj
COMPILER INVOKED BY: C:\Program Files (x86)\Cypress\PSoC Creator\3.0\PSoC Creator\import\keil\pk51\9.51\C51\BIN\c51.exe 
                    -.\main.c NOIV LARGE MODDP2 OMF2 VB(1) PR(.\DP8051\DP8051_Keil_951\Debug\main.lst) CD DB NOIP OT(2,SIZE) DF(DEBUG) INCDIR
                    -(.,.\Generated_Source\PSoC3) OJ(.\DP8051\DP8051_Keil_951\Debug\main.obj)

line level    source

   1          /* ========================================
   2           *
   3           * Copyright YOUR COMPANY, THE YEAR
   4           * All Rights Reserved
   5           * UNPUBLISHED, LICENSED SOFTWARE.
   6           *
   7           * CONFIDENTIAL AND PROPRIETARY INFORMATION
   8           * WHICH IS THE PROPERTY OF your company.
   9           *
  10           * ========================================
  11          */
  12          #include <project.h>
  13          #include <stdlib.h>
  14          #include "main.h"
  15          
  16          // Globals
  17              uint16 delay = 500;
  18          
  19              
  20          void main()
  21          {
  22   1          /* Initialization*/
  23   1          
  24   1          // Variable declarations
  25   1      
  26   1          
  27   1          // Enable and start EEPROM
  28   1       //   EEPROM_Real_Enable();
  29   1       //   EEPROM_Real_Start();
  30   1          
  31   1          // Enable global interrupts
  32   1          CyGlobalIntEnable;
  33   1          Vbus_IRQ_Start();
  34   1          
  35   1          // Start LED Blinking
  36   1          Blink_Timer_Start();   
  37   1      
  38   1          for(;;)
  39   1          {
  40   2       
  41   2          }
  42   1      }
  43          
  44          /* [] END OF FILE */
C51 COMPILER V9.51   MAIN                                                                  03/15/2014 13:29:03 PAGE 2   

ASSEMBLY LISTING OF GENERATED OBJECT CODE


             ; FUNCTION main (BEGIN)
                                           ; SOURCE LINE # 20
                                           ; SOURCE LINE # 21
                                           ; SOURCE LINE # 32
0000 D2AF              SETB    EA
0002 9044F4            MOV     DPTR,#044F4H
0005 74FD              MOV     A,#0FDH
0007 F0                MOVX    @DPTR,A
                                           ; SOURCE LINE # 33
0008 120000      E     LCALL   Vbus_IRQ_Start
                                           ; SOURCE LINE # 36
000B 120000      E     LCALL   Blink_Timer_Start
                                           ; SOURCE LINE # 38
000E         ?C0001:
                                           ; SOURCE LINE # 39
                                           ; SOURCE LINE # 41
000E 80FE              SJMP    ?C0001
0010 22                RET     
             ; FUNCTION main (END)



MODULE INFORMATION:   STATIC OVERLAYABLE
   CODE SIZE        =     17    ----
   CONSTANT SIZE    =   ----    ----
   XDATA SIZE       =      2    ----
   PDATA SIZE       =   ----    ----
   DATA SIZE        =   ----    ----
   IDATA SIZE       =   ----    ----
   BIT SIZE         =   ----    ----
   EDATA SIZE       =   ----    ----
   HDATA SIZE       =   ----    ----
   XDATA CONST SIZE =   ----    ----
   FAR CONST SIZE   =   ----    ----
END OF MODULE INFORMATION.


C51 COMPILATION COMPLETE.  0 WARNING(S),  0 ERROR(S)
