C51 COMPILER V9.51   USBUART_1_VBUS_PS                                                     03/02/2014 17:35:41 PAGE 1   


C51 COMPILER V9.51, COMPILATION OF MODULE USBUART_1_VBUS_PS
OBJECT MODULE PLACED IN .\DP8051\DP8051_Keil_951\Debug\USBUART_1_Vbus_ps.obj
COMPILER INVOKED BY: C:\Program Files (x86)\Cypress\PSoC Creator\3.0\PSoC Creator\import\keil\pk51\9.51\C51\BIN\c51.exe 
                    -.\Generated_Source\PSoC3\USBUART_1_Vbus_ps.c NOIV LARGE MODDP2 OMF2 VB(1) PR(.\DP8051\DP8051_Keil_951\Debug\USBUART_1_Vb
                    -us_ps.lst) CD DB NOIP OT(2,SIZE) DF(DEBUG) INCDIR(.,.\Generated_Source\PSoC3) OJ(.\DP8051\DP8051_Keil_951\Debug\USBUART_
                    -1_Vbus_ps.obj)

line level    source

   1          /*******************************************************************************
   2          * File Name: USBUART_1_Vbus_ps.c  
   3          * Version 1.80
   4          *
   5          * Description:
   6          *  This file contains API to enable firmware to read the value of a Status 
   7          *  Register.
   8          *
   9          * Note:
  10          *
  11          ********************************************************************************
  12          * Copyright 2008-2012, Cypress Semiconductor Corporation.  All rights reserved.
  13          * You may use this file only in accordance with the license, terms, conditions, 
  14          * disclaimers, and limitations in the end user license agreement accompanying 
  15          * the software package with which this file was provided.
  16          *******************************************************************************/
  17          
  18          #include "USBUART_1_Vbus_ps.h"
  19          
  20          #if !defined(USBUART_1_Vbus_ps_sts_sts_reg__REMOVED) /* Check for removal by optimization */
  21          
  22          
  23          /*******************************************************************************
  24          * Function Name: USBUART_1_Vbus_ps_Read
  25          ********************************************************************************
  26          *
  27          * Summary:
  28          *  Reads the current value assigned to the Status Register.
  29          *
  30          * Parameters:
  31          *  None.
  32          *
  33          * Return:
  34          *  The current value in the Status Register.
  35          *
  36          *******************************************************************************/
  37          uint8 USBUART_1_Vbus_ps_Read(void) 
  38          { 
  39   1          return USBUART_1_Vbus_ps_Status;
  40   1      }
  41          
  42          
  43          /*******************************************************************************
  44          * Function Name: USBUART_1_Vbus_ps_InterruptEnable
  45          ********************************************************************************
  46          *
  47          * Summary:
  48          *  Enables the Status Register interrupt.
  49          *
  50          * Parameters:
  51          *  None.
  52          *
C51 COMPILER V9.51   USBUART_1_VBUS_PS                                                     03/02/2014 17:35:41 PAGE 2   

  53          * Return:
  54          *  None.
  55          *
  56          *******************************************************************************/
  57          void USBUART_1_Vbus_ps_InterruptEnable(void) 
  58          {
  59   1          uint8 interruptState;
  60   1          interruptState = CyEnterCriticalSection();
  61   1          USBUART_1_Vbus_ps_Status_Aux_Ctrl |= USBUART_1_Vbus_ps_STATUS_INTR_ENBL;
  62   1          CyExitCriticalSection(interruptState);
  63   1      }
  64          
  65          
  66          /*******************************************************************************
  67          * Function Name: USBUART_1_Vbus_ps_InterruptDisable
  68          ********************************************************************************
  69          *
  70          * Summary:
  71          *  Disables the Status Register interrupt.
  72          *
  73          * Parameters:
  74          *  None.
  75          *
  76          * Return:
  77          *  None.
  78          *
  79          *******************************************************************************/
  80          void USBUART_1_Vbus_ps_InterruptDisable(void) 
  81          {
  82   1          uint8 interruptState;
  83   1          interruptState = CyEnterCriticalSection();
  84   1          USBUART_1_Vbus_ps_Status_Aux_Ctrl &= (uint8)(~USBUART_1_Vbus_ps_STATUS_INTR_ENBL);
  85   1          CyExitCriticalSection(interruptState);
  86   1      }
  87          
  88          
  89          /*******************************************************************************
  90          * Function Name: USBUART_1_Vbus_ps_WriteMask
  91          ********************************************************************************
  92          *
  93          * Summary:
  94          *  Writes the current mask value assigned to the Status Register.
  95          *
  96          * Parameters:
  97          *  mask:  Value to write into the mask register.
  98          *
  99          * Return:
 100          *  None.
 101          *
 102          *******************************************************************************/
 103          void USBUART_1_Vbus_ps_WriteMask(uint8 mask) 
 104          {
 105   1          #if(USBUART_1_Vbus_ps_INPUTS < 8u)
 106   1              mask &= (uint8)((((uint8)1u) << USBUART_1_Vbus_ps_INPUTS) - 1u);
 107   1              #endif /* End USBUART_1_Vbus_ps_INPUTS < 8u */
 108   1          USBUART_1_Vbus_ps_Status_Mask = mask;
 109   1      }
 110          
 111          
 112          /*******************************************************************************
 113          * Function Name: USBUART_1_Vbus_ps_ReadMask
 114          ********************************************************************************
C51 COMPILER V9.51   USBUART_1_VBUS_PS                                                     03/02/2014 17:35:41 PAGE 3   

 115          *
 116          * Summary:
 117          *  Reads the current interrupt mask assigned to the Status Register.
 118          *
 119          * Parameters:
 120          *  None.
 121          *
 122          * Return:
 123          *  The value of the interrupt mask of the Status Register.
 124          *
 125          *******************************************************************************/
 126          uint8 USBUART_1_Vbus_ps_ReadMask(void) 
 127          {
 128   1          return USBUART_1_Vbus_ps_Status_Mask;
 129   1      }
 130          
 131          #endif /* End check for removal by optimization */
 132          
 133          
 134          /* [] END OF FILE */
C51 COMPILER V9.51   USBUART_1_VBUS_PS                                                     03/02/2014 17:35:41 PAGE 4   

ASSEMBLY LISTING OF GENERATED OBJECT CODE


             ; FUNCTION USBUART_1_Vbus_ps_Read (BEGIN)
                                           ; SOURCE LINE # 37
                                           ; SOURCE LINE # 38
                                           ; SOURCE LINE # 39
0000 906462            MOV     DPTR,#06462H
0003 E0                MOVX    A,@DPTR
0004 FF                MOV     R7,A
                                           ; SOURCE LINE # 40
0005         ?C0001:
0005 22                RET     
             ; FUNCTION USBUART_1_Vbus_ps_Read (END)

             ; FUNCTION USBUART_1_Vbus_ps_InterruptEnable (BEGIN)
                                           ; SOURCE LINE # 57
                                           ; SOURCE LINE # 58
                                           ; SOURCE LINE # 60
0000 120000      E     LCALL   CyEnterCriticalSection
0003 900000      R     MOV     DPTR,#interruptState
0006 EF                MOV     A,R7
0007 F0                MOVX    @DPTR,A
                                           ; SOURCE LINE # 61
0008 906492            MOV     DPTR,#06492H
000B E0                MOVX    A,@DPTR
000C FF                MOV     R7,A
000D EF                MOV     A,R7
000E 4410              ORL     A,#010H
0010 FF                MOV     R7,A
0011 EF                MOV     A,R7
0012 F0                MOVX    @DPTR,A
                                           ; SOURCE LINE # 62
0013 900000      R     MOV     DPTR,#interruptState
0016 E0                MOVX    A,@DPTR
0017 FF                MOV     R7,A
0018 120000      E     LCALL   _CyExitCriticalSection
                                           ; SOURCE LINE # 63
001B 22                RET     
             ; FUNCTION USBUART_1_Vbus_ps_InterruptEnable (END)

             ; FUNCTION USBUART_1_Vbus_ps_InterruptDisable (BEGIN)
                                           ; SOURCE LINE # 80
                                           ; SOURCE LINE # 81
                                           ; SOURCE LINE # 83
0000 120000      E     LCALL   CyEnterCriticalSection
0003 900000      R     MOV     DPTR,#interruptState
0006 EF                MOV     A,R7
0007 F0                MOVX    @DPTR,A
                                           ; SOURCE LINE # 84
0008 906492            MOV     DPTR,#06492H
000B E0                MOVX    A,@DPTR
000C FF                MOV     R7,A
000D EF                MOV     A,R7
000E 54EF              ANL     A,#0EFH
0010 FF                MOV     R7,A
0011 EF                MOV     A,R7
0012 F0                MOVX    @DPTR,A
                                           ; SOURCE LINE # 85
0013 900000      R     MOV     DPTR,#interruptState
0016 E0                MOVX    A,@DPTR
0017 FF                MOV     R7,A
C51 COMPILER V9.51   USBUART_1_VBUS_PS                                                     03/02/2014 17:35:41 PAGE 5   

0018 120000      E     LCALL   _CyExitCriticalSection
                                           ; SOURCE LINE # 86
001B 22                RET     
             ; FUNCTION USBUART_1_Vbus_ps_InterruptDisable (END)

             ; FUNCTION _USBUART_1_Vbus_ps_WriteMask (BEGIN)
                                           ; SOURCE LINE # 103
0000 900000      R     MOV     DPTR,#mask
0003 EF                MOV     A,R7
0004 F0                MOVX    @DPTR,A
                                           ; SOURCE LINE # 104
                                           ; SOURCE LINE # 106
0005 900000      R     MOV     DPTR,#mask
0008 E0                MOVX    A,@DPTR
0009 FF                MOV     R7,A
000A EF                MOV     A,R7
000B 5401              ANL     A,#01H
000D FF                MOV     R7,A
000E 900000      R     MOV     DPTR,#mask
0011 EF                MOV     A,R7
0012 F0                MOVX    @DPTR,A
                                           ; SOURCE LINE # 108
0013 900000      R     MOV     DPTR,#mask
0016 E0                MOVX    A,@DPTR
0017 FF                MOV     R7,A
0018 906482            MOV     DPTR,#06482H
001B EF                MOV     A,R7
001C F0                MOVX    @DPTR,A
                                           ; SOURCE LINE # 109
001D 22                RET     
             ; FUNCTION _USBUART_1_Vbus_ps_WriteMask (END)

             ; FUNCTION USBUART_1_Vbus_ps_ReadMask (BEGIN)
                                           ; SOURCE LINE # 126
                                           ; SOURCE LINE # 127
                                           ; SOURCE LINE # 128
0000 906482            MOV     DPTR,#06482H
0003 E0                MOVX    A,@DPTR
0004 FF                MOV     R7,A
                                           ; SOURCE LINE # 129
0005         ?C0005:
0005 22                RET     
             ; FUNCTION USBUART_1_Vbus_ps_ReadMask (END)



MODULE INFORMATION:   STATIC OVERLAYABLE
   CODE SIZE        =     98    ----
   CONSTANT SIZE    =   ----    ----
   XDATA SIZE       =   ----       3
   PDATA SIZE       =   ----    ----
   DATA SIZE        =   ----    ----
   IDATA SIZE       =   ----    ----
   BIT SIZE         =   ----    ----
   EDATA SIZE       =   ----    ----
   HDATA SIZE       =   ----    ----
   XDATA CONST SIZE =   ----    ----
   FAR CONST SIZE   =   ----    ----
END OF MODULE INFORMATION.


C51 COMPILATION COMPLETE.  0 WARNING(S),  0 ERROR(S)
