C51 COMPILER V9.51   VBUSLOW_IRQ                                                           03/21/2014 14:33:59 PAGE 1   


C51 COMPILER V9.51, COMPILATION OF MODULE VBUSLOW_IRQ
OBJECT MODULE PLACED IN .\DP8051\DP8051_Keil_951\Debug\VbusLow_IRQ.obj
COMPILER INVOKED BY: C:\Program Files (x86)\Cypress\PSoC Creator\3.0\PSoC Creator\import\keil\pk51\9.51\C51\BIN\c51.exe 
                    -.\Generated_Source\PSoC3\VbusLow_IRQ.c NOIV LARGE MODDP2 OMF2 VB(1) PR(.\DP8051\DP8051_Keil_951\Debug\VbusLow_IRQ.lst) C
                    -D DB NOIP OT(2,SIZE) DF(DEBUG) INCDIR(.,.\Generated_Source\PSoC3) OJ(.\DP8051\DP8051_Keil_951\Debug\VbusLow_IRQ.obj)

line level    source

   1          /*******************************************************************************
   2          * File Name: VbusLow_IRQ.c  
   3          * Version 1.70
   4          *
   5          *  Description:
   6          *   API for controlling the state of an interrupt.
   7          *
   8          *
   9          *  Note:
  10          *
  11          ********************************************************************************
  12          * Copyright 2008-2012, Cypress Semiconductor Corporation.  All rights reserved.
  13          * You may use this file only in accordance with the license, terms, conditions, 
  14          * disclaimers, and limitations in the end user license agreement accompanying 
  15          * the software package with which this file was provided.
  16          *******************************************************************************/
  17          
  18          #include <cydevice_trm.h>
  19          #include <CyLib.h>
  20          #include <VbusLow_IRQ.h>
  21          
  22          #if !defined(VbusLow_IRQ__REMOVED) /* Check for removal by optimization */
  23          
  24          /*******************************************************************************
  25          *  Place your includes, defines and code here 
  26          ********************************************************************************/
  27          /* `#START VbusLow_IRQ_intc` */
  28          
  29          #include "USB_Access.h"
  30          #include "project.h"
  31          
  32          /* `#END` */
  33          
  34          
  35          /*******************************************************************************
  36          * Function Name: VbusLow_IRQ_Start
  37          ********************************************************************************
  38          *
  39          * Summary:
  40          *  Set up the interrupt and enable it.
  41          *
  42          * Parameters:  
  43          *   None
  44          *
  45          * Return:
  46          *   None
  47          *
  48          *******************************************************************************/
  49          void VbusLow_IRQ_Start(void) 
  50          {
  51   1          /* For all we know the interrupt is active. */
  52   1          VbusLow_IRQ_Disable();
  53   1      
C51 COMPILER V9.51   VBUSLOW_IRQ                                                           03/21/2014 14:33:59 PAGE 2   

  54   1          /* Set the ISR to point to the VbusLow_IRQ Interrupt. */
  55   1          VbusLow_IRQ_SetVector(&VbusLow_IRQ_Interrupt);
  56   1      
  57   1          /* Set the priority. */
  58   1          VbusLow_IRQ_SetPriority((uint8)VbusLow_IRQ_INTC_PRIOR_NUMBER);
  59   1      
  60   1          /* Enable it. */
  61   1          VbusLow_IRQ_Enable();
  62   1      }
  63          
  64          
  65          /*******************************************************************************
  66          * Function Name: VbusLow_IRQ_StartEx
  67          ********************************************************************************
  68          *
  69          * Summary:
  70          *  Set up the interrupt and enable it.
  71          *
  72          * Parameters:  
  73          *   address: Address of the ISR to set in the interrupt vector table.
  74          *
  75          * Return:
  76          *   None
  77          *
  78          *******************************************************************************/
  79          void VbusLow_IRQ_StartEx(cyisraddress address) 
  80          {
  81   1          /* For all we know the interrupt is active. */
  82   1          VbusLow_IRQ_Disable();
  83   1      
  84   1          /* Set the ISR to point to the VbusLow_IRQ Interrupt. */
  85   1          VbusLow_IRQ_SetVector(address);
  86   1      
  87   1          /* Set the priority. */
  88   1          VbusLow_IRQ_SetPriority((uint8)VbusLow_IRQ_INTC_PRIOR_NUMBER);
  89   1      
  90   1          /* Enable it. */
  91   1          VbusLow_IRQ_Enable();
  92   1      }
  93          
  94          
  95          /*******************************************************************************
  96          * Function Name: VbusLow_IRQ_Stop
  97          ********************************************************************************
  98          *
  99          * Summary:
 100          *   Disables and removes the interrupt.
 101          *
 102          * Parameters:  
 103          *   None
 104          *
 105          * Return:
 106          *   None
 107          *
 108          *******************************************************************************/
 109          void VbusLow_IRQ_Stop(void) 
 110          {
 111   1          /* Disable this interrupt. */
 112   1          VbusLow_IRQ_Disable();
 113   1      }
 114          
 115          
C51 COMPILER V9.51   VBUSLOW_IRQ                                                           03/21/2014 14:33:59 PAGE 3   

 116          /*******************************************************************************
 117          * Function Name: VbusLow_IRQ_Interrupt
 118          ********************************************************************************
 119          * Summary:
 120          *   The default Interrupt Service Routine for VbusLow_IRQ.
 121          *
 122          *   Add custom code between the coments to keep the next version of this file
 123          *   from over writting your code.
 124          *
 125          * Parameters:  
 126          *   None
 127          *
 128          * Return:
 129          *   None
 130          *
 131          *******************************************************************************/
 132          CY_ISR(VbusLow_IRQ_Interrupt)
 133          {
 134   1          /*  Place your Interrupt code here. */
 135   1          /* `#START VbusLow_IRQ_Interrupt` */
 136   1      
 137   1          // Vbus power has just been removed, so reset to apply newly saved settings    
 138   1          
 139   1          USBUART_Stop();
 140   1          CySoftwareReset();
 141   1      
 142   1          /* `#END` */
 143   1      
 144   1          /* PSoC3 ES1, ES2 RTC ISR PATCH  */ 
 145   1          #if(CYDEV_CHIP_FAMILY_USED == CYDEV_CHIP_FAMILY_PSOC3)
 146   1              #if((CYDEV_CHIP_REVISION_USED <= CYDEV_CHIP_REVISION_3A_ES2) && (VbusLow_IRQ__ES2_PATCH ))      
                          VbusLow_IRQ_ISR_PATCH();
                      #endif /* CYDEV_CHIP_REVISION_USED */
 149   1          #endif /* (CYDEV_CHIP_FAMILY_USED == CYDEV_CHIP_FAMILY_PSOC3) */
 150   1      }
 151          
 152          
 153          /*******************************************************************************
 154          * Function Name: VbusLow_IRQ_SetVector
 155          ********************************************************************************
 156          *
 157          * Summary:
 158          *   Change the ISR vector for the Interrupt. Note calling VbusLow_IRQ_Start
 159          *   will override any effect this method would have had. To set the vector 
 160          *   before the component has been started use VbusLow_IRQ_StartEx instead.
 161          *
 162          * Parameters:
 163          *   address: Address of the ISR to set in the interrupt vector table.
 164          *
 165          * Return:
 166          *   None
 167          *
 168          *******************************************************************************/
 169          void VbusLow_IRQ_SetVector(cyisraddress address) 
 170          {
 171   1          CY_SET_REG16(VbusLow_IRQ_INTC_VECTOR, (uint16) address);
 172   1      }
 173          
 174          
 175          /*******************************************************************************
 176          * Function Name: VbusLow_IRQ_GetVector
 177          ********************************************************************************
C51 COMPILER V9.51   VBUSLOW_IRQ                                                           03/21/2014 14:33:59 PAGE 4   

 178          *
 179          * Summary:
 180          *   Gets the "address" of the current ISR vector for the Interrupt.
 181          *
 182          * Parameters:
 183          *   None
 184          *
 185          * Return:
 186          *   Address of the ISR in the interrupt vector table.
 187          *
 188          *******************************************************************************/
 189          cyisraddress VbusLow_IRQ_GetVector(void) 
 190          {
 191   1          return (cyisraddress) CY_GET_REG16(VbusLow_IRQ_INTC_VECTOR);
 192   1      }
 193          
 194          
 195          /*******************************************************************************
 196          * Function Name: VbusLow_IRQ_SetPriority
 197          ********************************************************************************
 198          *
 199          * Summary:
 200          *   Sets the Priority of the Interrupt. Note calling VbusLow_IRQ_Start
 201          *   or VbusLow_IRQ_StartEx will override any effect this method would 
 202          *   have had. This method should only be called after VbusLow_IRQ_Start or 
 203          *   VbusLow_IRQ_StartEx has been called. To set the initial
 204          *   priority for the component use the cydwr file in the tool.
 205          *
 206          * Parameters:
 207          *   priority: Priority of the interrupt. 0 - 7, 0 being the highest.
 208          *
 209          * Return:
 210          *   None
 211          *
 212          *******************************************************************************/
 213          void VbusLow_IRQ_SetPriority(uint8 priority) 
 214          {
 215   1          *VbusLow_IRQ_INTC_PRIOR = priority << 5;
 216   1      }
 217          
 218          
 219          /*******************************************************************************
 220          * Function Name: VbusLow_IRQ_GetPriority
 221          ********************************************************************************
 222          *
 223          * Summary:
 224          *   Gets the Priority of the Interrupt.
 225          *
 226          * Parameters:
 227          *   None
 228          *
 229          * Return:
 230          *   Priority of the interrupt. 0 - 7, 0 being the highest.
 231          *
 232          *******************************************************************************/
 233          uint8 VbusLow_IRQ_GetPriority(void) 
 234          {
 235   1          uint8 priority;
 236   1      
 237   1      
 238   1          priority = *VbusLow_IRQ_INTC_PRIOR >> 5;
 239   1      
C51 COMPILER V9.51   VBUSLOW_IRQ                                                           03/21/2014 14:33:59 PAGE 5   

 240   1          return priority;
 241   1      }
 242          
 243          
 244          /*******************************************************************************
 245          * Function Name: VbusLow_IRQ_Enable
 246          ********************************************************************************
 247          *
 248          * Summary:
 249          *   Enables the interrupt.
 250          *
 251          * Parameters:
 252          *   None
 253          *
 254          * Return:
 255          *   None
 256          *
 257          *******************************************************************************/
 258          void VbusLow_IRQ_Enable(void) 
 259          {
 260   1          /* Enable the general interrupt. */
 261   1          *VbusLow_IRQ_INTC_SET_EN = VbusLow_IRQ__INTC_MASK;
 262   1      }
 263          
 264          
 265          /*******************************************************************************
 266          * Function Name: VbusLow_IRQ_GetState
 267          ********************************************************************************
 268          *
 269          * Summary:
 270          *   Gets the state (enabled, disabled) of the Interrupt.
 271          *
 272          * Parameters:
 273          *   None
 274          *
 275          * Return:
 276          *   1 if enabled, 0 if disabled.
 277          *
 278          *******************************************************************************/
 279          uint8 VbusLow_IRQ_GetState(void) 
 280          {
 281   1          /* Get the state of the general interrupt. */
 282   1          return ((*VbusLow_IRQ_INTC_SET_EN & (uint8)VbusLow_IRQ__INTC_MASK) != 0u) ? 1u:0u;
 283   1      }
 284          
 285          
 286          /*******************************************************************************
 287          * Function Name: VbusLow_IRQ_Disable
 288          ********************************************************************************
 289          *
 290          * Summary:
 291          *   Disables the Interrupt.
 292          *
 293          * Parameters:
 294          *   None
 295          *
 296          * Return:
 297          *   None
 298          *
 299          *******************************************************************************/
 300          void VbusLow_IRQ_Disable(void) 
 301          {
C51 COMPILER V9.51   VBUSLOW_IRQ                                                           03/21/2014 14:33:59 PAGE 6   

 302   1          /* Disable the general interrupt. */
 303   1          *VbusLow_IRQ_INTC_CLR_EN = VbusLow_IRQ__INTC_MASK;
 304   1      }
 305          
 306          
 307          /*******************************************************************************
 308          * Function Name: VbusLow_IRQ_SetPending
 309          ********************************************************************************
 310          *
 311          * Summary:
 312          *   Causes the Interrupt to enter the pending state, a software method of
 313          *   generating the interrupt.
 314          *
 315          * Parameters:
 316          *   None
 317          *
 318          * Return:
 319          *   None
 320          *
 321          *******************************************************************************/
 322          void VbusLow_IRQ_SetPending(void) 
 323          {
 324   1          *VbusLow_IRQ_INTC_SET_PD = VbusLow_IRQ__INTC_MASK;
 325   1      }
 326          
 327          
 328          /*******************************************************************************
 329          * Function Name: VbusLow_IRQ_ClearPending
 330          ********************************************************************************
 331          *
 332          * Summary:
 333          *   Clears a pending interrupt.
 334          *
 335          * Parameters:
 336          *   None
 337          *
 338          * Return:
 339          *   None
 340          *
 341          *******************************************************************************/
 342          void VbusLow_IRQ_ClearPending(void) 
 343          {
 344   1          *VbusLow_IRQ_INTC_CLR_PD = VbusLow_IRQ__INTC_MASK;
 345   1      }
 346          
 347          #endif /* End check for removal by optimization */
 348          
 349          
 350          /* [] END OF FILE */
C51 COMPILER V9.51   VBUSLOW_IRQ                                                           03/21/2014 14:33:59 PAGE 7   

ASSEMBLY LISTING OF GENERATED OBJECT CODE


             ; FUNCTION VbusLow_IRQ_Start (BEGIN)
                                           ; SOURCE LINE # 49
                                           ; SOURCE LINE # 50
                                           ; SOURCE LINE # 52
0000 120000      R     LCALL   VbusLow_IRQ_Disable
                                           ; SOURCE LINE # 55
0003 7E00        R     MOV     R6,#HIGH VbusLow_IRQ_Interrupt
0005 7F00        R     MOV     R7,#LOW VbusLow_IRQ_Interrupt
0007 120000      R     LCALL   _VbusLow_IRQ_SetVector
                                           ; SOURCE LINE # 58
000A 7F05              MOV     R7,#05H
000C 120000      R     LCALL   _VbusLow_IRQ_SetPriority
                                           ; SOURCE LINE # 61
000F 120000      R     LCALL   VbusLow_IRQ_Enable
                                           ; SOURCE LINE # 62
0012 22                RET     
             ; FUNCTION VbusLow_IRQ_Start (END)

             ; FUNCTION _VbusLow_IRQ_StartEx (BEGIN)
                                           ; SOURCE LINE # 79
0000 900000      R     MOV     DPTR,#address
0003 EE                MOV     A,R6
0004 F0                MOVX    @DPTR,A
0005 A3                INC     DPTR
0006 EF                MOV     A,R7
0007 F0                MOVX    @DPTR,A
                                           ; SOURCE LINE # 80
                                           ; SOURCE LINE # 82
0008 120000      R     LCALL   VbusLow_IRQ_Disable
                                           ; SOURCE LINE # 85
000B 900000      R     MOV     DPTR,#address
000E E0                MOVX    A,@DPTR
000F FE                MOV     R6,A
0010 A3                INC     DPTR
0011 E0                MOVX    A,@DPTR
0012 FF                MOV     R7,A
0013 120000      R     LCALL   _VbusLow_IRQ_SetVector
                                           ; SOURCE LINE # 88
0016 7F05              MOV     R7,#05H
0018 120000      R     LCALL   _VbusLow_IRQ_SetPriority
                                           ; SOURCE LINE # 91
001B 120000      R     LCALL   VbusLow_IRQ_Enable
                                           ; SOURCE LINE # 92
001E 22                RET     
             ; FUNCTION _VbusLow_IRQ_StartEx (END)

             ; FUNCTION VbusLow_IRQ_Stop (BEGIN)
                                           ; SOURCE LINE # 109
                                           ; SOURCE LINE # 110
                                           ; SOURCE LINE # 112
0000 120000      R     LCALL   VbusLow_IRQ_Disable
                                           ; SOURCE LINE # 113
0003 22                RET     
             ; FUNCTION VbusLow_IRQ_Stop (END)

             ; FUNCTION VbusLow_IRQ_Interrupt (BEGIN)
0000 C0E0              PUSH    ACC
0002 C0F0              PUSH    B
0004 C083              PUSH    DPH
C51 COMPILER V9.51   VBUSLOW_IRQ                                                           03/21/2014 14:33:59 PAGE 8   

0006 C082              PUSH    DPL
0008 C085              PUSH    DPH1
000A C084              PUSH    DPL1
000C C086              PUSH    DPS
000E 758600            MOV     DPS,#00H
0011 C000        E     PUSH    ?C?XPAGE1SFR
0013 750000      E     MOV     ?C?XPAGE1SFR,#?C?XPAGE1RST
0016 C0D0              PUSH    PSW
0018 75D000            MOV     PSW,#00H
001B C000              PUSH    AR0
001D C001              PUSH    AR1
001F C002              PUSH    AR2
0021 C003              PUSH    AR3
0023 C004              PUSH    AR4
0025 C005              PUSH    AR5
0027 C006              PUSH    AR6
0029 C007              PUSH    AR7
                                           ; SOURCE LINE # 132
                                           ; SOURCE LINE # 139
002B 120000      E     LCALL   USBUART_Stop
                                           ; SOURCE LINE # 140
002E 120000      E     LCALL   CySoftwareReset
                                           ; SOURCE LINE # 150
0031 D007              POP     AR7
0033 D006              POP     AR6
0035 D005              POP     AR5
0037 D004              POP     AR4
0039 D003              POP     AR3
003B D002              POP     AR2
003D D001              POP     AR1
003F D000              POP     AR0
0041 D0D0              POP     PSW
0043 D000        E     POP     ?C?XPAGE1SFR
0045 D086              POP     DPS
0047 D084              POP     DPL1
0049 D085              POP     DPH1
004B D082              POP     DPL
004D D083              POP     DPH
004F D0F0              POP     B
0051 D0E0              POP     ACC
0053 32                RETI    
             ; FUNCTION VbusLow_IRQ_Interrupt (END)

             ; FUNCTION _VbusLow_IRQ_SetVector (BEGIN)
                                           ; SOURCE LINE # 169
0000 900000      R     MOV     DPTR,#address
0003 EE                MOV     A,R6
0004 F0                MOVX    @DPTR,A
0005 A3                INC     DPTR
0006 EF                MOV     A,R7
0007 F0                MOVX    @DPTR,A
                                           ; SOURCE LINE # 170
                                           ; SOURCE LINE # 171
0008 7B02              MOV     R3,#02H
000A 7A44              MOV     R2,#044H
000C 7902              MOV     R1,#02H
000E 900000      R     MOV     DPTR,#address
0011 E0                MOVX    A,@DPTR
0012 FE                MOV     R6,A
0013 A3                INC     DPTR
0014 E0                MOVX    A,@DPTR
0015 FF                MOV     R7,A
C51 COMPILER V9.51   VBUSLOW_IRQ                                                           03/21/2014 14:33:59 PAGE 9   

0016 AD07              MOV     R5,AR7
0018 AC06              MOV     R4,AR6
001A 120000      E     LCALL   _cywrite16_nodpx
                                           ; SOURCE LINE # 172
001D 22                RET     
             ; FUNCTION _VbusLow_IRQ_SetVector (END)

             ; FUNCTION VbusLow_IRQ_GetVector (BEGIN)
                                           ; SOURCE LINE # 189
                                           ; SOURCE LINE # 190
                                           ; SOURCE LINE # 191
0000 7B02              MOV     R3,#02H
0002 7A44              MOV     R2,#044H
0004 7902              MOV     R1,#02H
0006 120000      E     LCALL   _cyread16_nodpx
                                           ; SOURCE LINE # 192
0009         ?C0006:
0009 22                RET     
             ; FUNCTION VbusLow_IRQ_GetVector (END)

             ; FUNCTION _VbusLow_IRQ_SetPriority (BEGIN)
                                           ; SOURCE LINE # 213
0000 900000      R     MOV     DPTR,#priority
0003 EF                MOV     A,R7
0004 F0                MOVX    @DPTR,A
                                           ; SOURCE LINE # 214
                                           ; SOURCE LINE # 215
0005 900000      R     MOV     DPTR,#priority
0008 E0                MOVX    A,@DPTR
0009 FF                MOV     R7,A
000A EF                MOV     A,R7
000B C4                SWAP    A
000C 33                RLC     A
000D 54E0              ANL     A,#0E0H
000F FF                MOV     R7,A
0010 904481            MOV     DPTR,#04481H
0013 EF                MOV     A,R7
0014 F0                MOVX    @DPTR,A
                                           ; SOURCE LINE # 216
0015 22                RET     
             ; FUNCTION _VbusLow_IRQ_SetPriority (END)

             ; FUNCTION VbusLow_IRQ_GetPriority (BEGIN)
                                           ; SOURCE LINE # 233
                                           ; SOURCE LINE # 234
                                           ; SOURCE LINE # 238
0000 904481            MOV     DPTR,#04481H
0003 E0                MOVX    A,@DPTR
0004 FF                MOV     R7,A
0005 EF                MOV     A,R7
0006 C4                SWAP    A
0007 13                RRC     A
0008 5407              ANL     A,#07H
000A FF                MOV     R7,A
000B 900000      R     MOV     DPTR,#priority
000E EF                MOV     A,R7
000F F0                MOVX    @DPTR,A
                                           ; SOURCE LINE # 240
0010 900000      R     MOV     DPTR,#priority
0013 E0                MOVX    A,@DPTR
0014 FF                MOV     R7,A
                                           ; SOURCE LINE # 241
C51 COMPILER V9.51   VBUSLOW_IRQ                                                           03/21/2014 14:33:59 PAGE 10  

0015         ?C0008:
0015 22                RET     
             ; FUNCTION VbusLow_IRQ_GetPriority (END)

             ; FUNCTION VbusLow_IRQ_Enable (BEGIN)
                                           ; SOURCE LINE # 258
                                           ; SOURCE LINE # 259
                                           ; SOURCE LINE # 261
0000 9044C0            MOV     DPTR,#044C0H
0003 7402              MOV     A,#02H
0005 F0                MOVX    @DPTR,A
                                           ; SOURCE LINE # 262
0006 22                RET     
             ; FUNCTION VbusLow_IRQ_Enable (END)

             ; FUNCTION VbusLow_IRQ_GetState (BEGIN)
                                           ; SOURCE LINE # 279
                                           ; SOURCE LINE # 280
                                           ; SOURCE LINE # 282
0000 9044C0            MOV     DPTR,#044C0H
0003 E0                MOVX    A,@DPTR
0004 FF                MOV     R7,A
0005 EF                MOV     A,R7
0006 30E104            JNB     ACC.1,?C0010
0009 7F01              MOV     R7,#01H
000B 8002              SJMP    ?C0011
000D         ?C0010:
000D 7F00              MOV     R7,#00H
000F         ?C0011:
                                           ; SOURCE LINE # 283
000F         ?C0012:
000F 22                RET     
             ; FUNCTION VbusLow_IRQ_GetState (END)

             ; FUNCTION VbusLow_IRQ_Disable (BEGIN)
                                           ; SOURCE LINE # 300
                                           ; SOURCE LINE # 301
                                           ; SOURCE LINE # 303
0000 9044C8            MOV     DPTR,#044C8H
0003 7402              MOV     A,#02H
0005 F0                MOVX    @DPTR,A
                                           ; SOURCE LINE # 304
0006 22                RET     
             ; FUNCTION VbusLow_IRQ_Disable (END)

             ; FUNCTION VbusLow_IRQ_SetPending (BEGIN)
                                           ; SOURCE LINE # 322
                                           ; SOURCE LINE # 323
                                           ; SOURCE LINE # 324
0000 9044D0            MOV     DPTR,#044D0H
0003 7402              MOV     A,#02H
0005 F0                MOVX    @DPTR,A
                                           ; SOURCE LINE # 325
0006 22                RET     
             ; FUNCTION VbusLow_IRQ_SetPending (END)

             ; FUNCTION VbusLow_IRQ_ClearPending (BEGIN)
                                           ; SOURCE LINE # 342
                                           ; SOURCE LINE # 343
                                           ; SOURCE LINE # 344
0000 9044D8            MOV     DPTR,#044D8H
0003 7402              MOV     A,#02H
C51 COMPILER V9.51   VBUSLOW_IRQ                                                           03/21/2014 14:33:59 PAGE 11  

0005 F0                MOVX    @DPTR,A
                                           ; SOURCE LINE # 345
0006 22                RET     
             ; FUNCTION VbusLow_IRQ_ClearPending (END)



MODULE INFORMATION:   STATIC OVERLAYABLE
   CODE SIZE        =    266    ----
   CONSTANT SIZE    =   ----    ----
   XDATA SIZE       =   ----       6
   PDATA SIZE       =   ----    ----
   DATA SIZE        =   ----    ----
   IDATA SIZE       =   ----    ----
   BIT SIZE         =   ----    ----
   EDATA SIZE       =   ----    ----
   HDATA SIZE       =   ----    ----
   XDATA CONST SIZE =   ----    ----
   FAR CONST SIZE   =   ----    ----
END OF MODULE INFORMATION.


C51 COMPILATION COMPLETE.  0 WARNING(S),  0 ERROR(S)
