--------------- Rebuild Started: 04/17/2014 22:46:19 Project: Erebus_Sensor, Configuration: DP8051 Keil 9.51 Debug ---------------
Deleting file ".\DP8051\DP8051_Keil_951\Debug\main.obj"
Deleting file ".\DP8051\DP8051_Keil_951\Debug\USB_Access.obj"
Deleting file ".\DP8051\DP8051_Keil_951\Debug\EEPROM_Access.obj"
Deleting file ".\Erebus_Sensor.cycdx"
Deleting file ".\Erebus_Sensor.svd"
Deleting file ".\Erebus_Sensor.rpt"
Deleting file ".\Erebus_Sensor_timing.html"
cydsfit.exe "-.appdatapath" "C:\Users\bryan_000\AppData\Local\Cypress Semiconductor\PSoC Creator\3.0" "-.fdsnotice" "-.fdswarpdepfile=warp_dependencies.txt" "-.fdselabdepfile=elab_dependencies.txt" "-.fdsbldfile=generated_files.txt" "-p" "C:\Users\bryan_000\Documents\GitHub\frack-n-sensor\Code\Bryan yo\Erebus_Sensor.cydsn\Erebus_Sensor.cyprj" "-d" "CY8C3866AXI-040" "-s" "C:\Users\bryan_000\Documents\GitHub\frack-n-sensor\Code\Bryan yo\Erebus_Sensor.cydsn\Generated_Source\PSoC3" "--" "-yv2" "-v3" "-ygs" "-q10" "-o2" "-.fftcfgtype=BE"
Elaborating Design...
HDL Generation ...
Synthesis ...
Place and Route ...
Tech mapping ...
Info: mpr.M0037: Unused pieces of the design have been optimized out. See the Tech mapping section of the report file for details. (App=cydsfit)
Analog Placement ...
Info: apr.M0002: Analog signal "\ADC:Net_690\" is connected to one terminal only. (App=cydsfit)
Analog Routing ...
Analog Code Generation ...
Digital Placement ...
Digital Routing ...
Bitstream Generation ...
Static timing analysis ...
Warning: sta.M0021: Erebus_Sensor_timing.html: Warning-1350: Asynchronous path(s) exist from "timer_clock(fixed-function)" to "timer_clock". See the timing report for details. (File=C:\Users\bryan_000\Documents\GitHub\frack-n-sensor\Code\Bryan yo\Erebus_Sensor.cydsn\Erebus_Sensor_timing.html)
API Generation ...
Dependency Generation ...
Clean Temporary Files ...
c51.exe .\main.c NOIV LARGE MODDP2 OMF2 VB(1) PR(.\DP8051\DP8051_Keil_951\Debug\main.lst) CD DB NOIP "OT(0, Size)" "DF (DEBUG)" "INCDIR(., .\Generated_Source\PSoC3)" OJ(.\DP8051\DP8051_Keil_951\Debug\main.obj)
c51.exe .\USB_Access.c NOIV LARGE MODDP2 OMF2 VB(1) PR(.\DP8051\DP8051_Keil_951\Debug\USB_Access.lst) CD DB NOIP "OT(0, Size)" "DF (DEBUG)" "INCDIR(., .\Generated_Source\PSoC3)" OJ(.\DP8051\DP8051_Keil_951\Debug\USB_Access.obj)
c51.exe .\EEPROM_Access.c NOIV LARGE MODDP2 OMF2 VB(1) PR(.\DP8051\DP8051_Keil_951\Debug\EEPROM_Access.lst) CD DB NOIP "OT(0, Size)" "DF (DEBUG)" "INCDIR(., .\Generated_Source\PSoC3)" OJ(.\DP8051\DP8051_Keil_951\Debug\EEPROM_Access.obj)
c51.exe .\Sample_Handler.c NOIV LARGE MODDP2 OMF2 VB(1) PR(.\DP8051\DP8051_Keil_951\Debug\Sample_Handler.lst) CD DB NOIP "OT(0, Size)" "DF (DEBUG)" "INCDIR(., .\Generated_Source\PSoC3)" OJ(.\DP8051\DP8051_Keil_951\Debug\Sample_Handler.obj)
ERROR: .\Sample_Handler.c:25: 'EE_Sample_Unit': undefined identifier
ERROR: .\Sample_Handler.c:64: 'EE_Sample_Interval': undefined identifier
The command 'c51.exe' failed with exit code '2'.
--------------- Rebuild Failed: 04/17/2014 22:46:42 ---------------
