C51 COMPILER V9.51   USBUART_AUDIO                                                         05/01/2014 22:14:58 PAGE 1   


C51 COMPILER V9.51, COMPILATION OF MODULE USBUART_AUDIO
OBJECT MODULE PLACED IN .\DP8051\DP8051_Keil_951\Debug\USBUART_audio.obj
COMPILER INVOKED BY: C:\Program Files (x86)\Cypress\PSoC Creator\3.0\PSoC Creator\import\keil\pk51\9.51\C51\BIN\c51.exe 
                    -.\Generated_Source\PSoC3\USBUART_audio.c NOIV LARGE MODDP2 OMF2 VB(1) PR(.\DP8051\DP8051_Keil_951\Debug\USBUART_audio.ls
                    -t) CD DB NOIP OT(0,SIZE) DF(DEBUG) INCDIR(.,.\Generated_Source\PSoC3) OJ(.\DP8051\DP8051_Keil_951\Debug\USBUART_audio.ob
                    -j)

line level    source

   1          /*******************************************************************************
   2          * File Name: USBUART_audio.c
   3          * Version 2.60
   4          *
   5          * Description:
   6          *  USB AUDIO Class request handler.
   7          *
   8          * Note:
   9          *
  10          ********************************************************************************
  11          * Copyright 2008-2013, Cypress Semiconductor Corporation.  All rights reserved.
  12          * You may use this file only in accordance with the license, terms, conditions,
  13          * disclaimers, and limitations in the end user license agreement accompanying
  14          * the software package with which this file was provided.
  15          *******************************************************************************/
  16          
  17          #include "USBUART.h"
  18          
  19          #if defined(USBUART_ENABLE_AUDIO_CLASS)
              
              #include "USBUART_audio.h"
              #include "USBUART_pvt.h"
              #if defined(USBUART_ENABLE_MIDI_STREAMING) 
                  #include "USBUART_midi.h"
              #endif /* End USBUART_ENABLE_MIDI_STREAMING*/
              
              
              /***************************************
              * Custom Declarations
              ***************************************/
              
              /* `#START CUSTOM_DECLARATIONS` Place your declaration here */
              
              /* `#END` */
              
              
              #if !defined(USER_SUPPLIED_AUDIO_HANDLER)
              
              
              /***************************************
              *    AUDIO Variables
              ***************************************/
              
              #if defined(USBUART_ENABLE_AUDIO_STREAMING)
                  volatile uint8 USBUART_currentSampleFrequency[USBUART_MAX_EP][USBUART_SAMPLE_FREQ_LEN];
                  volatile uint8 USBUART_frequencyChanged;
                  volatile uint8 USBUART_currentMute;
                  volatile uint8 USBUART_currentVolume[USBUART_VOLUME_LEN];
                  volatile uint8 USBUART_minimumVolume[USBUART_VOLUME_LEN] = {USBUART_VOL_MIN_LSB,
                                                                                                USBUART_VOL_MIN_MSB};
                  volatile uint8 USBUART_maximumVolume[USBUART_VOLUME_LEN] = {USBUART_VOL_MAX_LSB,
                                                                                                USBUART_VOL_MAX_MSB};
C51 COMPILER V9.51   USBUART_AUDIO                                                         05/01/2014 22:14:58 PAGE 2   

                  volatile uint8 USBUART_resolutionVolume[USBUART_VOLUME_LEN] = {USBUART_VOL_RES_LSB,
                                                                                                   USBUART_VOL_RES_MSB};
              #endif /* End USBUART_ENABLE_AUDIO_STREAMING */
              
              
              /*******************************************************************************
              * Function Name: USBUART_DispatchAUDIOClassRqst
              ********************************************************************************
              *
              * Summary:
              *  This routine dispatches class requests
              *
              * Parameters:
              *  None.
              *
              * Return:
              *  requestHandled
              *
              * Global variables:
              *   USBUART_currentSampleFrequency: Contains the current audio Sample
              *       Frequency. It is set by the Host using SET_CUR request to the endpoint.
              *   USBUART_frequencyChanged: This variable is used as a flag for the
              *       user code, to be aware that Host has been sent request for changing
              *       Sample Frequency. Sample frequency will be sent on the next OUT
              *       transaction. It is contains endpoint address when set. The following
              *       code is recommended for detecting new Sample Frequency in main code:
              *       if((USBUART_frequencyChanged != 0) &&
              *       (USBUART_transferState == USBUART_TRANS_STATE_IDLE))
              *       {
              *          USBUART_frequencyChanged = 0;
              *       }
              *       USBUART_transferState variable is checked to be sure that
              *             transfer completes.
              *   USBUART_currentMute: Contains mute configuration set by Host.
              *   USBUART_currentVolume: Contains volume level set by Host.
              *
              * Reentrant:
              *  No.
              *
              *******************************************************************************/
              uint8 USBUART_DispatchAUDIOClassRqst(void) 
              {
                  uint8 requestHandled = USBUART_FALSE;
              
                  #if defined(USBUART_ENABLE_AUDIO_STREAMING)
                      uint8 epNumber;
                      epNumber = CY_GET_REG8(USBUART_wIndexLo) & USBUART_DIR_UNUSED;
                  #endif /* End USBUART_ENABLE_AUDIO_STREAMING */
              
                  if ((CY_GET_REG8(USBUART_bmRequestType) & USBUART_RQST_DIR_MASK) == USBUART_RQST_DIR_D2H)
                  {
                      /* Control Read */
                      if((CY_GET_REG8(USBUART_bmRequestType) & USBUART_RQST_RCPT_MASK) == \
                                                                                                  USBUART_RQST_RCPT_EP)
                      {
                          /* Endpoint */
                          switch (CY_GET_REG8(USBUART_bRequest))
                          {
                              case USBUART_GET_CUR:
                              #if defined(USBUART_ENABLE_AUDIO_STREAMING)
                                  if(CY_GET_REG8(USBUART_wValueHi) == USBUART_SAMPLING_FREQ_CONTROL)
                                  {
C51 COMPILER V9.51   USBUART_AUDIO                                                         05/01/2014 22:14:58 PAGE 3   

                                       /* Endpoint Control Selector is Sampling Frequency */
                                      USBUART_currentTD.wCount = USBUART_SAMPLE_FREQ_LEN;
                                      USBUART_currentTD.pData  = USBUART_currentSampleFrequency[epNumber];
                                      requestHandled   = USBUART_InitControlRead();
                                  }
                              #endif /* End USBUART_ENABLE_AUDIO_STREAMING */
              
                              /* `#START AUDIO_READ_REQUESTS` Place other request handler here */
              
                              /* `#END` */
                                  break;
                              default:
                                  break;
                          }
                      }
                      else if((CY_GET_REG8(USBUART_bmRequestType) & USBUART_RQST_RCPT_MASK) == \
                                                                                                  USBUART_RQST_RCPT_IFC)
                      {
                          /* Interface or Entity ID */
                          switch (CY_GET_REG8(USBUART_bRequest))
                          {
                              case USBUART_GET_CUR:
                              #if defined(USBUART_ENABLE_AUDIO_STREAMING)
                                  if(CY_GET_REG8(USBUART_wValueHi) == USBUART_MUTE_CONTROL)
                                  {
                                      /* `#START MUTE_CONTROL_GET_REQUEST` Place multi-channel handler here */
              
                                      /* `#END` */
                                      
                                       /* Entity ID Control Selector is MUTE */
                                      USBUART_currentTD.wCount = 1u;
                                      USBUART_currentTD.pData  = &USBUART_currentMute;
                                      requestHandled   = USBUART_InitControlRead();
                                  }
                                  else if(CY_GET_REG8(USBUART_wValueHi) == USBUART_VOLUME_CONTROL)
                                  {
                                      /* `#START VOLUME_CONTROL_GET_REQUEST` Place multi-channel handler here */
              
                                      /* `#END` */
              
                                      /* Entity ID Control Selector is VOLUME, */
                                      USBUART_currentTD.wCount = USBUART_VOLUME_LEN;
                                      USBUART_currentTD.pData  = USBUART_currentVolume;
                                      requestHandled   = USBUART_InitControlRead();
                                  }
                                  else
                                  {
                                      /* `#START OTHER_GET_CUR_REQUESTS` Place other request handler here */
              
                                      /* `#END` */
                                  }
                                  break;
                              case USBUART_GET_MIN:    /* GET_MIN */
                                  if(CY_GET_REG8(USBUART_wValueHi) == USBUART_VOLUME_CONTROL)
                                  {
                                      /* Entity ID Control Selector is VOLUME, */
                                      USBUART_currentTD.wCount = USBUART_VOLUME_LEN;
                                      USBUART_currentTD.pData  = &USBUART_minimumVolume[0];
                                      requestHandled   = USBUART_InitControlRead();
                                  }
                                  break;
                              case USBUART_GET_MAX:    /* GET_MAX */
C51 COMPILER V9.51   USBUART_AUDIO                                                         05/01/2014 22:14:58 PAGE 4   

                                  if(CY_GET_REG8(USBUART_wValueHi) == USBUART_VOLUME_CONTROL)
                                  {
                                      /* Entity ID Control Selector is VOLUME, */
                                      USBUART_currentTD.wCount = USBUART_VOLUME_LEN;
                                      USBUART_currentTD.pData  = &USBUART_maximumVolume[0];
                                      requestHandled   = USBUART_InitControlRead();
                                  }
                                  break;
                              case USBUART_GET_RES:    /* GET_RES */
                                  if(CY_GET_REG8(USBUART_wValueHi) == USBUART_VOLUME_CONTROL)
                                  {
                                       /* Entity ID Control Selector is VOLUME, */
                                      USBUART_currentTD.wCount = USBUART_VOLUME_LEN;
                                      USBUART_currentTD.pData  = &USBUART_resolutionVolume[0];
                                      requestHandled   = USBUART_InitControlRead();
                                  }
                                  break;
                              /* The contents of the status message is reserved for future use.
                              *  For the time being, a null packet should be returned in the data stage of the
                              *  control transfer, and the received null packet should be ACKed.
                              */
                              case USBUART_GET_STAT:
                                      USBUART_currentTD.wCount = 0u;
                                      requestHandled   = USBUART_InitControlWrite();
              
                              #endif /* End USBUART_ENABLE_AUDIO_STREAMING */
              
                              /* `#START AUDIO_WRITE_REQUESTS` Place other request handler here */
              
                              /* `#END` */
                                  break;
                              default:
                                  break;
                          }
                      }
                      else
                      {   /* USBUART_RQST_RCPT_OTHER */
                      }
                  }
                  else if ((CY_GET_REG8(USBUART_bmRequestType) & USBUART_RQST_DIR_MASK) == \
                                                                                                  USBUART_RQST_DIR_H2D)
                  {
                      /* Control Write */
                      if((CY_GET_REG8(USBUART_bmRequestType) & USBUART_RQST_RCPT_MASK) == \
                                                                                                  USBUART_RQST_RCPT_EP)
                      {
                          /* Endpoint */
                          switch (CY_GET_REG8(USBUART_bRequest))
                          {
                              case USBUART_SET_CUR:
                              #if defined(USBUART_ENABLE_AUDIO_STREAMING)
                                  if(CY_GET_REG8(USBUART_wValueHi) == USBUART_SAMPLING_FREQ_CONTROL)
                                  {
                                       /* Endpoint Control Selector is Sampling Frequency */
                                      USBUART_currentTD.wCount = USBUART_SAMPLE_FREQ_LEN;
                                      USBUART_currentTD.pData  = USBUART_currentSampleFrequency[epNumber];
                                      requestHandled   = USBUART_InitControlWrite();
                                      USBUART_frequencyChanged = epNumber;
                                  }
                              #endif /* End USBUART_ENABLE_AUDIO_STREAMING */
              
                              /* `#START AUDIO_SAMPLING_FREQ_REQUESTS` Place other request handler here */
C51 COMPILER V9.51   USBUART_AUDIO                                                         05/01/2014 22:14:58 PAGE 5   

              
                              /* `#END` */
                                  break;
                              default:
                                  break;
                          }
                      }
                      else if((CY_GET_REG8(USBUART_bmRequestType) & USBUART_RQST_RCPT_MASK) == \
                                                                                                  USBUART_RQST_RCPT_IFC)
                      {
                          /* Interface or Entity ID */
                          switch (CY_GET_REG8(USBUART_bRequest))
                          {
                              case USBUART_SET_CUR:
                              #if defined(USBUART_ENABLE_AUDIO_STREAMING)
                                  if(CY_GET_REG8(USBUART_wValueHi) == USBUART_MUTE_CONTROL)
                                  {
                                      /* `#START MUTE_SET_REQUEST` Place multi-channel handler here */
              
                                      /* `#END` */
              
                                      /* Entity ID Control Selector is MUTE */
                                      USBUART_currentTD.wCount = 1u;
                                      USBUART_currentTD.pData  = &USBUART_currentMute;
                                      requestHandled   = USBUART_InitControlWrite();
                                  }
                                  else if(CY_GET_REG8(USBUART_wValueHi) == USBUART_VOLUME_CONTROL)
                                  {
                                      /* `#START VOLUME_CONTROL_SET_REQUEST` Place multi-channel handler here */
              
                                      /* `#END` */
              
                                      /* Entity ID Control Selector is VOLUME */
                                      USBUART_currentTD.wCount = USBUART_VOLUME_LEN;
                                      USBUART_currentTD.pData  = USBUART_currentVolume;
                                      requestHandled   = USBUART_InitControlWrite();
                                  }
                                  else
                                  {
                                      /* `#START OTHER_SET_CUR_REQUESTS` Place other request handler here */
              
                                      /* `#END` */
                                  }
                              #endif /* End USBUART_ENABLE_AUDIO_STREAMING */
              
                              /* `#START AUDIO_CONTROL_SEL_REQUESTS` Place other request handler here */
              
                              /* `#END` */
                                  break;
                              default:
                                  break;
                          }
                      }
                      else
                      {   /* USBUART_RQST_RCPT_OTHER */
                      }
                  }
                  else
                  {   /* requestHandled is initialized as FALSE by default */
                  }
              
                  return(requestHandled);
C51 COMPILER V9.51   USBUART_AUDIO                                                         05/01/2014 22:14:58 PAGE 6   

              }
              
              
              #endif /* USER_SUPPLIED_AUDIO_HANDLER */
              
              
              /*******************************************************************************
              * Additional user functions supporting AUDIO Requests
              ********************************************************************************/
              
              /* `#START AUDIO_FUNCTIONS` Place any additional functions here */
              
              /* `#END` */
              
              #endif  /* End USBUART_ENABLE_AUDIO_CLASS*/
 316          
 317          
 318          /* [] END OF FILE */
C51 COMPILER V9.51   USBUART_AUDIO                                                         05/01/2014 22:14:58 PAGE 7   

ASSEMBLY LISTING OF GENERATED OBJECT CODE




MODULE INFORMATION:   STATIC OVERLAYABLE
   CODE SIZE        =   ----    ----
   CONSTANT SIZE    =   ----    ----
   XDATA SIZE       =   ----    ----
   PDATA SIZE       =   ----    ----
   DATA SIZE        =   ----    ----
   IDATA SIZE       =   ----    ----
   BIT SIZE         =   ----    ----
   EDATA SIZE       =   ----    ----
   HDATA SIZE       =   ----    ----
   XDATA CONST SIZE =   ----    ----
   FAR CONST SIZE   =   ----    ----
END OF MODULE INFORMATION.


C51 COMPILATION COMPLETE.  0 WARNING(S),  0 ERROR(S)
