C51 COMPILER V9.51   INTERFACE                                                             04/25/2014 21:40:48 PAGE 1   


C51 COMPILER V9.51, COMPILATION OF MODULE INTERFACE
OBJECT MODULE PLACED IN .\DP8051\DP8051_Keil_951\Debug\Interface.obj
COMPILER INVOKED BY: C:\Program Files (x86)\Cypress\PSoC Creator\3.0\PSoC Creator\import\keil\pk51\9.51\C51\BIN\c51.exe 
                    -.\Interface.c NOIV LARGE MODDP2 OMF2 VB(1) PR(.\DP8051\DP8051_Keil_951\Debug\Interface.lst) CD DB NOIP OT(0,SIZE) DF(DEB
                    -UG) INCDIR(.,.\Generated_Source\PSoC3) OJ(.\DP8051\DP8051_Keil_951\Debug\Interface.obj)

line level    source

   1          /* ========================================
   2           *
   3           * Copyright YOUR COMPANY, THE YEAR
   4           * All Rights Reserved
   5           * UNPUBLISHED, LICENSED SOFTWARE.
   6           *
   7           * CONFIDENTIAL AND PROPRIETARY INFORMATION
   8           * WHICH IS THE PROPERTY OF your company.
   9           *
  10           * ========================================
  11          */
  12          
  13          #include "Interface.h"
  14          
  15          void Hibernate_ISR(){
  16   1          
  17   1          return;   
  18   1      }
  19          
  20          void StartCollection_ISR(){
  21   1          
  22   1          struct header_package header;
  23   1          uint8 header_size = sizeof(struct header_package);
  24   1          
  25   1          /* Store Header */
  26   1          header.start_block = STARTBLOCK;
  27   1          header.sample_sensor = get_variable(EE_SENSOR);
  28   1          header.sample_unit = get_variable(EE_SAMPLE_UNIT);
  29   1          header.sample_interval = get_variable(EE_SAMPLE_INTERVAL);
  30   1          header.second = RTC_ReadSecond();
  31   1          header.minute = RTC_ReadMinute();
  32   1          header.hour = RTC_ReadHour();
  33   1          header.day = RTC_ReadDayOfMonth();
  34   1          header.month = RTC_ReadMonth();
  35   1          header.year = RTC_ReadYear();
  36   1          header.pad = 0x0;
  37   1      
  38   1          Em_EEPROM_Write((uint8*) (&header), TailPtr, header_size);
  39   1          TailPtr = TailPtr + header_size;
  40   1          
  41   1          TakeSample_IRQ_Start();
  42   1          
  43   1          return;   
  44   1      }
  45          
  46          void StopCollection_ISR(){
  47   1          
  48   1          TakeSample_IRQ_Stop();
  49   1          
  50   1          return;   
  51   1      }
  52          
  53          /* [] END OF FILE */
C51 COMPILER V9.51   INTERFACE                                                             04/25/2014 21:40:48 PAGE 2   

ASSEMBLY LISTING OF GENERATED OBJECT CODE


             ; FUNCTION Hibernate_ISR (BEGIN)
                                           ; SOURCE LINE # 15
                                           ; SOURCE LINE # 18
0000         ?C0001:
0000 22                RET     
             ; FUNCTION Hibernate_ISR (END)

             ; FUNCTION StartCollection_ISR (BEGIN)
                                           ; SOURCE LINE # 20
                                           ; SOURCE LINE # 23
0000 900000      R     MOV     DPTR,#header_size
0003 7410              MOV     A,#010H
0005 F0                MOVX    @DPTR,A
                                           ; SOURCE LINE # 26
0006 900000      R     MOV     DPTR,#header
0009 7440              MOV     A,#040H
000B F0                MOVX    @DPTR,A
000C A3                INC     DPTR
000D E4                CLR     A
000E F0                MOVX    @DPTR,A
                                           ; SOURCE LINE # 27
000F 7F04              MOV     R7,#04H
0011 7E00              MOV     R6,#00H
0013 120000      E     LCALL   _get_variable
0016 900000      R     MOV     DPTR,#header+02H
0019 EE                MOV     A,R6
001A F0                MOVX    @DPTR,A
001B A3                INC     DPTR
001C EF                MOV     A,R7
001D F0                MOVX    @DPTR,A
                                           ; SOURCE LINE # 28
001E 7F00              MOV     R7,#00H
0020 7E00              MOV     R6,#00H
0022 120000      E     LCALL   _get_variable
0025 900000      R     MOV     DPTR,#header+04H
0028 EE                MOV     A,R6
0029 F0                MOVX    @DPTR,A
002A A3                INC     DPTR
002B EF                MOV     A,R7
002C F0                MOVX    @DPTR,A
                                           ; SOURCE LINE # 29
002D 7F02              MOV     R7,#02H
002F 7E00              MOV     R6,#00H
0031 120000      E     LCALL   _get_variable
0034 900000      R     MOV     DPTR,#header+06H
0037 EE                MOV     A,R6
0038 F0                MOVX    @DPTR,A
0039 A3                INC     DPTR
003A EF                MOV     A,R7
003B F0                MOVX    @DPTR,A
                                           ; SOURCE LINE # 30
003C 120000      E     LCALL   RTC_ReadSecond
003F 900000      R     MOV     DPTR,#header+0AH
0042 EF                MOV     A,R7
0043 F0                MOVX    @DPTR,A
                                           ; SOURCE LINE # 31
0044 120000      E     LCALL   RTC_ReadMinute
0047 900000      R     MOV     DPTR,#header+0BH
004A EF                MOV     A,R7
C51 COMPILER V9.51   INTERFACE                                                             04/25/2014 21:40:48 PAGE 3   

004B F0                MOVX    @DPTR,A
                                           ; SOURCE LINE # 32
004C 120000      E     LCALL   RTC_ReadHour
004F 900000      R     MOV     DPTR,#header+0CH
0052 EF                MOV     A,R7
0053 F0                MOVX    @DPTR,A
                                           ; SOURCE LINE # 33
0054 120000      E     LCALL   RTC_ReadDayOfMonth
0057 900000      R     MOV     DPTR,#header+0DH
005A EF                MOV     A,R7
005B F0                MOVX    @DPTR,A
                                           ; SOURCE LINE # 34
005C 120000      E     LCALL   RTC_ReadMonth
005F 900000      R     MOV     DPTR,#header+0EH
0062 EF                MOV     A,R7
0063 F0                MOVX    @DPTR,A
                                           ; SOURCE LINE # 35
0064 120000      E     LCALL   RTC_ReadYear
0067 900000      R     MOV     DPTR,#header+08H
006A EE                MOV     A,R6
006B F0                MOVX    @DPTR,A
006C A3                INC     DPTR
006D EF                MOV     A,R7
006E F0                MOVX    @DPTR,A
                                           ; SOURCE LINE # 36
006F 900000      R     MOV     DPTR,#header+0FH
0072 E4                CLR     A
0073 F0                MOVX    @DPTR,A
                                           ; SOURCE LINE # 38
0074 7B01              MOV     R3,#01H
0076 7A00        R     MOV     R2,#HIGH header
0078 7900        R     MOV     R1,#LOW header
007A C003              PUSH    AR3
007C C002              PUSH    AR2
007E C001              PUSH    AR1
0080 900000      E     MOV     DPTR,#TailPtr
0083 120000      E     LCALL   ?C?PLDXDATA
0086 900000      E     MOV     DPTR,#?_Em_EEPROM_Write?BYTE+03H
0089 120000      E     LCALL   ?C?PSTXDATA
008C 900000      R     MOV     DPTR,#header_size
008F E0                MOVX    A,@DPTR
0090 FF                MOV     R7,A
0091 7E00              MOV     R6,#00H
0093 900000      E     MOV     DPTR,#?_Em_EEPROM_Write?BYTE+06H
0096 EE                MOV     A,R6
0097 F0                MOVX    @DPTR,A
0098 A3                INC     DPTR
0099 EF                MOV     A,R7
009A F0                MOVX    @DPTR,A
009B D001              POP     AR1
009D D002              POP     AR2
009F D003              POP     AR3
00A1 120000      E     LCALL   _Em_EEPROM_Write
                                           ; SOURCE LINE # 39
00A4 900000      R     MOV     DPTR,#header_size
00A7 E0                MOVX    A,@DPTR
00A8 FF                MOV     R7,A
00A9 7E00              MOV     R6,#00H
00AB 900000      E     MOV     DPTR,#TailPtr+01H
00AE EE                MOV     A,R6
00AF 8FF0              MOV     B,R7
00B1 120000      E     LCALL   ?C?IILDX
C51 COMPILER V9.51   INTERFACE                                                             04/25/2014 21:40:48 PAGE 4   

                                           ; SOURCE LINE # 41
00B4 120000      E     LCALL   TakeSample_IRQ_Start
                                           ; SOURCE LINE # 44
00B7         ?C0002:
00B7 22                RET     
             ; FUNCTION StartCollection_ISR (END)

             ; FUNCTION StopCollection_ISR (BEGIN)
                                           ; SOURCE LINE # 46
                                           ; SOURCE LINE # 48
0000 120000      E     LCALL   TakeSample_IRQ_Stop
                                           ; SOURCE LINE # 51
0003         ?C0003:
0003 22                RET     
             ; FUNCTION StopCollection_ISR (END)



MODULE INFORMATION:   STATIC OVERLAYABLE
   CODE SIZE        =    189    ----
   CONSTANT SIZE    =   ----    ----
   XDATA SIZE       =     17    ----
   PDATA SIZE       =   ----    ----
   DATA SIZE        =   ----    ----
   IDATA SIZE       =   ----    ----
   BIT SIZE         =   ----    ----
   EDATA SIZE       =   ----    ----
   HDATA SIZE       =   ----    ----
   XDATA CONST SIZE =   ----    ----
   FAR CONST SIZE   =   ----    ----
END OF MODULE INFORMATION.


C51 COMPILATION COMPLETE.  0 WARNING(S),  0 ERROR(S)
