C51 COMPILER V9.51   MAIN                                                                  03/14/2014 15:40:25 PAGE 1   


C51 COMPILER V9.51, COMPILATION OF MODULE MAIN
OBJECT MODULE PLACED IN .\DP8051\DP8051_Keil_951\Debug\main.obj
COMPILER INVOKED BY: C:\Program Files (x86)\Cypress\PSoC Creator\3.0\PSoC Creator\import\keil\pk51\9.51\C51\BIN\c51.exe 
                    -.\main.c NOIV LARGE MODDP2 OMF2 VB(1) PR(.\DP8051\DP8051_Keil_951\Debug\main.lst) CD DB NOIP OT(2,SIZE) DF(DEBUG) INCDIR
                    -(.,.\Generated_Source\PSoC3) OJ(.\DP8051\DP8051_Keil_951\Debug\main.obj)

line level    source

   1          /* ========================================
   2           *
   3           * Copyright YOUR COMPANY, THE YEAR
   4           * All Rights Reserved
   5           * UNPUBLISHED, LICENSED SOFTWARE.
   6           *
   7           * CONFIDENTIAL AND PROPRIETARY INFORMATION
   8           * WHICH IS THE PROPERTY OF your company.
   9           *
  10           * ========================================
  11          */
  12          #include <project.h>
  13          
  14          int main()
  15          {
  16   1          /* Place your initialization/startup code here (e.g. MyInst_Start()) */
  17   1      
  18   1          /* CyGlobalIntEnable; */ /* Uncomment this line to enable global interrupts. */
  19   1          for(;;)
  20   1          {
  21   2              /* Place your application code here. */
  22   2          }
  23   1      }
  24          
  25          /* [] END OF FILE */
C51 COMPILER V9.51   MAIN                                                                  03/14/2014 15:40:25 PAGE 2   

ASSEMBLY LISTING OF GENERATED OBJECT CODE


             ; FUNCTION main (BEGIN)
                                           ; SOURCE LINE # 14
                                           ; SOURCE LINE # 15
                                           ; SOURCE LINE # 19
0000         ?C0001:
                                           ; SOURCE LINE # 20
                                           ; SOURCE LINE # 22
0000 80FE              SJMP    ?C0001
0002 22                RET     
             ; FUNCTION main (END)



MODULE INFORMATION:   STATIC OVERLAYABLE
   CODE SIZE        =      3    ----
   CONSTANT SIZE    =   ----    ----
   XDATA SIZE       =   ----    ----
   PDATA SIZE       =   ----    ----
   DATA SIZE        =   ----    ----
   IDATA SIZE       =   ----    ----
   BIT SIZE         =   ----    ----
   EDATA SIZE       =   ----    ----
   HDATA SIZE       =   ----    ----
   XDATA CONST SIZE =   ----    ----
   FAR CONST SIZE   =   ----    ----
END OF MODULE INFORMATION.


C51 COMPILATION COMPLETE.  0 WARNING(S),  0 ERROR(S)
