--------------- Clean Started: 06/01/2014 21:13:30 Project: Erebus_Sensor, Configuration: DP8051 Keil 9.51 Debug ---------------
Deleting file ".\DP8051\DP8051_Keil_951\Debug\main.obj"
Deleting file ".\DP8051\DP8051_Keil_951\Debug\USB_handler.obj"
Deleting file ".\DP8051\DP8051_Keil_951\Debug\utility.obj"
Deleting file ".\DP8051\DP8051_Keil_951\Debug\LED_handler.obj"
Deleting file ".\DP8051\DP8051_Keil_951\Debug\sample_handler.obj"
Deleting file ".\DP8051\DP8051_Keil_951\Debug\cyfitter_cfg.obj"
Deleting file ".\DP8051\DP8051_Keil_951\Debug\CyBootAsmKeil.obj"
Deleting file ".\DP8051\DP8051_Keil_951\Debug\CyDmac.obj"
Deleting file ".\DP8051\DP8051_Keil_951\Debug\CyFlash.obj"
Deleting file ".\DP8051\DP8051_Keil_951\Debug\CyLib.obj"
Deleting file ".\DP8051\DP8051_Keil_951\Debug\cymem.obj"
Deleting file ".\DP8051\DP8051_Keil_951\Debug\cyPm.obj"
Deleting file ".\DP8051\DP8051_Keil_951\Debug\CySpc.obj"
Deleting file ".\DP8051\DP8051_Keil_951\Debug\cyutils.obj"
Deleting file ".\DP8051\DP8051_Keil_951\Debug\KeilStart.obj"
Deleting file ".\DP8051\DP8051_Keil_951\Debug\Vbus.obj"
Deleting file ".\DP8051\DP8051_Keil_951\Debug\Vbus_IRQ.obj"
Deleting file ".\DP8051\DP8051_Keil_951\Debug\USBUART.obj"
Deleting file ".\DP8051\DP8051_Keil_951\Debug\USBUART_audio.obj"
Deleting file ".\DP8051\DP8051_Keil_951\Debug\USBUART_boot.obj"
Deleting file ".\DP8051\DP8051_Keil_951\Debug\USBUART_cdc.obj"
Deleting file ".\DP8051\DP8051_Keil_951\Debug\USBUART_cls.obj"
Deleting file ".\DP8051\DP8051_Keil_951\Debug\USBUART_descr.obj"
Deleting file ".\DP8051\DP8051_Keil_951\Debug\USBUART_drv.obj"
Deleting file ".\DP8051\DP8051_Keil_951\Debug\USBUART_episr.obj"
Deleting file ".\DP8051\DP8051_Keil_951\Debug\USBUART_hid.obj"
Deleting file ".\DP8051\DP8051_Keil_951\Debug\USBUART_pm.obj"
Deleting file ".\DP8051\DP8051_Keil_951\Debug\USBUART_std.obj"
Deleting file ".\DP8051\DP8051_Keil_951\Debug\USBUART_vnd.obj"
Deleting file ".\DP8051\DP8051_Keil_951\Debug\USBUART_midi.obj"
Deleting file ".\DP8051\DP8051_Keil_951\Debug\USBUART_Dm.obj"
Deleting file ".\DP8051\DP8051_Keil_951\Debug\USBUART_Dp.obj"
Deleting file ".\DP8051\DP8051_Keil_951\Debug\Em_EEPROM.obj"
Deleting file ".\DP8051\DP8051_Keil_951\Debug\ADC.obj"
Deleting file ".\DP8051\DP8051_Keil_951\Debug\ADC_PM.obj"
Deleting file ".\DP8051\DP8051_Keil_951\Debug\ADC_INT.obj"
Deleting file ".\DP8051\DP8051_Keil_951\Debug\ADC_AMux.obj"
Deleting file ".\DP8051\DP8051_Keil_951\Debug\ADC_Ext_CP_Clk.obj"
Deleting file ".\DP8051\DP8051_Keil_951\Debug\ADC_IRQ.obj"
Deleting file ".\DP8051\DP8051_Keil_951\Debug\ADC_theACLK.obj"
Deleting file ".\DP8051\DP8051_Keil_951\Debug\RTC.obj"
Deleting file ".\DP8051\DP8051_Keil_951\Debug\RTC_INT.obj"
Deleting file ".\DP8051\DP8051_Keil_951\Debug\Sensor_In.obj"
Deleting file ".\DP8051\DP8051_Keil_951\Debug\RGB_LED.obj"
Deleting file ".\DP8051\DP8051_Keil_951\Debug\LED_PWM.obj"
Deleting file ".\DP8051\DP8051_Keil_951\Debug\LED_PWM_PM.obj"
Deleting file ".\DP8051\DP8051_Keil_951\Debug\PWM0_CTRL.obj"
Deleting file ".\DP8051\DP8051_Keil_951\Debug\PWM1_CTRL.obj"
Deleting file ".\DP8051\DP8051_Keil_951\Debug\SOLID_LED_CTRL.obj"
Deleting file ".\DP8051\DP8051_Keil_951\Debug\Batt_Monitor.obj"
Deleting file ".\DP8051\DP8051_Keil_951\Debug\ADC_MUX.obj"
Deleting file ".\DP8051\DP8051_Keil_951\Debug\Re_EEPROM.obj"
Deleting file ".\DP8051\DP8051_Keil_951\Debug\ModifyCollection_B.obj"
Deleting file ".\DP8051\DP8051_Keil_951\Debug\ModifyCollection_IRQ.obj"
Deleting file ".\DP8051\DP8051_Keil_951\Debug\Erebus_Sensor.hex"
Deleting file ".\DP8051\DP8051_Keil_951\Debug\Erebus_Sensor.elf"
Deleting file ".\DP8051\DP8051_Keil_951\Debug\Erebus_Sensor.map"
Deleting file ".\Erebus_Sensor.cycdx"
Deleting file ".\Erebus_Sensor.svd"
Deleting file ".\Erebus_Sensor.rpt"
Deleting file ".\Erebus_Sensor_timing.html"
Deleting file ".\DP8051\DP8051_Keil_951\Debug\.deps\C_FILE.P"
Deleting file ".\DP8051\DP8051_Keil_951\Debug\.deps\DP8051_C_FILE.P"
Deleting file ".\DP8051\DP8051_Keil_951\Debug\.deps\KEIL_8051_ASM_FILE.P"
--------------- Clean Succeeded: 06/01/2014 21:13:38 ---------------
