C51 COMPILER V9.51   LED_HANDLER                                                           05/30/2014 22:06:02 PAGE 1   


C51 COMPILER V9.51, COMPILATION OF MODULE LED_HANDLER
OBJECT MODULE PLACED IN .\DP8051\DP8051_Keil_951\Debug\LED_handler.obj
COMPILER INVOKED BY: C:\Program Files (x86)\Cypress\PSoC Creator\3.0\PSoC Creator\import\keil\pk51\9.51\C51\BIN\c51.exe 
                    -.\LED_handler.c NOIV LARGE MODDP2 OMF2 VB(1) PR(.\DP8051\DP8051_Keil_951\Debug\LED_handler.lst) CD DB NOIP OT(0,SIZE) DF
                    -(DEBUG) INCDIR(.,.\Generated_Source\PSoC3) OJ(.\DP8051\DP8051_Keil_951\Debug\LED_handler.obj)

line level    source

   1          /* ========================================
   2           *
   3           * (c) Erebus Labs Ltd. 2014
   4           *
   5           * Project: Erebus Labs Sensor
   6           * File:    LED_handler.c
   7           *
   8           * Manages LED output
   9           *
  10           * ========================================
  11          */
  12          
  13          #include "LED_handler.h"
  14          
  15          void LED_on(uint8 color){
  16   1      /* 
  17   1       * Activates the RGB Led in the designated color. If one of the PWM colors is desired,
  18   1       * the PWM controller must be woken up prior to calling this function.
  19   1      */
  20   1          
  21   1          SOLID_LED_CTRL_Write(OFF);
  22   1          
  23   1          switch (color){   
  24   2          
  25   2              case RED:
  26   2              case GREEN:
  27   2              case BLUE:
  28   2                  SOLID_LED_CTRL_Write(color);
  29   2                  break;
  30   2                  
  31   2              case MAGENTA:
  32   2                  PWM0_CTRL_Write(PWM_BLUE);
  33   2                  PWM1_CTRL_Write(PWM_RED);
  34   2                  break;
  35   2                      
  36   2              case YELLOW:
  37   2                  PWM0_CTRL_Write(PWM_GREEN);
  38   2                  PWM1_CTRL_Write(PWM_RED);
  39   2                  break;
  40   2              
  41   2              case CYAN:
  42   2                  PWM0_CTRL_Write(PWM_GREEN);
  43   2                  PWM1_CTRL_Write(PWM_BLUE);
  44   2                  break;          
  45   2                  
  46   2          }
  47   1          return;
  48   1      }
  49          
  50          void LED_off(){
  51   1      /* 
  52   1       * Turns off the RGB LED. This funciton does not put the PWM controller back to sleep.
  53   1      */
C51 COMPILER V9.51   LED_HANDLER                                                           05/30/2014 22:06:02 PAGE 2   

  54   1          
  55   1          SOLID_LED_CTRL_Write(OFF);
  56   1          PWM0_CTRL_Write(OFF);
  57   1          PWM1_CTRL_Write(OFF); 
  58   1          
  59   1          return;
  60   1      }
  61          
  62          /* [] END OF FILE */
C51 COMPILER V9.51   LED_HANDLER                                                           05/30/2014 22:06:02 PAGE 3   

ASSEMBLY LISTING OF GENERATED OBJECT CODE


             ; FUNCTION _LED_on (BEGIN)
                                           ; SOURCE LINE # 15
0000 900000      R     MOV     DPTR,#color
0003 EF                MOV     A,R7
0004 F0                MOVX    @DPTR,A
                                           ; SOURCE LINE # 21
0005 7F00              MOV     R7,#00H
0007 120000      E     LCALL   _SOLID_LED_CTRL_Write
                                           ; SOURCE LINE # 23
000A 900000      R     MOV     DPTR,#color
000D E0                MOVX    A,@DPTR
000E FF                MOV     R7,A
000F EF                MOV     A,R7
0010 120000      E     LCALL   ?C?CCASE
0013 0000        R     DW      ?C0004
0015 01                DB      01H
0016 0000        R     DW      ?C0004
0018 02                DB      02H
0019 0000        R     DW      ?C0005
001B 03                DB      03H
001C 0000        R     DW      ?C0004
001E 04                DB      04H
001F 0000        R     DW      ?C0006
0021 05                DB      05H
0022 0000        R     DW      ?C0007
0024 06                DB      06H
0025 0000              DW      00H
0027 0000        R     DW      ?C0008
                                           ; SOURCE LINE # 25
0029         ?C0002:
                                           ; SOURCE LINE # 26
0029         ?C0003:
                                           ; SOURCE LINE # 27
0029         ?C0004:
                                           ; SOURCE LINE # 28
0029 900000      R     MOV     DPTR,#color
002C E0                MOVX    A,@DPTR
002D FF                MOV     R7,A
002E 120000      E     LCALL   _SOLID_LED_CTRL_Write
                                           ; SOURCE LINE # 29
0031 22                RET     
                                           ; SOURCE LINE # 31
0032         ?C0005:
                                           ; SOURCE LINE # 32
0032 7F03              MOV     R7,#03H
0034 120000      E     LCALL   _PWM0_CTRL_Write
                                           ; SOURCE LINE # 33
0037 7F02              MOV     R7,#02H
0039 120000      E     LCALL   _PWM1_CTRL_Write
                                           ; SOURCE LINE # 34
003C 22                RET     
                                           ; SOURCE LINE # 36
003D         ?C0006:
                                           ; SOURCE LINE # 37
003D 7F01              MOV     R7,#01H
003F 120000      E     LCALL   _PWM0_CTRL_Write
                                           ; SOURCE LINE # 38
0042 7F02              MOV     R7,#02H
0044 120000      E     LCALL   _PWM1_CTRL_Write
C51 COMPILER V9.51   LED_HANDLER                                                           05/30/2014 22:06:02 PAGE 4   

                                           ; SOURCE LINE # 39
0047 22                RET     
                                           ; SOURCE LINE # 41
0048         ?C0007:
                                           ; SOURCE LINE # 42
0048 7F01              MOV     R7,#01H
004A 120000      E     LCALL   _PWM0_CTRL_Write
                                           ; SOURCE LINE # 43
004D 7F03              MOV     R7,#03H
004F 120000      E     LCALL   _PWM1_CTRL_Write
                                           ; SOURCE LINE # 44
                                           ; SOURCE LINE # 46
0052         ?C0001:
                                           ; SOURCE LINE # 48
0052         ?C0008:
0052 22                RET     
             ; FUNCTION _LED_on (END)

             ; FUNCTION LED_off (BEGIN)
                                           ; SOURCE LINE # 50
                                           ; SOURCE LINE # 55
0000 7F00              MOV     R7,#00H
0002 120000      E     LCALL   _SOLID_LED_CTRL_Write
                                           ; SOURCE LINE # 56
0005 7F00              MOV     R7,#00H
0007 120000      E     LCALL   _PWM0_CTRL_Write
                                           ; SOURCE LINE # 57
000A 7F00              MOV     R7,#00H
000C 120000      E     LCALL   _PWM1_CTRL_Write
                                           ; SOURCE LINE # 60
000F         ?C0009:
000F 22                RET     
             ; FUNCTION LED_off (END)



MODULE INFORMATION:   STATIC OVERLAYABLE
   CODE SIZE        =     99    ----
   CONSTANT SIZE    =   ----    ----
   XDATA SIZE       =      1    ----
   PDATA SIZE       =   ----    ----
   DATA SIZE        =   ----    ----
   IDATA SIZE       =   ----    ----
   BIT SIZE         =   ----    ----
   EDATA SIZE       =   ----    ----
   HDATA SIZE       =   ----    ----
   XDATA CONST SIZE =   ----    ----
   FAR CONST SIZE   =   ----    ----
END OF MODULE INFORMATION.


C51 COMPILATION COMPLETE.  0 WARNING(S),  0 ERROR(S)
