#***************************************************************************

#sjplacer

#Version:            1.1

#Build Date:         Mar 26 2013 14:54:34

#File Generated:     Apr 17 2014 22:46:33

#Purpose:            

#Copyright (C) 2010-2011 by Softjin Technologies Pvt Ltd. All rights reserved.

#***************************************************************************

Executing : C:\Program Files (x86)\Cypress\PSoC Creator\3.0\PSoC Creator\bin/sjplacer.exe --proj-name Erebus_Sensor --netlist-vh2 Erebus_Sensor_p.vh2 --arch-file C:\Program Files (x86)\Cypress\PSoC Creator\3.0\PSoC Creator\dev/psoc3/placer.ark --rrg-file C:\Program Files (x86)\Cypress\PSoC Creator\3.0\PSoC Creator\dev/psoc3/route_arch-rrg.cydata --irq-file C:\Program Files (x86)\Cypress\PSoC Creator\3.0\PSoC Creator\dev/psoc3/irqconn.cydata --drq-file C:\Program Files (x86)\Cypress\PSoC Creator\3.0\PSoC Creator\dev/psoc3/dmaconn.cydata --dsi-conn-file C:\Program Files (x86)\Cypress\PSoC Creator\3.0\PSoC Creator\dev/psoc3/dsiconn.cydata --pins-file PSoC3_Leopard_100-TQFP.xml --lib-file Erebus_Sensor_p.lib --sdc-file Erebus_Sensor.sdc --io-pcf Erebus_Sensor.pci --outdir .

		Softjin Techologies Placer, Version 1.1

Build Date : Jul 22 2013	11:20:09

D2004: Option and Settings Summary
=============================================================
Netlist vh2 file          - Erebus_Sensor_p.vh2
Architecture file         - C:\Program Files (x86)\Cypress\PSoC Creator\3.0\PSoC Creator\dev/psoc3/placer.ark
Package                   - 
Defparam file             - 
SDC file                  - Erebus_Sensor.sdc
Output directory          - .
Timing library            - Erebus_Sensor_p.lib
IO Placement file         - Erebus_Sensor.pci

D2050: Starting reading inputs for placer
=============================================================
D2065: Reading netlist file : "Erebus_Sensor_p.vh2"
D2065: Reading arch file : "C:\Program Files (x86)\Cypress\PSoC Creator\3.0\PSoC Creator\dev/psoc3/placer.ark"
D2051: Reading of inputs for placer completed successfully

D2053: Starting placement of the design
=============================================================

Phase 2
Phase 3

Design Statistics after Packing
    Number of Combinational MCs 	:	1
    Number of Sequential MCs    	:	4
    Number of DPs               	:	0
    Number of Controls          	:	0
    Number of Status            	:	0
    Number of SyncCells         	:	1
    Number of count7cells       	:	0

Device Utilization Summary after Packing
    Macrocells                  :	5/192
    UDBS                        :	1/24
    IOs                         :	7/72


D2088: Phase 3, elapsed time : 0.0 (sec)

Phase 4
D2088: Phase 4, elapsed time : 0.0 (sec)

Phase 5
D2088: Phase 5, elapsed time : 0.0 (sec)

Phase 6

######################################################################
Placement Timing Summary

The timing summary is based on estimated routing delays after
placement. For final timing report, please carry out the timing
analysis after routing.
======================================================================

######################################################################
                     Clock Summary 
======================================================================
Number of clocks: 14
Clock: ADC_Ext_CP_Clk       | Frequency: N/A       | Target:  64.0 MHz
Clock: ADC_Ext_CP_Clk(routed) | Frequency: N/A       | Target:  64.0 MHz
Clock: ADC_theACLK          | Frequency: N/A       | Target:   0.1 MHz
Clock: ADC_theACLK(fixed-function) | Frequency: N/A       | Target:   0.1 MHz
Clock: CyBUS_CLK            | Frequency: 138.2 MHz | Target:  64.0 MHz
Clock: CyILO                | Frequency: N/A       | Target:   0.1 MHz
Clock: CyIMO                | Frequency: N/A       | Target:  24.0 MHz
Clock: CyMASTER_CLK         | Frequency: N/A       | Target:  64.0 MHz
Clock: CyPLL_OUT            | Frequency: N/A       | Target:  64.0 MHz
Clock: CyXTAL_32kHz         | Frequency: N/A       | Target:   0.0 MHz
Clock: \ADC:DSM\/dec_clock  | Frequency: N/A       | Target:   0.1 MHz
Clock: debounce_clock       | Frequency: 138.2 MHz | Target:   0.0 MHz
Clock: timer_clock          | Frequency: N/A       | Target:   0.0 MHz
Clock: timer_clock(fixed-function) | Frequency: N/A       | Target:   0.0 MHz

======================================================================
                     End of Clock Summary
######################################################################

D2088: Phase 6, elapsed time : 0.0 (sec)

Phase 7
######################################################################
                     Clock Summary 
======================================================================
Number of clocks: 14
Clock: ADC_Ext_CP_Clk       | Frequency: N/A       | Target:  64.0 MHz
Clock: ADC_Ext_CP_Clk(routed) | Frequency: N/A       | Target:  64.0 MHz
Clock: ADC_theACLK          | Frequency: N/A       | Target:   0.1 MHz
Clock: ADC_theACLK(fixed-function) | Frequency: N/A       | Target:   0.1 MHz
Clock: CyBUS_CLK            | Frequency:  44.2 MHz | Target:  64.0 MHz
Clock: CyILO                | Frequency: N/A       | Target:   0.1 MHz
Clock: CyIMO                | Frequency: N/A       | Target:  24.0 MHz
Clock: CyMASTER_CLK         | Frequency: N/A       | Target:  64.0 MHz
Clock: CyPLL_OUT            | Frequency: N/A       | Target:  64.0 MHz
Clock: CyXTAL_32kHz         | Frequency: N/A       | Target:   0.0 MHz
Clock: \ADC:DSM\/dec_clock  | Frequency: N/A       | Target:   0.1 MHz
Clock: debounce_clock       | Frequency:  44.2 MHz | Target:   0.0 MHz
Clock: timer_clock          | Frequency: N/A       | Target:   0.0 MHz
Clock: timer_clock(fixed-function) | Frequency: N/A       | Target:   0.0 MHz

======================================================================
                     End of Clock Summary
######################################################################
D2088: Phase 7, elapsed time : 0.0 (sec)

Final Design Statistics
    Number of Combinational MCs 	:	1
    Number of Sequential MCs    	:	4
    Number of DPs               	:	0
    Number of Controls          	:	0
    Number of Status            	:	0
    Number of SyncCells         	:	1
    Number of count7cells       	:	0
    Number of IOs       	:	7

Device Utilization Summary
    Macrocells                  :	5/192
    IOs                         :	7/72



######################################################################
Placement Timing Summary

The timing summary is based on estimated routing delays after
placement. For final timing report, please carry out the timing
analysis after routing.
======================================================================


######################################################################
                     Clock Summary 
======================================================================
Number of clocks: 14
Clock: ADC_Ext_CP_Clk       | Frequency: N/A       | Target:  64.0 MHz
Clock: ADC_Ext_CP_Clk(routed) | Frequency: N/A       | Target:  64.0 MHz
Clock: ADC_theACLK          | Frequency: N/A       | Target:   0.1 MHz
Clock: ADC_theACLK(fixed-function) | Frequency: N/A       | Target:   0.1 MHz
Clock: CyBUS_CLK            | Frequency:  44.2 MHz | Target:  64.0 MHz
Clock: CyILO                | Frequency: N/A       | Target:   0.1 MHz
Clock: CyIMO                | Frequency: N/A       | Target:  24.0 MHz
Clock: CyMASTER_CLK         | Frequency: N/A       | Target:  64.0 MHz
Clock: CyPLL_OUT            | Frequency: N/A       | Target:  64.0 MHz
Clock: CyXTAL_32kHz         | Frequency: N/A       | Target:   0.0 MHz
Clock: \ADC:DSM\/dec_clock  | Frequency: N/A       | Target:   0.1 MHz
Clock: debounce_clock       | Frequency:  44.2 MHz | Target:   0.0 MHz
Clock: timer_clock          | Frequency: N/A       | Target:   0.0 MHz
Clock: timer_clock(fixed-function) | Frequency: N/A       | Target:   0.0 MHz

======================================================================
                     End of Clock Summary
######################################################################

Phase 8
D2088: Phase 8, elapsed time : 0.0 (sec)

D2054: Placement of the design completed successfully

I2076: Total run-time: 0.8 sec.

