--------------- Build Started: 04/10/2014 00:12:49 Project: Erebus_Sensor, Configuration: DP8051 Keil 9.51 Debug ---------------
cydsfit.exe "-.appdatapath" "C:\Users\Win7_VM\AppData\Local\Cypress Semiconductor\PSoC Creator\3.0" "-.fdsnotice" "-.fdswarpdepfile=warp_dependencies.txt" "-.fdselabdepfile=elab_dependencies.txt" "-.fdsbldfile=generated_files.txt" "-p" "C:\Users\Win7_VM\Documents\PSoC Creator\Erebus_Sensor\Erebus_Sensor.cydsn\Erebus_Sensor.cyprj" "-d" "CY8C3866AXI-040" "-s" "C:\Users\Win7_VM\Documents\PSoC Creator\Erebus_Sensor\Erebus_Sensor.cydsn\Generated_Source\PSoC3" "--" "-yv2" "-v3" "-ygs" "-q10" "-o2" "-.fftcfgtype=BE"
Elaborating Design...
HDL Generation ...
Synthesis ...
Place and Route ...
Tech mapping ...
Info: mpr.M0037: Unused pieces of the design have been optimized out. See the Tech mapping section of the report file for details. (App=cydsfit)
Analog Placement ...
Info: apr.M0002: Analog signal "\ADC:Net_690\" is connected to one terminal only. (App=cydsfit)
Analog Routing ...
Analog Code Generation ...
Digital Placement ...
Digital Routing ...
Bitstream Generation ...
Static timing analysis ...
Warning: sta.M0021: Erebus_Sensor_timing.html: Warning-1350: Asynchronous path(s) exist from "timer_clock(fixed-function)" to "timer_clock". See the timing report for details. (File=C:\Users\Win7_VM\Documents\PSoC Creator\Erebus_Sensor\Erebus_Sensor.cydsn\Erebus_Sensor_timing.html)
API Generation ...
Dependency Generation ...
Clean Temporary Files ...
c51.exe .\main.c NOIV LARGE MODDP2 OMF2 VB(1) PR(.\DP8051\DP8051_Keil_951\Debug\main.lst) CD DB NOIP "OT(0, Size)" "DF (DEBUG)" "INCDIR(., .\Generated_Source\PSoC3)" OJ(.\DP8051\DP8051_Keil_951\Debug\main.obj)
c51.exe .\USB_Access.c NOIV LARGE MODDP2 OMF2 VB(1) PR(.\DP8051\DP8051_Keil_951\Debug\USB_Access.lst) CD DB NOIP "OT(0, Size)" "DF (DEBUG)" "INCDIR(., .\Generated_Source\PSoC3)" OJ(.\DP8051\DP8051_Keil_951\Debug\USB_Access.obj)
c51.exe .\EEPROM_Access.c NOIV LARGE MODDP2 OMF2 VB(1) PR(.\DP8051\DP8051_Keil_951\Debug\EEPROM_Access.lst) CD DB NOIP "OT(0, Size)" "DF (DEBUG)" "INCDIR(., .\Generated_Source\PSoC3)" OJ(.\DP8051\DP8051_Keil_951\Debug\EEPROM_Access.obj)
c51.exe .\Utility.c NOIV LARGE MODDP2 OMF2 VB(1) PR(.\DP8051\DP8051_Keil_951\Debug\Utility.lst) CD DB NOIP "OT(0, Size)" "DF (DEBUG)" "INCDIR(., .\Generated_Source\PSoC3)" OJ(.\DP8051\DP8051_Keil_951\Debug\Utility.obj)
c51.exe .\Generated_Source\PSoC3\Vbus_IRQ.c NOIV LARGE MODDP2 OMF2 VB(1) PR(.\DP8051\DP8051_Keil_951\Debug\Vbus_IRQ.lst) CD DB NOIP "OT(0, Size)" "DF (DEBUG)" "INCDIR(., .\Generated_Source\PSoC3)" OJ(.\DP8051\DP8051_Keil_951\Debug\Vbus_IRQ.obj)
c51.exe .\Generated_Source\PSoC3\USBUART_pm.c NOIV LARGE MODDP2 OMF2 VB(1) PR(.\DP8051\DP8051_Keil_951\Debug\USBUART_pm.lst) CD DB NOIP "OT(0, Size)" "DF (DEBUG)" "INCDIR(., .\Generated_Source\PSoC3)" OJ(.\DP8051\DP8051_Keil_951\Debug\USBUART_pm.obj)
c51.exe .\Generated_Source\PSoC3\TakeSample_IRQ.c NOIV LARGE MODDP2 OMF2 VB(1) PR(.\DP8051\DP8051_Keil_951\Debug\TakeSample_IRQ.lst) CD DB NOIP "OT(0, Size)" "DF (DEBUG)" "INCDIR(., .\Generated_Source\PSoC3)" OJ(.\DP8051\DP8051_Keil_951\Debug\TakeSample_IRQ.obj)
WARNING: .\Generated_Source\PSoC3\TakeSample_IRQ.c:152: pointer to different objects
c51.exe .\Generated_Source\PSoC3\EEPROM_Blink_Timer.c NOIV LARGE MODDP2 OMF2 VB(1) PR(.\DP8051\DP8051_Keil_951\Debug\EEPROM_Blink_Timer.lst) CD DB NOIP "OT(0, Size)" "DF (DEBUG)" "INCDIR(., .\Generated_Source\PSoC3)" OJ(.\DP8051\DP8051_Keil_951\Debug\EEPROM_Blink_Timer.obj)
c51.exe .\Generated_Source\PSoC3\EEPROM_Blink_Timer_PM.c NOIV LARGE MODDP2 OMF2 VB(1) PR(.\DP8051\DP8051_Keil_951\Debug\EEPROM_Blink_Timer_PM.lst) CD DB NOIP "OT(0, Size)" "DF (DEBUG)" "INCDIR(., .\Generated_Source\PSoC3)" OJ(.\DP8051\DP8051_Keil_951\Debug\EEPROM_Blink_Timer_PM.obj)
LIBX51.exe TRANSFER '.\DP8051\DP8051_Keil_951\Debug\cyfitter_cfg.obj', '.\DP8051\DP8051_Keil_951\Debug\CyBootAsmKeil.obj', '.\DP8051\DP8051_Keil_951\Debug\CyDmac.obj', '.\DP8051\DP8051_Keil_951\Debug\CyFlash.obj', '.\DP8051\DP8051_Keil_951\Debug\CyLib.obj', '.\DP8051\DP8051_Keil_951\Debug\cymem.obj', '.\DP8051\DP8051_Keil_951\Debug\cyPm.obj', '.\DP8051\DP8051_Keil_951\Debug\CySpc.obj', '.\DP8051\DP8051_Keil_951\Debug\cyutils.obj', '.\DP8051\DP8051_Keil_951\Debug\KeilStart.obj', '.\DP8051\DP8051_Keil_951\Debug\timer_clock.obj', '.\DP8051\DP8051_Keil_951\Debug\Vbus.obj', '.\DP8051\DP8051_Keil_951\Debug\Vbus_IRQ.obj', '.\DP8051\DP8051_Keil_951\Debug\USBUART.obj', '.\DP8051\DP8051_Keil_951\Debug\USBUART_audio.obj', '.\DP8051\DP8051_Keil_951\Debug\USBUART_boot.obj', '.\DP8051\DP8051_Keil_951\Debug\USBUART_cdc.obj', '.\DP8051\DP8051_Keil_951\Debug\USBUART_cls.obj', '.\DP8051\DP8051_Keil_951\Debug\USBUART_descr.obj', '.\DP8051\DP8051_Keil_951\Debug\USBUART_drv.obj', '.\DP8051\DP8051_Keil_951\Debug\USBUART_episr.obj', '.\DP8051\DP8051_Keil_951\Debug\USBUART_hid.obj', '.\DP8051\DP8051_Keil_951\Debug\USBUART_pm.obj', '.\DP8051\DP8051_Keil_951\Debug\USBUART_std.obj', '.\DP8051\DP8051_Keil_951\Debug\USBUART_vnd.obj', '.\DP8051\DP8051_Keil_951\Debug\USBUART_midi.obj', '.\DP8051\DP8051_Keil_951\Debug\USBUART_Dm.obj', '.\DP8051\DP8051_Keil_951\Debug\USBUART_Dp.obj', '.\DP8051\DP8051_Keil_951\Debug\EEPROM_R.obj', '.\DP8051\DP8051_Keil_951\Debug\debounce_clock.obj', '.\DP8051\DP8051_Keil_951\Debug\USB_LED.obj', '.\DP8051\DP8051_Keil_951\Debug\EEPROM_LED.obj', '.\DP8051\DP8051_Keil_951\Debug\Em_EEPROM.obj', '.\DP8051\DP8051_Keil_951\Debug\ADC.obj', '.\DP8051\DP8051_Keil_951\Debug\ADC_PM.obj', '.\DP8051\DP8051_Keil_951\Debug\ADC_INT.obj', '.\DP8051\DP8051_Keil_951\Debug\TakeSample_IRQ.obj', '.\DP8051\DP8051_Keil_951\Debug\ADC_AMux.obj', '.\DP8051\DP8051_Keil_951\Debug\ADC_Ext_CP_Clk.obj', '.\DP8051\DP8051_Keil_951\Debug\ADC_IRQ.obj', '.\DP8051\DP8051_Keil_951\Debug\ADC_theACLK.obj', '.\DP8051\DP8051_Keil_951\Debug\Sensor_VIn.obj', '.\DP8051\DP8051_Keil_951\Debug\EEPROM_Blink_Timer.obj', '.\DP8051\DP8051_Keil_951\Debug\EEPROM_Blink_Timer_PM.obj', '.\DP8051\DP8051_Keil_951\Debug\Sample.obj' TO '.\DP8051\DP8051_Keil_951\Debug\Erebus_Sensor.lib'
LX51.exe '.\DP8051\DP8051_Keil_951\Debug\main.obj', '.\DP8051\DP8051_Keil_951\Debug\USB_Access.obj', '.\DP8051\DP8051_Keil_951\Debug\EEPROM_Access.obj', '.\DP8051\DP8051_Keil_951\Debug\Utility.obj', '.\DP8051\DP8051_Keil_951\Debug\Erebus_Sensor.lib', 'C:\Program Files (x86)\Cypress\PSoC Creator\3.0\PSoC Creator\psoc\content\cycomponentlibrary\CyComponentLibrary.cylib\DP8051\DP8051_Keil_951\Debug\CyComponentLibrary.lib'  TO '.\DP8051\DP8051_Keil_951\Debug\Erebus_Sensor.omf' PR(.\DP8051\DP8051_Keil_951\Debug\Erebus_Sensor.map) IX CODE DW(16) RU CL(XDATA(X:0x0000-X:0x1FFF)) CL(CODE(C:0x0000-C:0xFFFF)) CL(CONST(C:0x0000-C:0xFFFF))
Program Size: data=14.0 xdata=1600 const=1366 code=21757
OHx51.exe Erebus_Sensor.omf HEXFILE(Erebus_Sensor.ihx)
c8051-elf-omf2elf.exe Erebus_Sensor.omf Erebus_Sensor.elf
cyhextool -o .\DP8051\DP8051_Keil_951\Debug\Erebus_Sensor.hex -f .\DP8051\DP8051_Keil_951\Debug\Erebus_Sensor.ihx -prot .\Generated_Source\PSoC3\protect.hex -id 1E028069 -a EEPROM=90200000:800,PROGRAM=00000000:10000,CONFIG=80000000:2000,PROTECT=90400000:40 -meta 0301 -cunv 00004005 -wonv BC90ACAF -ecc .\Generated_Source\PSoC3\config.hex
Flash used: 23123 of 65536 bytes (35.3 %).
SRAM used: 1600 of 8192 bytes (19.5 %).
--------------- Build Succeeded: 04/10/2014 00:13:11 ---------------
